#
# A fatal error has been detected by the Java Runtime Environment:
#
#  SIGSEGV (0xb) at pc=0x00007f4e07aa369b, pid=10812, tid=0x00007f4e5ccdb700
#
# JRE version: Java(TM) SE Runtime Environment (8.0_221-b11) (build 1.8.0_221-b11)
# Java VM: Java HotSpot(TM) 64-Bit Server VM (25.221-b11 mixed mode linux-amd64 compressed oops)
# Problematic frame:
# C  [libtesseract.so+0x25969b]  ERRCODE::error(char const*, TessErrorLogCode, char const*, ...) const+0x16b
#
# Failed to write core dump. Core dumps have been disabled. To enable core dumping, try "ulimit -c unlimited" before starting Java again
#
# If you would like to submit a bug report, please visit:
#   http://bugreport.java.com/bugreport/crash.jsp
# The crash happened outside the Java Virtual Machine in native code.
# See problematic frame for where to report the bug.
#

---------------  T H R E A D  ---------------

Current thread (0x00007f4e5400e000):  JavaThread "main" [_thread_in_native, id=10814, stack(0x00007f4e5cbdc000,0x00007f4e5ccdc000)]

siginfo: si_signo: 11 (SIGSEGV), si_code: 1 (SEGV_MAPERR), si_addr: 0x0000000000000000

Registers:
RAX=0x0000000000000055, RBX=0x00007f4e5ccd8a07, RCX=0x0000000000000000, RDX=0x00007f4e5c4958b0
RSP=0x00007f4e5ccd89b0, RBP=0x00007f4e5ccd89d0, RSI=0x0000000000000055, RDI=0x00007f4e5ccd61e0
R8 =0x0000000000000055, R9 =0x0000000000000055, R10=0x00000000ffffffab, R11=0x0000000000000000
R12=0x0000000000000002, R13=0x00007f4e07ab34a1, R14=0x00007f4e07fef6e0, R15=0x00007f4e5ccd8f20
RIP=0x00007f4e07aa369b, EFLAGS=0x0000000000010246, CSGSFS=0x002b000000000033, ERR=0x0000000000000004
  TRAPNO=0x000000000000000e

Top of Stack: (sp=0x00007f4e5ccd89b0)
0x00007f4e5ccd89b0:   00007f4e5ccd8f60 0000003000000030
0x00007f4e5ccd89c0:   00007f4e5ccd8ec0 00007f4e5ccd8de0
0x00007f4e5ccd89d0:   65206c6174614622 636e6520726f7272
0x00007f4e5ccd89e0:   64657265746e756f 554e203d3d202221
0x00007f4e5ccd89f0:   726f7272453a4c4c 207472657373413a
0x00007f4e5ccd8a00:   693a64656c696166 6720656c6966206e
0x00007f4e5ccd8a10:   2e636f6c61626f6c 6e696c202c707063
0x00007f4e5ccd8a20:   0000000a35372065 00007f4e5ccd8cc0
0x00007f4e5ccd8a30:   00007f4e5ccd8ce0 00007f4e07aaf828
0x00007f4e5ccd8a40:   00007f4e5ccd91f0 00007f4e54ffe3f8
0x00007f4e5ccd8a50:   0000000000000001 00007f4e07aaf938
0x00007f4e5ccd8a60:   00007f4e5ccd8f3c 00007f4e55001b20
0x00007f4e5ccd8a70:   00007f4e5ccd8f80 0000000000000003
0x00007f4e5ccd8a80:   0000000000000003 0000000000000002
0x00007f4e5ccd8a90:   00007f4e5ccd8ce0 00007f4e552b35e8
0x00007f4e5ccd8aa0:   3300000000000001 ec12cd14ace91900
0x00007f4e5ccd8ab0:   00007f4e5ccd8ad3 00007f4e5ccd8ed0
0x00007f4e5ccd8ac0:   00007f4e5ccd8ad0 0000000000000400
0x00007f4e5ccd8ad0:   00007f4e00003737 0000000000000001
0x00007f4e5ccd8ae0:   0000000000000022 00007f4e5c1da169
0x00007f4e5ccd8af0:   32000000fbad8001 ec12cd14ace91900
0x00007f4e5ccd8b00:   00007f4e5ccd8b40 00007f4e5ccd8b40
0x00007f4e5ccd8b10:   00007f4e5ccd8dd0 00007f4e07ad5b7e
0x00007f4e5ccd8b20:   00007f4e5ccd8cc0 0000000000000001
0x00007f4e5ccd8b30:   0000000000000022 00007f4e5c1da169
0x00007f4e5ccd8b40:   00000000fbad8001 00007f4e5ccd8dd0
0x00007f4e5ccd8b50:   00007f4e5ccd8dd0 00007f4e5ccd8dd0
0x00007f4e5ccd8b60:   00007f4e5ccd8dd0 ec12cd14ace91900
0x00007f4e5ccd8b70:   00007f4e5ccd8bb0 00007f4e5ccd8bb0
0x00007f4e5ccd8b80:   00007f4e5ccd8ce0 00007f4e546d5958
0x00007f4e5ccd8b90:   0000000000000000 00007f4e546d5956
0x00007f4e5ccd8ba0:   00007f4e07ad2058 00007f4e5c12979d 

Instructions: (pc=0x00007f4e07aa369b)
0x00007f4e07aa367b:   be 01 00 00 00 48 8b 38 31 c0 e8 66 4b e2 ff 41
0x00007f4e07aa368b:   83 fc ff 7c 18 45 85 e4 7e 2f 41 83 fc 02 7f 0d
0x00007f4e07aa369b:   8b 04 25 00 00 00 00 0f 0b 0f 1f 40 00 48 8d 35
0x00007f4e07aa36ab:   b2 05 03 00 48 8d 3d 22 c0 50 00 31 c9 ba 02 00 

Register to memory mapping:

RAX=0x0000000000000055 is an unknown value
RBX=0x00007f4e5ccd8a07 is pointing into the stack for thread: 0x00007f4e5400e000
RCX=0x0000000000000000 is an unknown value
RDX=0x00007f4e5c4958b0: <offset 0x3ed8b0> in /lib/x86_64-linux-gnu/libc.so.6 at 0x00007f4e5c0a8000
RSP=0x00007f4e5ccd89b0 is pointing into the stack for thread: 0x00007f4e5400e000
RBP=0x00007f4e5ccd89d0 is pointing into the stack for thread: 0x00007f4e5400e000
RSI=0x0000000000000055 is an unknown value
RDI=0x00007f4e5ccd61e0 is pointing into the stack for thread: 0x00007f4e5400e000
R8 =0x0000000000000055 is an unknown value
R9 =0x0000000000000055 is an unknown value
R10=0x00000000ffffffab is an unallocated location in the heap
R11=0x0000000000000000 is an unknown value
R12=0x0000000000000002 is an unknown value
R13=0x00007f4e07ab34a1: <offset 0x2694a1> in /usr/lib/x86_64-linux-gnu/libtesseract.so at 0x00007f4e0784a000
R14=0x00007f4e07fef6e0: <offset 0x7a56e0> in /usr/lib/x86_64-linux-gnu/libtesseract.so at 0x00007f4e0784a000
R15=0x00007f4e5ccd8f20 is pointing into the stack for thread: 0x00007f4e5400e000


Stack: [0x00007f4e5cbdc000,0x00007f4e5ccdc000],  sp=0x00007f4e5ccd89b0,  free space=1010k
Native frames: (J=compiled Java code, j=interpreted, Vv=VM code, C=native code)
C  [libtesseract.so+0x25969b]  ERRCODE::error(char const*, TessErrorLogCode, char const*, ...) const+0x16b
C  0x636e6520726f7272

Java frames: (J=compiled Java code, j=interpreted, Vv=VM code)
j  com.sun.jna.Native.invokeInt(JI[Ljava/lang/Object;)I+0
j  com.sun.jna.Function.invoke([Ljava/lang/Object;Ljava/lang/Class;Z)Ljava/lang/Object;+225
j  com.sun.jna.Function.invoke(Ljava/lang/Class;[Ljava/lang/Object;Ljava/util/Map;)Ljava/lang/Object;+262
j  com.sun.jna.Library$Handler.invoke(Ljava/lang/Object;Ljava/lang/reflect/Method;[Ljava/lang/Object;)Ljava/lang/Object;+316
j  com.sun.proxy.$Proxy0.TessBaseAPIInit1(Lnet/sourceforge/tess4j/ITessAPI$TessBaseAPI;Ljava/lang/String;Ljava/lang/String;ILcom/sun/jna/ptr/PointerByReference;I)I+46
j  net.sourceforge.tess4j.Tesseract.init()V+87
j  net.sourceforge.tess4j.Tesseract.doOCR(Ljava/util/List;Ljava/lang/String;Ljava/awt/Rectangle;)Ljava/lang/String;+1
j  net.sourceforge.tess4j.Tesseract.doOCR(Ljava/util/List;Ljava/awt/Rectangle;)Ljava/lang/String;+4
j  net.sourceforge.tess4j.Tesseract.doOCR(Ljava/awt/image/BufferedImage;Ljava/awt/Rectangle;)Ljava/lang/String;+6
j  net.sourceforge.tess4j.Tesseract.doOCR(Ljava/awt/image/BufferedImage;)Ljava/lang/String;+3
j  br.com.cesupa.main.Main.main([Ljava/lang/String;)V+62
v  ~StubRoutines::call_stub

---------------  P R O C E S S  ---------------

Java Threads: ( => current thread )
  0x00007f4e5462c000 JavaThread "Java2D Disposer" daemon [_thread_blocked, id=10835, stack(0x00007f4e2908e000,0x00007f4e2918f000)]
  0x00007f4e540c5000 JavaThread "Service Thread" daemon [_thread_blocked, id=10833, stack(0x00007f4e2b02b000,0x00007f4e2b12c000)]
  0x00007f4e540c1800 JavaThread "C1 CompilerThread2" daemon [_thread_blocked, id=10832, stack(0x00007f4e2b12d000,0x00007f4e2b22d000)]
  0x00007f4e540c0000 JavaThread "C2 CompilerThread1" daemon [_thread_blocked, id=10831, stack(0x00007f4e2b22e000,0x00007f4e2b32e000)]
  0x00007f4e540bd000 JavaThread "C2 CompilerThread0" daemon [_thread_blocked, id=10830, stack(0x00007f4e2b32f000,0x00007f4e2b42f000)]
  0x00007f4e540bb800 JavaThread "Signal Dispatcher" daemon [_thread_blocked, id=10829, stack(0x00007f4e2b42f000,0x00007f4e2b530000)]
  0x00007f4e5408a800 JavaThread "Finalizer" daemon [_thread_blocked, id=10828, stack(0x00007f4e2beff000,0x00007f4e2c000000)]
  0x00007f4e54086000 JavaThread "Reference Handler" daemon [_thread_blocked, id=10827, stack(0x00007f4e4009c000,0x00007f4e4019d000)]
=>0x00007f4e5400e000 JavaThread "main" [_thread_in_native, id=10814, stack(0x00007f4e5cbdc000,0x00007f4e5ccdc000)]

Other Threads:
  0x00007f4e5407c800 VMThread [stack: 0x00007f4e4019e000,0x00007f4e4029e000] [id=10826]
  0x00007f4e540c7800 WatcherThread [stack: 0x00007f4e2af2b000,0x00007f4e2b02b000] [id=10834]

VM state:not at safepoint (normal execution)

VM Mutex/Monitor currently owned by a thread: None

heap address: 0x0000000084c00000, size: 1972 MB, Compressed Oops mode: 32-bit
Narrow klass base: 0x0000000000000000, Narrow klass shift: 3
Compressed class space size: 1073741824 Address: 0x0000000100000000

Heap:
 PSYoungGen      total 68608K, used 10370K [0x00000000d6f00000, 0x00000000df500000, 0x0000000100000000)
  eden space 63488K, 8% used [0x00000000d6f00000,0x00000000d7424528,0x00000000dad00000)
  from space 5120K, 99% used [0x00000000dad00000,0x00000000db1fc478,0x00000000db200000)
  to   space 5120K, 0% used [0x00000000df000000,0x00000000df000000,0x00000000df500000)
 ParOldGen       total 84992K, used 31097K [0x0000000084c00000, 0x0000000089f00000, 0x00000000d6f00000)
  object space 84992K, 36% used [0x0000000084c00000,0x0000000086a5e718,0x0000000089f00000)
 Metaspace       used 11765K, capacity 12012K, committed 12032K, reserved 1060864K
  class space    used 1227K, capacity 1278K, committed 1280K, reserved 1048576K

Card table byte_map: [0x00007f4e594e2000,0x00007f4e598bd000] byte_map_base: 0x00007f4e590bc000

Marking Bits: (ParMarkBitMap*) 0x00007f4e5c08ad80
 Begin Bits: [0x00007f4e41260000, 0x00007f4e43130000)
 End Bits:   [0x00007f4e43130000, 0x00007f4e45000000)

Polling page: 0x00007f4e5ccfa000

CodeCache: size=245760Kb used=5795Kb max_used=5852Kb free=239965Kb
 bounds [0x00007f4e45000000, 0x00007f4e455c0000, 0x00007f4e54000000]
 total_blobs=2141 nmethods=1646 adapters=409
 compilation: enabled

Compilation events (10 events):
Event: 2,428 Thread 0x00007f4e540bd000 nmethod 1676 0x00007f4e455a8c90 code [0x00007f4e455a8de0, 0x00007f4e455a8e58]
Event: 2,428 Thread 0x00007f4e540bd000 1660       4       sun.misc.ProxyGenerator$ConstantPool$IndirectEntry::hashCode (15 bytes)
Event: 2,429 Thread 0x00007f4e540bd000 nmethod 1660 0x00007f4e455a7550 code [0x00007f4e455a76a0, 0x00007f4e455a7718]
Event: 2,429 Thread 0x00007f4e540bd000 1394       4       org.apache.fontbox.type1.Type1Lexer::nextToken (16 bytes)
Event: 2,430 Thread 0x00007f4e540bd000 nmethod 1394 0x00007f4e455a72d0 code [0x00007f4e455a7420, 0x00007f4e455a74c8]
Event: 2,430 Thread 0x00007f4e540bd000 1531       4       java.io.ByteArrayOutputStream::<init> (7 bytes)
Event: 2,431 Thread 0x00007f4e540bd000 nmethod 1531 0x00007f4e455a6fd0 code [0x00007f4e455a7120, 0x00007f4e455a7218]
Event: 2,431 Thread 0x00007f4e540bd000 1368       4       java.lang.Integer::<init> (10 bytes)
Event: 2,431 Thread 0x00007f4e540bd000 nmethod 1368 0x00007f4e455a6dd0 code [0x00007f4e455a6f20, 0x00007f4e455a6f78]
Event: 2,567 Thread 0x00007f4e540c0000 


GC Heap History (6 events):
Event: 0,755 GC heap before
{Heap before GC invocations=1 (full 0):
 PSYoungGen      total 36864K, used 31744K [0x00000000d6f00000, 0x00000000d9800000, 0x0000000100000000)
  eden space 31744K, 100% used [0x00000000d6f00000,0x00000000d8e00000,0x00000000d8e00000)
  from space 5120K, 0% used [0x00000000d9300000,0x00000000d9300000,0x00000000d9800000)
  to   space 5120K, 0% used [0x00000000d8e00000,0x00000000d8e00000,0x00000000d9300000)
 ParOldGen       total 84992K, used 0K [0x0000000084c00000, 0x0000000089f00000, 0x00000000d6f00000)
  object space 84992K, 0% used [0x0000000084c00000,0x0000000084c00000,0x0000000089f00000)
 Metaspace       used 7111K, capacity 7340K, committed 7552K, reserved 1056768K
  class space    used 740K, capacity 830K, committed 896K, reserved 1048576K
Event: 0,782 GC heap after
Heap after GC invocations=1 (full 0):
 PSYoungGen      total 36864K, used 5094K [0x00000000d6f00000, 0x00000000db700000, 0x0000000100000000)
  eden space 31744K, 0% used [0x00000000d6f00000,0x00000000d6f00000,0x00000000d8e00000)
  from space 5120K, 99% used [0x00000000d8e00000,0x00000000d92f9ac0,0x00000000d9300000)
  to   space 5120K, 0% used [0x00000000db200000,0x00000000db200000,0x00000000db700000)
 ParOldGen       total 84992K, used 6772K [0x0000000084c00000, 0x0000000089f00000, 0x00000000d6f00000)
  object space 84992K, 7% used [0x0000000084c00000,0x000000008529d290,0x0000000089f00000)
 Metaspace       used 7111K, capacity 7340K, committed 7552K, reserved 1056768K
  class space    used 740K, capacity 830K, committed 896K, reserved 1048576K
}
Event: 1,014 GC heap before
{Heap before GC invocations=2 (full 0):
 PSYoungGen      total 36864K, used 35625K [0x00000000d6f00000, 0x00000000db700000, 0x0000000100000000)
  eden space 31744K, 96% used [0x00000000d6f00000,0x00000000d8cd0b98,0x00000000d8e00000)
  from space 5120K, 99% used [0x00000000d8e00000,0x00000000d92f9ac0,0x00000000d9300000)
  to   space 5120K, 0% used [0x00000000db200000,0x00000000db200000,0x00000000db700000)
 ParOldGen       total 84992K, used 6772K [0x0000000084c00000, 0x0000000089f00000, 0x00000000d6f00000)
  object space 84992K, 7% used [0x0000000084c00000,0x000000008529d290,0x0000000089f00000)
 Metaspace       used 7346K, capacity 7596K, committed 7808K, reserved 1056768K
  class space    used 754K, capacity 830K, committed 896K, reserved 1048576K
Event: 1,032 GC heap after
Heap after GC invocations=2 (full 0):
 PSYoungGen      total 68608K, used 5110K [0x00000000d6f00000, 0x00000000db700000, 0x0000000100000000)
  eden space 63488K, 0% used [0x00000000d6f00000,0x00000000d6f00000,0x00000000dad00000)
  from space 5120K, 99% used [0x00000000db200000,0x00000000db6fdae0,0x00000000db700000)
  to   space 5120K, 0% used [0x00000000dad00000,0x00000000dad00000,0x00000000db200000)
 ParOldGen       total 84992K, used 18769K [0x0000000084c00000, 0x0000000089f00000, 0x00000000d6f00000)
  object space 84992K, 22% used [0x0000000084c00000,0x0000000085e547a8,0x0000000089f00000)
 Metaspace       used 7346K, capacity 7596K, committed 7808K, reserved 1056768K
  class space    used 754K, capacity 830K, committed 896K, reserved 1048576K
}
Event: 2,159 GC heap before
{Heap before GC invocations=3 (full 0):
 PSYoungGen      total 68608K, used 68598K [0x00000000d6f00000, 0x00000000db700000, 0x0000000100000000)
  eden space 63488K, 100% used [0x00000000d6f00000,0x00000000dad00000,0x00000000dad00000)
  from space 5120K, 99% used [0x00000000db200000,0x00000000db6fdae0,0x00000000db700000)
  to   space 5120K, 0% used [0x00000000dad00000,0x00000000dad00000,0x00000000db200000)
 ParOldGen       total 84992K, used 18769K [0x0000000084c00000, 0x0000000089f00000, 0x00000000d6f00000)
  object space 84992K, 22% used [0x0000000084c00000,0x0000000085e547a8,0x0000000089f00000)
 Metaspace       used 10407K, capacity 10604K, committed 10624K, reserved 1058816K
  class space    used 1072K, capacity 1150K, committed 1152K, reserved 1048576K
Event: 2,182 GC heap after
Heap after GC invocations=3 (full 0):
 PSYoungGen      total 68608K, used 5105K [0x00000000d6f00000, 0x00000000df500000, 0x0000000100000000)
  eden space 63488K, 0% used [0x00000000d6f00000,0x00000000d6f00000,0x00000000dad00000)
  from space 5120K, 99% used [0x00000000dad00000,0x00000000db1fc478,0x00000000db200000)
  to   space 5120K, 0% used [0x00000000df000000,0x00000000df000000,0x00000000df500000)
 ParOldGen       total 84992K, used 31097K [0x0000000084c00000, 0x0000000089f00000, 0x00000000d6f00000)
  object space 84992K, 36% used [0x0000000084c00000,0x0000000086a5e718,0x0000000089f00000)
 Metaspace       used 10407K, capacity 10604K, committed 10624K, reserved 1058816K
  class space    used 1072K, capacity 1150K, committed 1152K, reserved 1048576K
}

Deoptimization events (10 events):
Event: 2,205 Thread 0x00007f4e5400e000 Uncommon trap: reason=unstable_if action=reinterpret pc=0x00007f4e45232a70 method=java.util.regex.Pattern.has(I)Z @ 6
Event: 2,205 Thread 0x00007f4e5400e000 Uncommon trap: reason=unstable_if action=reinterpret pc=0x00007f4e45439f88 method=java.lang.String.trim()Ljava/lang/String; @ 23
Event: 2,206 Thread 0x00007f4e5400e000 Uncommon trap: reason=predicate action=maybe_recompile pc=0x00007f4e454fec58 method=java.util.regex.Pattern$Start.match(Ljava/util/regex/Matcher;ILjava/lang/CharSequence;)Z @ 37
Event: 2,218 Thread 0x00007f4e5400e000 Uncommon trap: reason=unstable_if action=reinterpret pc=0x00007f4e451a30b0 method=java.lang.String.indexOf([CII[CIII)I @ 3
Event: 2,279 Thread 0x00007f4e5400e000 Uncommon trap: reason=unstable_if action=reinterpret pc=0x00007f4e4542e3e8 method=java.util.StringTokenizer.skipDelimiters(I)I @ 64
Event: 2,280 Thread 0x00007f4e5400e000 Uncommon trap: reason=unstable_if action=reinterpret pc=0x00007f4e45449f78 method=java.util.StringTokenizer.scanToken(I)I @ 42
Event: 2,280 Thread 0x00007f4e5400e000 Uncommon trap: reason=unstable_if action=reinterpret pc=0x00007f4e4541e5b8 method=java.util.StringTokenizer.scanToken(I)I @ 42
Event: 2,308 Thread 0x00007f4e5400e000 Uncommon trap: reason=unstable_if action=reinterpret pc=0x00007f4e453ccbe4 method=java.util.HashMap.getNode(ILjava/lang/Object;)Ljava/util/HashMap$Node; @ 62
Event: 2,310 Thread 0x00007f4e5400e000 Uncommon trap: reason=bimorphic action=maybe_recompile pc=0x00007f4e45484a28 method=java.util.HashMap.putVal(ILjava/lang/Object;Ljava/lang/Object;ZZ)Ljava/lang/Object; @ 203
Event: 2,314 Thread 0x00007f4e5400e000 Uncommon trap: reason=bimorphic action=maybe_recompile pc=0x00007f4e45484a28 method=java.util.HashMap.putVal(ILjava/lang/Object;Ljava/lang/Object;ZZ)Ljava/lang/Object; @ 203

Classes redefined (0 events):
No events

Internal exceptions (10 events):
Event: 0,170 Thread 0x00007f4e5400e000 Exception <a 'java/security/PrivilegedActionException'> (0x00000000d74727d8) thrown at [/HUDSON/workspace/8-2-build-linux-amd64/jdk8u221/13320/hotspot/src/share/vm/prims/jvm.cpp, line 1502]
Event: 0,170 Thread 0x00007f4e5400e000 Exception <a 'java/security/PrivilegedActionException'> (0x00000000d74729e8) thrown at [/HUDSON/workspace/8-2-build-linux-amd64/jdk8u221/13320/hotspot/src/share/vm/prims/jvm.cpp, line 1502]
Event: 0,242 Thread 0x00007f4e5400e000 Exception <a 'java/io/FileNotFoundException'> (0x00000000d769d830) thrown at [/HUDSON/workspace/8-2-build-linux-amd64/jdk8u221/13320/hotspot/src/share/vm/prims/jni.cpp, line 710]
Event: 0,344 Thread 0x00007f4e5400e000 Exception <a 'java/lang/NoSuchFieldError': method resolution failed> (0x00000000d78bd110) thrown at [/HUDSON/workspace/8-2-build-linux-amd64/jdk8u221/13320/hotspot/src/share/vm/prims/methodHandles.cpp, line 1167]
Event: 0,347 Thread 0x00007f4e5400e000 Exception <a 'java/lang/NoSuchFieldError': method resolution failed> (0x00000000d78ca800) thrown at [/HUDSON/workspace/8-2-build-linux-amd64/jdk8u221/13320/hotspot/src/share/vm/prims/methodHandles.cpp, line 1167]
Event: 0,385 Thread 0x00007f4e5400e000 Exception <a 'java/io/FileNotFoundException'> (0x00000000d79580d8) thrown at [/HUDSON/workspace/8-2-build-linux-amd64/jdk8u221/13320/hotspot/src/share/vm/prims/jni.cpp, line 710]
Event: 0,385 Thread 0x00007f4e5400e000 Exception <a 'java/io/FileNotFoundException'> (0x00000000d7958bc0) thrown at [/HUDSON/workspace/8-2-build-linux-amd64/jdk8u221/13320/hotspot/src/share/vm/prims/jni.cpp, line 710]
Event: 1,205 Thread 0x00007f4e5400e000 Implicit null exception at 0x00007f4e453185db to 0x00007f4e45318dd5
Event: 1,209 Thread 0x00007f4e5400e000 Implicit null exception at 0x00007f4e4527dd2f to 0x00007f4e4527dd99
Event: 1,589 Thread 0x00007f4e5400e000 Exception <a 'java/lang/NoSuchMethodError': org.slf4j.impl.StaticMDCBinder.getSingleton()Lorg/slf4j/impl/StaticMDCBinder;> (0x00000000d8cd1208) thrown at [/HUDSON/workspace/8-2-build-linux-amd64/jdk8u221/13320/hotspot/src/share/vm/interpreter/linkResolver

Events (10 events):
Event: 2,372 loading class com/sun/jna/NativeMappedConverter
Event: 2,372 loading class com/sun/jna/NativeMappedConverter done
Event: 2,373 loading class com/sun/jna/TypeConverter
Event: 2,373 loading class com/sun/jna/TypeConverter done
Event: 2,374 loading class com/sun/jna/Memory$SharedMemory
Event: 2,374 loading class com/sun/jna/Memory$SharedMemory done
Event: 2,374 loading class com/sun/jna/WeakIdentityHashMap
Event: 2,374 loading class com/sun/jna/WeakIdentityHashMap done
Event: 2,375 loading class com/sun/jna/NativeString
Event: 2,375 loading class com/sun/jna/NativeString done


Dynamic libraries:
00400000-00401000 r-xp 00000000 08:04 9704466                            /home/renan/Dev/SpringToolSuite/jre/bin/java
00600000-00601000 r--p 00000000 08:04 9704466                            /home/renan/Dev/SpringToolSuite/jre/bin/java
00601000-00602000 rw-p 00001000 08:04 9704466                            /home/renan/Dev/SpringToolSuite/jre/bin/java
020ea000-0210b000 rw-p 00000000 00:00 0                                  [heap]
84c00000-89f00000 rw-p 00000000 00:00 0 
89f00000-d6f00000 ---p 00000000 00:00 0 
d6f00000-df500000 rw-p 00000000 00:00 0 
df500000-100000000 ---p 00000000 00:00 0 
100000000-100140000 rw-p 00000000 00:00 0 
100140000-140000000 ---p 00000000 00:00 0 
7f4dff4f2000-7f4e00000000 rw-p 00000000 00:00 0 
7f4e00000000-7f4e00021000 rw-p 00000000 00:00 0 
7f4e00021000-7f4e04000000 ---p 00000000 00:00 0 
7f4e05e68000-7f4e05e73000 r-xp 00000000 08:04 5775818                    /usr/lib/x86_64-linux-gnu/libjbig.so.0
7f4e05e73000-7f4e06072000 ---p 0000b000 08:04 5775818                    /usr/lib/x86_64-linux-gnu/libjbig.so.0
7f4e06072000-7f4e06073000 r--p 0000a000 08:04 5775818                    /usr/lib/x86_64-linux-gnu/libjbig.so.0
7f4e06073000-7f4e06076000 rw-p 0000b000 08:04 5775818                    /usr/lib/x86_64-linux-gnu/libjbig.so.0
7f4e06076000-7f4e0609a000 r-xp 00000000 08:04 3805973                    /lib/x86_64-linux-gnu/liblzma.so.5.2.2
7f4e0609a000-7f4e0629a000 ---p 00024000 08:04 3805973                    /lib/x86_64-linux-gnu/liblzma.so.5.2.2
7f4e0629a000-7f4e0629b000 r--p 00024000 08:04 3805973                    /lib/x86_64-linux-gnu/liblzma.so.5.2.2
7f4e0629b000-7f4e0629c000 rw-p 00025000 08:04 3805973                    /lib/x86_64-linux-gnu/liblzma.so.5.2.2
7f4e0629c000-7f4e062f0000 r-xp 00000000 08:04 5777083                    /usr/lib/x86_64-linux-gnu/libopenjp2.so.2.3.0
7f4e062f0000-7f4e064f0000 ---p 00054000 08:04 5777083                    /usr/lib/x86_64-linux-gnu/libopenjp2.so.2.3.0
7f4e064f0000-7f4e064f1000 r--p 00054000 08:04 5777083                    /usr/lib/x86_64-linux-gnu/libopenjp2.so.2.3.0
7f4e064f1000-7f4e064f2000 rw-p 00055000 08:04 5777083                    /usr/lib/x86_64-linux-gnu/libopenjp2.so.2.3.0
7f4e064f2000-7f4e06558000 r-xp 00000000 08:04 5776293                    /usr/lib/x86_64-linux-gnu/libwebp.so.6.0.2
7f4e06558000-7f4e06757000 ---p 00066000 08:04 5776293                    /usr/lib/x86_64-linux-gnu/libwebp.so.6.0.2
7f4e06757000-7f4e06758000 r--p 00065000 08:04 5776293                    /usr/lib/x86_64-linux-gnu/libwebp.so.6.0.2
7f4e06758000-7f4e06759000 rw-p 00066000 08:04 5776293                    /usr/lib/x86_64-linux-gnu/libwebp.so.6.0.2
7f4e06759000-7f4e0675b000 rw-p 00000000 00:00 0 
7f4e0675b000-7f4e067ce000 r-xp 00000000 08:04 5768519                    /usr/lib/x86_64-linux-gnu/libtiff.so.5.3.0
7f4e067ce000-7f4e069cd000 ---p 00073000 08:04 5768519                    /usr/lib/x86_64-linux-gnu/libtiff.so.5.3.0
7f4e069cd000-7f4e069d1000 r--p 00072000 08:04 5768519                    /usr/lib/x86_64-linux-gnu/libtiff.so.5.3.0
7f4e069d1000-7f4e069d2000 rw-p 00076000 08:04 5768519                    /usr/lib/x86_64-linux-gnu/libtiff.so.5.3.0
7f4e069d2000-7f4e069da000 r-xp 00000000 08:04 5767806                    /usr/lib/x86_64-linux-gnu/libgif.so.7.0.0
7f4e069da000-7f4e06bd9000 ---p 00008000 08:04 5767806                    /usr/lib/x86_64-linux-gnu/libgif.so.7.0.0
7f4e06bd9000-7f4e06bda000 r--p 00007000 08:04 5767806                    /usr/lib/x86_64-linux-gnu/libgif.so.7.0.0
7f4e06bda000-7f4e06bdb000 rw-p 00008000 08:04 5767806                    /usr/lib/x86_64-linux-gnu/libgif.so.7.0.0
7f4e06bdb000-7f4e06c42000 r-xp 00000000 08:04 5767634                    /usr/lib/x86_64-linux-gnu/libjpeg.so.8.1.2
7f4e06c42000-7f4e06e41000 ---p 00067000 08:04 5767634                    /usr/lib/x86_64-linux-gnu/libjpeg.so.8.1.2
7f4e06e41000-7f4e06e42000 r--p 00066000 08:04 5767634                    /usr/lib/x86_64-linux-gnu/libjpeg.so.8.1.2
7f4e06e42000-7f4e06e43000 rw-p 00067000 08:04 5767634                    /usr/lib/x86_64-linux-gnu/libjpeg.so.8.1.2
7f4e06e43000-7f4e06e74000 r-xp 00000000 08:04 5770173                    /usr/lib/x86_64-linux-gnu/libpng16.so.16.34.0
7f4e06e74000-7f4e07073000 ---p 00031000 08:04 5770173                    /usr/lib/x86_64-linux-gnu/libpng16.so.16.34.0
7f4e07073000-7f4e07074000 r--p 00030000 08:04 5770173                    /usr/lib/x86_64-linux-gnu/libpng16.so.16.34.0
7f4e07074000-7f4e07075000 rw-p 00031000 08:04 5770173                    /usr/lib/x86_64-linux-gnu/libpng16.so.16.34.0
7f4e07075000-7f4e07091000 r-xp 00000000 08:04 3806085                    /lib/x86_64-linux-gnu/libz.so.1.2.11
7f4e07091000-7f4e07290000 ---p 0001c000 08:04 3806085                    /lib/x86_64-linux-gnu/libz.so.1.2.11
7f4e07290000-7f4e07291000 r--p 0001b000 08:04 3806085                    /lib/x86_64-linux-gnu/libz.so.1.2.11
7f4e07291000-7f4e07292000 rw-p 0001c000 08:04 3806085                    /lib/x86_64-linux-gnu/libz.so.1.2.11
7f4e07292000-7f4e072c0000 r-xp 00000000 08:04 5767447                    /usr/lib/x86_64-linux-gnu/libgomp.so.1.0.0
7f4e072c0000-7f4e074bf000 ---p 0002e000 08:04 5767447                    /usr/lib/x86_64-linux-gnu/libgomp.so.1.0.0
7f4e074bf000-7f4e074c0000 r--p 0002d000 08:04 5767447                    /usr/lib/x86_64-linux-gnu/libgomp.so.1.0.0
7f4e074c0000-7f4e074c1000 rw-p 0002e000 08:04 5767447                    /usr/lib/x86_64-linux-gnu/libgomp.so.1.0.0
7f4e074c1000-7f4e0763a000 r-xp 00000000 08:04 5770127                    /usr/lib/x86_64-linux-gnu/libstdc++.so.6.0.25
7f4e0763a000-7f4e0783a000 ---p 00179000 08:04 5770127                    /usr/lib/x86_64-linux-gnu/libstdc++.so.6.0.25
7f4e0783a000-7f4e07844000 r--p 00179000 08:04 5770127                    /usr/lib/x86_64-linux-gnu/libstdc++.so.6.0.25
7f4e07844000-7f4e07846000 rw-p 00183000 08:04 5770127                    /usr/lib/x86_64-linux-gnu/libstdc++.so.6.0.25
7f4e07846000-7f4e0784a000 rw-p 00000000 00:00 0 
7f4e0784a000-7f4e07b57000 r-xp 00000000 08:04 5774718                    /usr/lib/x86_64-linux-gnu/libtesseract.so.4.0.0
7f4e07b57000-7f4e07d56000 ---p 0030d000 08:04 5774718                    /usr/lib/x86_64-linux-gnu/libtesseract.so.4.0.0
7f4e07d56000-7f4e07d5b000 r--p 0030c000 08:04 5774718                    /usr/lib/x86_64-linux-gnu/libtesseract.so.4.0.0
7f4e07d5b000-7f4e07d5c000 rw-p 00311000 08:04 5774718                    /usr/lib/x86_64-linux-gnu/libtesseract.so.4.0.0
7f4e07d5c000-7f4e08000000 rw-p 00000000 00:00 0 
7f4e08000000-7f4e08021000 rw-p 00000000 00:00 0 
7f4e08021000-7f4e0c000000 ---p 00000000 00:00 0 
7f4e0c000000-7f4e0c021000 rw-p 00000000 00:00 0 
7f4e0c021000-7f4e10000000 ---p 00000000 00:00 0 
7f4e10000000-7f4e11bfd000 rw-p 00000000 00:00 0 
7f4e11bfd000-7f4e14000000 ---p 00000000 00:00 0 
7f4e14000000-7f4e149f1000 rw-p 00000000 00:00 0 
7f4e149f1000-7f4e18000000 ---p 00000000 00:00 0 
7f4e18000000-7f4e18021000 rw-p 00000000 00:00 0 
7f4e18021000-7f4e1c000000 ---p 00000000 00:00 0 
7f4e1c000000-7f4e1cac6000 rw-p 00000000 00:00 0 
7f4e1cac6000-7f4e20000000 ---p 00000000 00:00 0 
7f4e20000000-7f4e20021000 rw-p 00000000 00:00 0 
7f4e20021000-7f4e24000000 ---p 00000000 00:00 0 
7f4e24000000-7f4e24021000 rw-p 00000000 00:00 0 
7f4e24021000-7f4e28000000 ---p 00000000 00:00 0 
7f4e28036000-7f4e28292000 r-xp 00000000 08:04 5774716                    /usr/lib/x86_64-linux-gnu/liblept.so.5.0.2
7f4e28292000-7f4e28491000 ---p 0025c000 08:04 5774716                    /usr/lib/x86_64-linux-gnu/liblept.so.5.0.2
7f4e28491000-7f4e28492000 r--p 0025b000 08:04 5774716                    /usr/lib/x86_64-linux-gnu/liblept.so.5.0.2
7f4e28492000-7f4e28498000 rw-p 0025c000 08:04 5774716                    /usr/lib/x86_64-linux-gnu/liblept.so.5.0.2
7f4e284b3000-7f4e284ca000 r-xp 00000000 08:04 8261140                    /tmp/jna-108399112/jna7808812849396124270.tmp (deleted)
7f4e284ca000-7f4e285c9000 ---p 00017000 08:04 8261140                    /tmp/jna-108399112/jna7808812849396124270.tmp (deleted)
7f4e285c9000-7f4e285cb000 rw-p 00016000 08:04 8261140                    /tmp/jna-108399112/jna7808812849396124270.tmp (deleted)
7f4e285cb000-7f4e2864b000 rw-p 00000000 00:00 0 
7f4e2864b000-7f4e287cb000 ---p 00000000 00:00 0 
7f4e287cb000-7f4e287f5000 r-xp 00000000 08:04 9830587                    /home/renan/Dev/SpringToolSuite/jre/jre/lib/amd64/libdcpr.so
7f4e287f5000-7f4e289f4000 ---p 0002a000 08:04 9830587                    /home/renan/Dev/SpringToolSuite/jre/jre/lib/amd64/libdcpr.so
7f4e289f4000-7f4e289f5000 r--p 00029000 08:04 9830587                    /home/renan/Dev/SpringToolSuite/jre/jre/lib/amd64/libdcpr.so
7f4e289f5000-7f4e289f8000 rw-p 0002a000 08:04 9830587                    /home/renan/Dev/SpringToolSuite/jre/jre/lib/amd64/libdcpr.so
7f4e289f8000-7f4e28bf8000 rw-p 00000000 00:00 0 
7f4e28bf8000-7f4e28c0f000 r-xp 00000000 08:04 3801181                    /lib/x86_64-linux-gnu/libgcc_s.so.1
7f4e28c0f000-7f4e28e0e000 ---p 00017000 08:04 3801181                    /lib/x86_64-linux-gnu/libgcc_s.so.1
7f4e28e0e000-7f4e28e0f000 r--p 00016000 08:04 3801181                    /lib/x86_64-linux-gnu/libgcc_s.so.1
7f4e28e0f000-7f4e28e10000 rw-p 00017000 08:04 3801181                    /lib/x86_64-linux-gnu/libgcc_s.so.1
7f4e28e26000-7f4e28e2b000 r--s 000a3000 08:04 9704632                    /home/renan/Dev/SpringToolSuite/jre/jre/lib/jsse.jar
7f4e28e2b000-7f4e28e8a000 r-xp 00000000 08:04 9830595                    /home/renan/Dev/SpringToolSuite/jre/jre/lib/amd64/libfontmanager.so
7f4e28e8a000-7f4e2908a000 ---p 0005f000 08:04 9830595                    /home/renan/Dev/SpringToolSuite/jre/jre/lib/amd64/libfontmanager.so
7f4e2908a000-7f4e2908d000 r--p 0005f000 08:04 9830595                    /home/renan/Dev/SpringToolSuite/jre/jre/lib/amd64/libfontmanager.so
7f4e2908d000-7f4e2908e000 rw-p 00062000 08:04 9830595                    /home/renan/Dev/SpringToolSuite/jre/jre/lib/amd64/libfontmanager.so
7f4e2908e000-7f4e29091000 ---p 00000000 00:00 0 
7f4e29091000-7f4e2918f000 rw-p 00000000 00:00 0 
7f4e2918f000-7f4e291ff000 r-xp 00000000 08:04 9830606                    /home/renan/Dev/SpringToolSuite/jre/jre/lib/amd64/liblcms.so
7f4e291ff000-7f4e293ff000 ---p 00070000 08:04 9830606                    /home/renan/Dev/SpringToolSuite/jre/jre/lib/amd64/liblcms.so
7f4e293ff000-7f4e29401000 r--p 00070000 08:04 9830606                    /home/renan/Dev/SpringToolSuite/jre/jre/lib/amd64/liblcms.so
7f4e29401000-7f4e29404000 rw-p 00072000 08:04 9830606                    /home/renan/Dev/SpringToolSuite/jre/jre/lib/amd64/liblcms.so
7f4e29404000-7f4e29405000 rw-p 00000000 00:00 0 
7f4e29405000-7f4e29418000 r-xp 00000000 08:04 3805909                    /lib/x86_64-linux-gnu/libbsd.so.0.8.7
7f4e29418000-7f4e29617000 ---p 00013000 08:04 3805909                    /lib/x86_64-linux-gnu/libbsd.so.0.8.7
7f4e29617000-7f4e29618000 r--p 00012000 08:04 3805909                    /lib/x86_64-linux-gnu/libbsd.so.0.8.7
7f4e29618000-7f4e29619000 rw-p 00013000 08:04 3805909                    /lib/x86_64-linux-gnu/libbsd.so.0.8.7
7f4e29619000-7f4e2961a000 rw-p 00000000 00:00 0 
7f4e2961a000-7f4e2961f000 r-xp 00000000 08:04 5775162                    /usr/lib/x86_64-linux-gnu/libXdmcp.so.6.0.0
7f4e2961f000-7f4e2981e000 ---p 00005000 08:04 5775162                    /usr/lib/x86_64-linux-gnu/libXdmcp.so.6.0.0
7f4e2981e000-7f4e2981f000 r--p 00004000 08:04 5775162                    /usr/lib/x86_64-linux-gnu/libXdmcp.so.6.0.0
7f4e2981f000-7f4e29820000 rw-p 00005000 08:04 5775162                    /usr/lib/x86_64-linux-gnu/libXdmcp.so.6.0.0
7f4e29820000-7f4e29822000 r-xp 00000000 08:04 5775151                    /usr/lib/x86_64-linux-gnu/libXau.so.6.0.0
7f4e29822000-7f4e29a22000 ---p 00002000 08:04 5775151                    /usr/lib/x86_64-linux-gnu/libXau.so.6.0.0
7f4e29a22000-7f4e29a23000 r--p 00002000 08:04 5775151                    /usr/lib/x86_64-linux-gnu/libXau.so.6.0.0
7f4e29a23000-7f4e29a24000 rw-p 00003000 08:04 5775151                    /usr/lib/x86_64-linux-gnu/libXau.so.6.0.0
7f4e29a24000-7f4e29a4a000 r-xp 00000000 08:04 5770169                    /usr/lib/x86_64-linux-gnu/libxcb.so.1.1.0
7f4e29a4a000-7f4e29c4a000 ---p 00026000 08:04 5770169                    /usr/lib/x86_64-linux-gnu/libxcb.so.1.1.0
7f4e29c4a000-7f4e29c4b000 r--p 00026000 08:04 5770169                    /usr/lib/x86_64-linux-gnu/libxcb.so.1.1.0
7f4e29c4b000-7f4e29c4c000 rw-p 00027000 08:04 5770169                    /usr/lib/x86_64-linux-gnu/libxcb.so.1.1.0
7f4e29c4c000-7f4e29c5b000 r-xp 00000000 08:04 5775172                    /usr/lib/x86_64-linux-gnu/libXi.so.6.1.0
7f4e29c5b000-7f4e29e5a000 ---p 0000f000 08:04 5775172                    /usr/lib/x86_64-linux-gnu/libXi.so.6.1.0
7f4e29e5a000-7f4e29e5b000 r--p 0000e000 08:04 5775172                    /usr/lib/x86_64-linux-gnu/libXi.so.6.1.0
7f4e29e5b000-7f4e29e5c000 rw-p 0000f000 08:04 5775172                    /usr/lib/x86_64-linux-gnu/libXi.so.6.1.0
7f4e29e5c000-7f4e29e61000 r-xp 00000000 08:04 5775190                    /usr/lib/x86_64-linux-gnu/libXtst.so.6.1.0
7f4e29e61000-7f4e2a060000 ---p 00005000 08:04 5775190                    /usr/lib/x86_64-linux-gnu/libXtst.so.6.1.0
7f4e2a060000-7f4e2a061000 r--p 00004000 08:04 5775190                    /usr/lib/x86_64-linux-gnu/libXtst.so.6.1.0
7f4e2a061000-7f4e2a062000 rw-p 00005000 08:04 5775190                    /usr/lib/x86_64-linux-gnu/libXtst.so.6.1.0
7f4e2a062000-7f4e2a06b000 r-xp 00000000 08:04 5775184                    /usr/lib/x86_64-linux-gnu/libXrender.so.1.3.0
7f4e2a06b000-7f4e2a26a000 ---p 00009000 08:04 5775184                    /usr/lib/x86_64-linux-gnu/libXrender.so.1.3.0
7f4e2a26a000-7f4e2a26b000 r--p 00008000 08:04 5775184                    /usr/lib/x86_64-linux-gnu/libXrender.so.1.3.0
7f4e2a26b000-7f4e2a26c000 rw-p 00009000 08:04 5775184                    /usr/lib/x86_64-linux-gnu/libXrender.so.1.3.0
7f4e2a26c000-7f4e2a39f000 r-xp 00000000 08:04 5770171                    /usr/lib/x86_64-linux-gnu/libX11.so.6.3.0
7f4e2a39f000-7f4e2a59f000 ---p 00133000 08:04 5770171                    /usr/lib/x86_64-linux-gnu/libX11.so.6.3.0
7f4e2a59f000-7f4e2a5a0000 r--p 00133000 08:04 5770171                    /usr/lib/x86_64-linux-gnu/libX11.so.6.3.0
7f4e2a5a0000-7f4e2a5a4000 rw-p 00134000 08:04 5770171                    /usr/lib/x86_64-linux-gnu/libX11.so.6.3.0
7f4e2a5a4000-7f4e2a5b5000 r-xp 00000000 08:04 5775164                    /usr/lib/x86_64-linux-gnu/libXext.so.6.4.0
7f4e2a5b5000-7f4e2a7b4000 ---p 00011000 08:04 5775164                    /usr/lib/x86_64-linux-gnu/libXext.so.6.4.0
7f4e2a7b4000-7f4e2a7b5000 r--p 00010000 08:04 5775164                    /usr/lib/x86_64-linux-gnu/libXext.so.6.4.0
7f4e2a7b5000-7f4e2a7b6000 rw-p 00011000 08:04 5775164                    /usr/lib/x86_64-linux-gnu/libXext.so.6.4.0
7f4e2a7b9000-7f4e2a7cc000 r--s 00345000 08:04 9704624                    /home/renan/Dev/SpringToolSuite/jre/jre/lib/resources.jar
7f4e2a7cc000-7f4e2a7d1000 r--s 002f9000 08:04 9704534                    /home/renan/Dev/SpringToolSuite/jre/jre/lib/charsets.jar
7f4e2a7d1000-7f4e2a82c000 r-xp 00000000 08:04 9830566                    /home/renan/Dev/SpringToolSuite/jre/jre/lib/amd64/libawt_xawt.so
7f4e2a82c000-7f4e2aa2b000 ---p 0005b000 08:04 9830566                    /home/renan/Dev/SpringToolSuite/jre/jre/lib/amd64/libawt_xawt.so
7f4e2aa2b000-7f4e2aa2c000 r--p 0005a000 08:04 9830566                    /home/renan/Dev/SpringToolSuite/jre/jre/lib/amd64/libawt_xawt.so
7f4e2aa2c000-7f4e2aa2f000 rw-p 0005b000 08:04 9830566                    /home/renan/Dev/SpringToolSuite/jre/jre/lib/amd64/libawt_xawt.so
7f4e2aa2f000-7f4e2aa31000 rw-p 00000000 00:00 0 
7f4e2aa31000-7f4e2aad1000 r-xp 00000000 08:04 9830548                    /home/renan/Dev/SpringToolSuite/jre/jre/lib/amd64/libawt.so
7f4e2aad1000-7f4e2acd0000 ---p 000a0000 08:04 9830548                    /home/renan/Dev/SpringToolSuite/jre/jre/lib/amd64/libawt.so
7f4e2acd0000-7f4e2acd1000 r--p 0009f000 08:04 9830548                    /home/renan/Dev/SpringToolSuite/jre/jre/lib/amd64/libawt.so
7f4e2acd1000-7f4e2acdc000 rw-p 000a0000 08:04 9830548                    /home/renan/Dev/SpringToolSuite/jre/jre/lib/amd64/libawt.so
7f4e2acdc000-7f4e2ad01000 rw-p 00000000 00:00 0 
7f4e2ad01000-7f4e2ad0b000 r--s 00116000 08:04 9830503                    /home/renan/Dev/SpringToolSuite/jre/jre/lib/ext/localedata.jar
7f4e2ad0b000-7f4e2ad27000 r--s 00393000 08:04 9830511                    /home/renan/Dev/SpringToolSuite/jre/jre/lib/ext/cldrdata.jar
7f4e2ad27000-7f4e2ad2e000 r--s 00000000 08:04 6032093                    /usr/lib/x86_64-linux-gnu/gconv/gconv-modules.cache
7f4e2ad2e000-7f4e2ad54000 r--p 00000000 08:04 7474530                    /usr/share/locale-langpack/pt_BR/LC_MESSAGES/libc.mo
7f4e2ad54000-7f4e2ad59000 r--s 00036000 08:04 4467505                    /home/renan/.m2/repository/org/apache/pdfbox/pdfbox-debugger/2.0.9/pdfbox-debugger-2.0.9.jar
7f4e2ad59000-7f4e2ad5b000 r--s 00010000 08:04 4467503                    /home/renan/.m2/repository/org/apache/pdfbox/pdfbox-tools/2.0.9/pdfbox-tools-2.0.9.jar
7f4e2ad5b000-7f4e2ad5f000 r--s 00038000 08:04 4467501                    /home/renan/.m2/repository/org/apache/pdfbox/preflight/2.0.9/preflight-2.0.9.jar
7f4e2ad5f000-7f4e2ad62000 r--s 0001e000 08:04 4467499                    /home/renan/.m2/repository/org/apache/pdfbox/xmpbox/2.0.9/xmpbox-2.0.9.jar
7f4e2ad62000-7f4e2ad64000 r--s 0000b000 08:04 4332174                    /home/renan/.m2/repository/org/apache/pdfbox/jempbox/1.8.14/jempbox-1.8.14.jar
7f4e2ad64000-7f4e2ad6b000 r--s 00175000 08:04 4332172                    /home/renan/.m2/repository/org/apache/pdfbox/fontbox/2.0.9/fontbox-2.0.9.jar
7f4e2ad6b000-7f4e2ad70000 r--s 00021000 08:04 8261024                    /home/renan/.m2/repository/org/seleniumhq/selenium/selenium-support/4.0.0-alpha-1/selenium-support-4.0.0-alpha-1.jar
7f4e2ad70000-7f4e2ad71000 r--s 00003000 08:04 8261022                    /home/renan/.m2/repository/org/seleniumhq/selenium/selenium-safari-driver/4.0.0-alpha-1/selenium-safari-driver-4.0.0-alpha-1.jar
7f4e2ad71000-7f4e2ad72000 r--s 00002000 08:04 8261020                    /home/renan/.m2/repository/org/seleniumhq/selenium/selenium-opera-driver/4.0.0-alpha-1/selenium-opera-driver-4.0.0-alpha-1.jar
7f4e2ad72000-7f4e2ad74000 r--s 00003000 08:04 8261018                    /home/renan/.m2/repository/org/seleniumhq/selenium/selenium-ie-driver/4.0.0-alpha-1/selenium-ie-driver-4.0.0-alpha-1.jar
7f4e2ad74000-7f4e2ad75000 r--s 0000d000 08:04 8261016                    /home/renan/.m2/repository/org/seleniumhq/selenium/selenium-firefox-driver/4.0.0-alpha-1/selenium-firefox-driver-4.0.0-alpha-1.jar
7f4e2ad75000-7f4e2ad77000 r--s 000b7000 08:04 8261015                    /home/renan/.m2/repository/org/seleniumhq/selenium/selenium-firefox-xpi-driver/4.0.0-alpha-1/selenium-firefox-xpi-driver-4.0.0-alpha-1.jar
7f4e2ad77000-7f4e2ad78000 r--s 00001000 08:04 8261012                    /home/renan/.m2/repository/org/seleniumhq/selenium/selenium-edge-driver/4.0.0-alpha-1/selenium-edge-driver-4.0.0-alpha-1.jar
7f4e2ad78000-7f4e2ad7a000 r--s 00015000 08:04 8261010                    /home/renan/.m2/repository/com/squareup/okio/okio/1.17.2/okio-1.17.2.jar
7f4e2ad7a000-7f4e2ad7f000 r--s 00063000 08:04 8261008                    /home/renan/.m2/repository/com/squareup/okhttp3/okhttp/3.14.0/okhttp-3.14.0.jar
7f4e2ad7f000-7f4e2ad80000 r--s 00000000 08:04 8261006                    /home/renan/.m2/repository/org/codehaus/mojo/animal-sniffer-annotations/1.17/animal-sniffer-annotations-1.17.jar
7f4e2ad80000-7f4e2ad82000 r--s 00001000 08:04 8261004                    /home/renan/.m2/repository/com/google/j2objc/j2objc-annotations/1.1/j2objc-annotations-1.1.jar
7f4e2ad82000-7f4e2ad84000 r--s 00002000 08:04 8260995                    /home/renan/.m2/repository/com/google/errorprone/error_prone_annotations/2.2.0/error_prone_annotations-2.2.0.jar
7f4e2ad84000-7f4e2ad8e000 r--s 00026000 08:04 8261026                    /home/renan/.m2/repository/org/checkerframework/checker-qual/2.5.2/checker-qual-2.5.2.jar
7f4e2ad8e000-7f4e2ad90000 r--s 00003000 08:04 8393535                    /home/renan/.m2/repository/com/google/code/findbugs/jsr305/3.0.2/jsr305-3.0.2.jar
7f4e2ad90000-7f4e2ad92000 r--s 00000000 08:04 9047415                    /home/renan/.m2/repository/com/google/guava/failureaccess/1.0.1/failureaccess-1.0.1.jar
7f4e2ad92000-7f4e2adc4000 r--s 0026d000 08:04 9047416                    /home/renan/.m2/repository/com/google/guava/guava/27.1-jre/guava-27.1-jre.jar
7f4e2adc4000-7f4e2adc6000 r--s 0000c000 08:04 8261002                    /home/renan/.m2/repository/org/apache/commons/commons-exec/1.3/commons-exec-1.3.jar
7f4e2adc6000-7f4e2ae0d000 r--s 002da000 08:04 9178392                    /home/renan/.m2/repository/net/bytebuddy/byte-buddy/1.9.12/byte-buddy-1.9.12.jar
7f4e2ae0d000-7f4e2ae12000 r--s 00027000 08:04 8260998                    /home/renan/.m2/repository/org/seleniumhq/selenium/selenium-api/4.0.0-alpha-1/selenium-api-4.0.0-alpha-1.jar
7f4e2ae12000-7f4e2ae19000 r--s 00054000 08:04 8260990                    /home/renan/.m2/repository/org/seleniumhq/selenium/selenium-remote-driver/4.0.0-alpha-1/selenium-remote-driver-4.0.0-alpha-1.jar
7f4e2ae19000-7f4e2ae1b000 r--s 00003000 08:04 8260899                    /home/renan/.m2/repository/org/seleniumhq/selenium/selenium-chrome-driver/4.0.0-alpha-1/selenium-chrome-driver-4.0.0-alpha-1.jar
7f4e2ae1b000-7f4e2ae1d000 r--s 00004000 08:04 8260811                    /home/renan/.m2/repository/org/slf4j/log4j-over-slf4j/1.7.28/log4j-over-slf4j-1.7.28.jar
7f4e2ae1d000-7f4e2ae1f000 r--s 00003000 08:04 8260809                    /home/renan/.m2/repository/org/slf4j/jcl-over-slf4j/1.7.28/jcl-over-slf4j-1.7.28.jar
7f4e2ae1f000-7f4e2ae21000 r--s 00000000 08:04 8260807                    /home/renan/.m2/repository/org/slf4j/jul-to-slf4j/1.7.28/jul-to-slf4j-1.7.28.jar
7f4e2ae21000-7f4e2ae23000 r--s 00009000 08:04 8522424                    /home/renan/.m2/repository/org/slf4j/slf4j-api/1.7.25/slf4j-api-1.7.25.jar
7f4e2ae23000-7f4e2ae2e000 r--s 00069000 08:04 8522396                    /home/renan/.m2/repository/ch/qos/logback/logback-core/1.2.3/logback-core-1.2.3.jar
7f4e2ae2e000-7f4e2ae34000 r--s 00041000 08:04 8522394                    /home/renan/.m2/repository/ch/qos/logback/logback-classic/1.2.3/logback-classic-1.2.3.jar
7f4e2ae34000-7f4e2ae36000 r--s 0000c000 08:04 8916171                    /home/renan/.m2/repository/org/jboss/logging/jboss-logging/3.1.4.GA/jboss-logging-3.1.4.GA.jar
7f4e2ae36000-7f4e2ae3a000 r--s 00020000 08:04 8786424                    /home/renan/.m2/repository/org/jboss/jboss-vfs/3.2.14.Final/jboss-vfs-3.2.14.Final.jar
7f4e2ae3a000-7f4e2ae3f000 r--s 0034f000 08:04 4849813                    /home/renan/.m2/repository/net/sourceforge/lept4j/lept4j/1.12.3/lept4j-1.12.3.jar
7f4e2ae3f000-7f4e2ae43000 r--s 00031000 08:04 9441031                    /home/renan/.m2/repository/commons-io/commons-io/2.6/commons-io-2.6.jar
7f4e2ae43000-7f4e2ae47000 r--s 00022000 08:04 4849811                    /home/renan/.m2/repository/org/apache/pdfbox/jbig2-imageio/3.0.2/jbig2-imageio-3.0.2.jar
7f4e2ae47000-7f4e2ae53000 r--s 00108000 08:04 10358163                   /home/renan/.m2/repository/com/lowagie/itext/2.1.7/itext-2.1.7.jar
7f4e2ae53000-7f4e2ae5d000 r--s 00081000 08:04 4849809                    /home/renan/.m2/repository/org/apache/xmlgraphics/xmlgraphics-commons/1.4/xmlgraphics-commons-1.4.jar
7f4e2ae5d000-7f4e2ae6b000 r--s 0007f000 08:04 9440212                    /home/renan/.m2/repository/commons-collections/commons-collections/3.2.1/commons-collections-3.2.1.jar
7f4e2ae6b000-7f4e2ae70000 r--s 00035000 08:04 9047391                    /home/renan/.m2/repository/commons-beanutils/commons-beanutils/1.9.2/commons-beanutils-1.9.2.jar
7f4e2ae70000-7f4e2ae79000 r--s 0006f000 08:04 7609090                    /home/renan/.m2/repository/log4j/log4j/1.2.17/log4j-1.2.17.jar
7f4e2ae79000-7f4e2ae84000 r--s 0008f000 08:04 8655681                    /home/renan/.m2/repository/com/github/jai-imageio/jai-imageio-core/1.4.0/jai-imageio-core-1.4.0.jar
7f4e2ae84000-7f4e2ae9a000 r--s 00250000 08:04 4332170                    /home/renan/.m2/repository/org/apache/pdfbox/pdfbox/2.0.9/pdfbox-2.0.9.jar
7f4e2ae9a000-7f4e2af2a000 r--s 00843000 08:04 10624667                   /home/renan/Dev/PdfBox/pdfbox-app-2.0.17.jar
7f4e2af2a000-7f4e2af2b000 ---p 00000000 00:00 0 
7f4e2af2b000-7f4e2b02b000 rw-p 00000000 00:00 0 
7f4e2b02b000-7f4e2b02e000 ---p 00000000 00:00 0 
7f4e2b02e000-7f4e2b12c000 rw-p 00000000 00:00 0 
7f4e2b12c000-7f4e2b12d000 ---p 00000000 00:00 0 
7f4e2b12d000-7f4e2b130000 ---p 00000000 00:00 0 
7f4e2b130000-7f4e2b22d000 rw-p 00000000 00:00 0 
7f4e2b22d000-7f4e2b22e000 ---p 00000000 00:00 0 
7f4e2b22e000-7f4e2b231000 ---p 00000000 00:00 0 
7f4e2b231000-7f4e2b32e000 rw-p 00000000 00:00 0 
7f4e2b32e000-7f4e2b32f000 ---p 00000000 00:00 0 
7f4e2b32f000-7f4e2b332000 ---p 00000000 00:00 0 
7f4e2b332000-7f4e2b42f000 rw-p 00000000 00:00 0 
7f4e2b42f000-7f4e2b432000 ---p 00000000 00:00 0 
7f4e2b432000-7f4e2b530000 rw-p 00000000 00:00 0 
7f4e2b530000-7f4e2beff000 r--p 00000000 08:04 5774039                    /usr/lib/locale/locale-archive
7f4e2beff000-7f4e2bf02000 ---p 00000000 00:00 0 
7f4e2bf02000-7f4e2c000000 rw-p 00000000 00:00 0 
7f4e2c000000-7f4e2c021000 rw-p 00000000 00:00 0 
7f4e2c021000-7f4e30000000 ---p 00000000 00:00 0 
7f4e30000000-7f4e30021000 rw-p 00000000 00:00 0 
7f4e30021000-7f4e34000000 ---p 00000000 00:00 0 
7f4e34000000-7f4e34021000 rw-p 00000000 00:00 0 
7f4e34021000-7f4e38000000 ---p 00000000 00:00 0 
7f4e38000000-7f4e38021000 rw-p 00000000 00:00 0 
7f4e38021000-7f4e3c000000 ---p 00000000 00:00 0 
7f4e3c000000-7f4e3c021000 rw-p 00000000 00:00 0 
7f4e3c021000-7f4e40000000 ---p 00000000 00:00 0 
7f4e40000000-7f4e40005000 r--s 00028000 08:04 8132139                    /home/renan/.m2/repository/org/ghost4j/ghost4j/1.0.1/ghost4j-1.0.1.jar
7f4e40005000-7f4e40009000 r--s 0016c000 08:04 7999245                    /home/renan/.m2/repository/net/java/dev/jna/jna/5.4.0/jna-5.4.0.jar
7f4e40009000-7f4e4000c000 r--s 0083f000 08:04 4849807                    /home/renan/.m2/repository/net/sourceforge/tess4j/tess4j/4.4.1/tess4j-4.4.1.jar
7f4e4000c000-7f4e4000e000 r--s 0000e000 08:04 8391790                    /home/renan/.m2/repository/commons-logging/commons-logging/1.2/commons-logging-1.2.jar
7f4e4000e000-7f4e40014000 r--s 00041000 08:04 8132622                    /home/renan/Dev/Tess4J/lib/logback-classic-1.2.3.jar
7f4e40014000-7f4e40016000 r--s 00004000 08:04 8132621                    /home/renan/Dev/Tess4J/lib/log4j-over-slf4j-1.7.25.jar
7f4e40016000-7f4e4001f000 r--s 0006f000 08:04 8132620                    /home/renan/Dev/Tess4J/lib/log4j-1.2.17.jar
7f4e4001f000-7f4e40024000 r--s 006b2000 08:04 8132619                    /home/renan/Dev/Tess4J/lib/lept4j-1.6.4.jar
7f4e40024000-7f4e4002c000 r--s 00046000 08:04 8132618                    /home/renan/Dev/Tess4J/lib/junit-4.12.jar
7f4e4002c000-7f4e4002e000 r--s 00000000 08:04 8132617                    /home/renan/Dev/Tess4J/lib/jul-to-slf4j-1.7.25.jar
7f4e4002e000-7f4e40032000 r--s 000dc000 08:04 8132616                    /home/renan/Dev/Tess4J/lib/jna-4.1.0.jar
7f4e40032000-7f4e40034000 r--s 00003000 08:04 8132615                    /home/renan/Dev/Tess4J/lib/jcl-over-slf4j-1.7.25.jar
7f4e40034000-7f4e40038000 r--s 00020000 08:04 8132614                    /home/renan/Dev/Tess4J/lib/jboss-vfs-3.2.12.Final.jar
7f4e40038000-7f4e4003c000 r--s 00022000 08:04 8132613                    /home/renan/Dev/Tess4J/lib/jbig2-imageio-3.0.0.jar
7f4e4003c000-7f4e40047000 r--s 0008f000 08:04 8132612                    /home/renan/Dev/Tess4J/lib/jai-imageio-core-1.4.0.jar
7f4e40047000-7f4e40053000 r--s 00108000 08:04 8132611                    /home/renan/Dev/Tess4J/lib/itext-2.1.7.jar
7f4e40053000-7f4e40055000 r--s 0000a000 08:04 8132610                    /home/renan/Dev/Tess4J/lib/hamcrest-core-1.3.jar
7f4e40055000-7f4e4005a000 r--s 00028000 08:04 8132609                    /home/renan/Dev/Tess4J/lib/ghost4j-1.0.1.jar
7f4e4005a000-7f4e40061000 r--s 00175000 08:04 8132608                    /home/renan/Dev/Tess4J/lib/fontbox-2.0.9.jar
7f4e40061000-7f4e40065000 r--s 00031000 08:04 8132606                    /home/renan/Dev/Tess4J/lib/commons-io-2.6.jar
7f4e40065000-7f4e4006f000 r--s 00089000 08:04 8132630                    /home/renan/Dev/Tess4J/lib/xmlgraphics-commons-1.5.jar
7f4e4006f000-7f4e40085000 r--s 00250000 08:04 8132625                    /home/renan/Dev/Tess4J/lib/pdfbox-2.0.9.jar
7f4e40085000-7f4e4009c000 r--s 0027a000 08:04 10624673                   /home/renan/Dev/PdfBox/pdfbox-2.0.17.jar
7f4e4009c000-7f4e4009f000 ---p 00000000 00:00 0 
7f4e4009f000-7f4e4019d000 rw-p 00000000 00:00 0 
7f4e4019d000-7f4e4019e000 ---p 00000000 00:00 0 
7f4e4019e000-7f4e45000000 rw-p 00000000 00:00 0 
7f4e45000000-7f4e455c0000 rwxp 00000000 00:00 0 
7f4e455c0000-7f4e54000000 ---p 00000000 00:00 0 
7f4e54000000-7f4e55d7d000 rw-p 00000000 00:00 0 
7f4e55d7d000-7f4e58000000 ---p 00000000 00:00 0 
7f4e58000000-7f4e58001000 r--s 00000000 08:04 9047421                    /home/renan/.m2/repository/com/google/guava/listenablefuture/9999.0-empty-to-avoid-conflict-with-guava/listenablefuture-9999.0-empty-to-avoid-conflict-with-guava.jar
7f4e58001000-7f4e58022000 rw-p 00000000 00:00 0 
7f4e58022000-7f4e581fc000 r--s 03d88000 08:04 9704535                    /home/renan/Dev/SpringToolSuite/jre/jre/lib/rt.jar
7f4e581fc000-7f4e58e4c000 rw-p 00000000 00:00 0 
7f4e58e4c000-7f4e58e4d000 ---p 00000000 00:00 0 
7f4e58e4d000-7f4e58f4d000 rw-p 00000000 00:00 0 
7f4e58f4d000-7f4e58f4e000 ---p 00000000 00:00 0 
7f4e58f4e000-7f4e5904e000 rw-p 00000000 00:00 0 
7f4e5904e000-7f4e5904f000 ---p 00000000 00:00 0 
7f4e5904f000-7f4e5914f000 rw-p 00000000 00:00 0 
7f4e5914f000-7f4e59150000 ---p 00000000 00:00 0 
7f4e59150000-7f4e5927a000 rw-p 00000000 00:00 0 
7f4e5927a000-7f4e594e2000 ---p 00000000 00:00 0 
7f4e594e2000-7f4e5950c000 rw-p 00000000 00:00 0 
7f4e5950c000-7f4e59773000 ---p 00000000 00:00 0 
7f4e59773000-7f4e597b7000 rw-p 00000000 00:00 0 
7f4e597b7000-7f4e598bc000 ---p 00000000 00:00 0 
7f4e598bc000-7f4e598d4000 rw-p 00000000 00:00 0 
7f4e598d4000-7f4e59c7d000 ---p 00000000 00:00 0 
7f4e59c7d000-7f4e59c98000 r-xp 00000000 08:04 9830565                    /home/renan/Dev/SpringToolSuite/jre/jre/lib/amd64/libzip.so
7f4e59c98000-7f4e59e97000 ---p 0001b000 08:04 9830565                    /home/renan/Dev/SpringToolSuite/jre/jre/lib/amd64/libzip.so
7f4e59e97000-7f4e59e98000 r--p 0001a000 08:04 9830565                    /home/renan/Dev/SpringToolSuite/jre/jre/lib/amd64/libzip.so
7f4e59e98000-7f4e59e99000 rw-p 0001b000 08:04 9830565                    /home/renan/Dev/SpringToolSuite/jre/jre/lib/amd64/libzip.so
7f4e59e99000-7f4e59ea4000 r-xp 00000000 08:04 3806003                    /lib/x86_64-linux-gnu/libnss_files-2.27.so
7f4e59ea4000-7f4e5a0a3000 ---p 0000b000 08:04 3806003                    /lib/x86_64-linux-gnu/libnss_files-2.27.so
7f4e5a0a3000-7f4e5a0a4000 r--p 0000a000 08:04 3806003                    /lib/x86_64-linux-gnu/libnss_files-2.27.so
7f4e5a0a4000-7f4e5a0a5000 rw-p 0000b000 08:04 3806003                    /lib/x86_64-linux-gnu/libnss_files-2.27.so
7f4e5a0a5000-7f4e5a0ab000 rw-p 00000000 00:00 0 
7f4e5a0ab000-7f4e5a0c2000 r-xp 00000000 08:04 3805997                    /lib/x86_64-linux-gnu/libnsl-2.27.so
7f4e5a0c2000-7f4e5a2c1000 ---p 00017000 08:04 3805997                    /lib/x86_64-linux-gnu/libnsl-2.27.so
7f4e5a2c1000-7f4e5a2c2000 r--p 00016000 08:04 3805997                    /lib/x86_64-linux-gnu/libnsl-2.27.so
7f4e5a2c2000-7f4e5a2c3000 rw-p 00017000 08:04 3805997                    /lib/x86_64-linux-gnu/libnsl-2.27.so
7f4e5a2c3000-7f4e5a2c5000 rw-p 00000000 00:00 0 
7f4e5a2c5000-7f4e5a2d0000 r-xp 00000000 08:04 3806014                    /lib/x86_64-linux-gnu/libnss_nis-2.27.so
7f4e5a2d0000-7f4e5a4cf000 ---p 0000b000 08:04 3806014                    /lib/x86_64-linux-gnu/libnss_nis-2.27.so
7f4e5a4cf000-7f4e5a4d0000 r--p 0000a000 08:04 3806014                    /lib/x86_64-linux-gnu/libnss_nis-2.27.so
7f4e5a4d0000-7f4e5a4d1000 rw-p 0000b000 08:04 3806014                    /lib/x86_64-linux-gnu/libnss_nis-2.27.so
7f4e5a4d1000-7f4e5a4d9000 r-xp 00000000 08:04 3805999                    /lib/x86_64-linux-gnu/libnss_compat-2.27.so
7f4e5a4d9000-7f4e5a6d9000 ---p 00008000 08:04 3805999                    /lib/x86_64-linux-gnu/libnss_compat-2.27.so
7f4e5a6d9000-7f4e5a6da000 r--p 00008000 08:04 3805999                    /lib/x86_64-linux-gnu/libnss_compat-2.27.so
7f4e5a6da000-7f4e5a6db000 rw-p 00009000 08:04 3805999                    /lib/x86_64-linux-gnu/libnss_compat-2.27.so
7f4e5a6db000-7f4e5a707000 r-xp 00000000 08:04 9830556                    /home/renan/Dev/SpringToolSuite/jre/jre/lib/amd64/libjava.so
7f4e5a707000-7f4e5a907000 ---p 0002c000 08:04 9830556                    /home/renan/Dev/SpringToolSuite/jre/jre/lib/amd64/libjava.so
7f4e5a907000-7f4e5a908000 r--p 0002c000 08:04 9830556                    /home/renan/Dev/SpringToolSuite/jre/jre/lib/amd64/libjava.so
7f4e5a908000-7f4e5a90a000 rw-p 0002d000 08:04 9830556                    /home/renan/Dev/SpringToolSuite/jre/jre/lib/amd64/libjava.so
7f4e5a90a000-7f4e5a917000 r-xp 00000000 08:04 9830547                    /home/renan/Dev/SpringToolSuite/jre/jre/lib/amd64/libverify.so
7f4e5a917000-7f4e5ab16000 ---p 0000d000 08:04 9830547                    /home/renan/Dev/SpringToolSuite/jre/jre/lib/amd64/libverify.so
7f4e5ab16000-7f4e5ab18000 r--p 0000c000 08:04 9830547                    /home/renan/Dev/SpringToolSuite/jre/jre/lib/amd64/libverify.so
7f4e5ab18000-7f4e5ab19000 rw-p 0000e000 08:04 9830547                    /home/renan/Dev/SpringToolSuite/jre/jre/lib/amd64/libverify.so
7f4e5ab19000-7f4e5ab20000 r-xp 00000000 08:04 3806054                    /lib/x86_64-linux-gnu/librt-2.27.so
7f4e5ab20000-7f4e5ad1f000 ---p 00007000 08:04 3806054                    /lib/x86_64-linux-gnu/librt-2.27.so
7f4e5ad1f000-7f4e5ad20000 r--p 00006000 08:04 3806054                    /lib/x86_64-linux-gnu/librt-2.27.so
7f4e5ad20000-7f4e5ad21000 rw-p 00007000 08:04 3806054                    /lib/x86_64-linux-gnu/librt-2.27.so
7f4e5ad21000-7f4e5aebe000 r-xp 00000000 08:04 3805976                    /lib/x86_64-linux-gnu/libm-2.27.so
7f4e5aebe000-7f4e5b0bd000 ---p 0019d000 08:04 3805976                    /lib/x86_64-linux-gnu/libm-2.27.so
7f4e5b0bd000-7f4e5b0be000 r--p 0019c000 08:04 3805976                    /lib/x86_64-linux-gnu/libm-2.27.so
7f4e5b0be000-7f4e5b0bf000 rw-p 0019d000 08:04 3805976                    /lib/x86_64-linux-gnu/libm-2.27.so
7f4e5b0bf000-7f4e5bda7000 r-xp 00000000 08:04 9830563                    /home/renan/Dev/SpringToolSuite/jre/jre/lib/amd64/server/libjvm.so
7f4e5bda7000-7f4e5bfa6000 ---p 00ce8000 08:04 9830563                    /home/renan/Dev/SpringToolSuite/jre/jre/lib/amd64/server/libjvm.so
7f4e5bfa6000-7f4e5c03c000 r--p 00ce7000 08:04 9830563                    /home/renan/Dev/SpringToolSuite/jre/jre/lib/amd64/server/libjvm.so
7f4e5c03c000-7f4e5c06d000 rw-p 00d7d000 08:04 9830563                    /home/renan/Dev/SpringToolSuite/jre/jre/lib/amd64/server/libjvm.so
7f4e5c06d000-7f4e5c0a8000 rw-p 00000000 00:00 0 
7f4e5c0a8000-7f4e5c28f000 r-xp 00000000 08:04 3805913                    /lib/x86_64-linux-gnu/libc-2.27.so
7f4e5c28f000-7f4e5c48f000 ---p 001e7000 08:04 3805913                    /lib/x86_64-linux-gnu/libc-2.27.so
7f4e5c48f000-7f4e5c493000 r--p 001e7000 08:04 3805913                    /lib/x86_64-linux-gnu/libc-2.27.so
7f4e5c493000-7f4e5c495000 rw-p 001eb000 08:04 3805913                    /lib/x86_64-linux-gnu/libc-2.27.so
7f4e5c495000-7f4e5c499000 rw-p 00000000 00:00 0 
7f4e5c499000-7f4e5c49c000 r-xp 00000000 08:04 3805936                    /lib/x86_64-linux-gnu/libdl-2.27.so
7f4e5c49c000-7f4e5c69b000 ---p 00003000 08:04 3805936                    /lib/x86_64-linux-gnu/libdl-2.27.so
7f4e5c69b000-7f4e5c69c000 r--p 00002000 08:04 3805936                    /lib/x86_64-linux-gnu/libdl-2.27.so
7f4e5c69c000-7f4e5c69d000 rw-p 00003000 08:04 3805936                    /lib/x86_64-linux-gnu/libdl-2.27.so
7f4e5c69d000-7f4e5c6b4000 r-xp 00000000 08:04 9831214                    /home/renan/Dev/SpringToolSuite/jre/lib/amd64/jli/libjli.so
7f4e5c6b4000-7f4e5c8b3000 ---p 00017000 08:04 9831214                    /home/renan/Dev/SpringToolSuite/jre/lib/amd64/jli/libjli.so
7f4e5c8b3000-7f4e5c8b4000 r--p 00016000 08:04 9831214                    /home/renan/Dev/SpringToolSuite/jre/lib/amd64/jli/libjli.so
7f4e5c8b4000-7f4e5c8b5000 rw-p 00017000 08:04 9831214                    /home/renan/Dev/SpringToolSuite/jre/lib/amd64/jli/libjli.so
7f4e5c8b5000-7f4e5c8cf000 r-xp 00000000 08:04 3806046                    /lib/x86_64-linux-gnu/libpthread-2.27.so
7f4e5c8cf000-7f4e5cace000 ---p 0001a000 08:04 3806046                    /lib/x86_64-linux-gnu/libpthread-2.27.so
7f4e5cace000-7f4e5cacf000 r--p 00019000 08:04 3806046                    /lib/x86_64-linux-gnu/libpthread-2.27.so
7f4e5cacf000-7f4e5cad0000 rw-p 0001a000 08:04 3806046                    /lib/x86_64-linux-gnu/libpthread-2.27.so
7f4e5cad0000-7f4e5cad4000 rw-p 00000000 00:00 0 
7f4e5cad4000-7f4e5cafb000 r-xp 00000000 08:04 3805885                    /lib/x86_64-linux-gnu/ld-2.27.so
7f4e5cafb000-7f4e5cafc000 r--s 00000000 08:04 8260994                    /home/renan/.m2/repository/org/seleniumhq/selenium/selenium-java/4.0.0-alpha-1/selenium-java-4.0.0-alpha-1.jar
7f4e5cafc000-7f4e5cafe000 r--s 0000e000 08:04 8132607                    /home/renan/Dev/Tess4J/lib/commons-logging-1.2.jar
7f4e5cafe000-7f4e5cb03000 r--s 00035000 08:04 8132605                    /home/renan/Dev/Tess4J/lib/commons-beanutils-1.9.2.jar
7f4e5cb03000-7f4e5cb05000 r--s 00009000 08:04 8132627                    /home/renan/Dev/Tess4J/lib/slf4j-api-1.7.25.jar
7f4e5cb05000-7f4e5cb10000 r--s 00069000 08:04 8132623                    /home/renan/Dev/Tess4J/lib/logback-core-1.2.3.jar
7f4e5cb10000-7f4e5cbdb000 rw-p 00000000 00:00 0 
7f4e5cbdb000-7f4e5cbdc000 ---p 00000000 00:00 0 
7f4e5cbdc000-7f4e5cbdf000 ---p 00000000 00:00 0 
7f4e5cbdf000-7f4e5cce0000 rw-p 00000000 00:00 0 
7f4e5cce0000-7f4e5cce2000 r--s 00010000 08:04 8132626                    /home/renan/Dev/Tess4J/lib/pdfbox-tools-2.0.9.jar
7f4e5cce2000-7f4e5cce5000 r--s 0001e000 08:04 10624682                   /home/renan/Dev/PdfBox/xmpbox-2.0.17.jar
7f4e5cce5000-7f4e5ccea000 r--s 00038000 08:04 10624679                   /home/renan/Dev/PdfBox/preflight-2.0.17.jar
7f4e5ccea000-7f4e5ccf1000 r--s 00176000 08:04 10624664                   /home/renan/Dev/PdfBox/fontbox-2.0.17.jar
7f4e5ccf1000-7f4e5ccf9000 rw-s 00000000 08:04 7999175                    /tmp/hsperfdata_renan/10812
7f4e5ccf9000-7f4e5ccfa000 rw-p 00000000 00:00 0 
7f4e5ccfa000-7f4e5ccfb000 r--p 00000000 00:00 0 
7f4e5ccfb000-7f4e5ccfc000 r--p 00027000 08:04 3805885                    /lib/x86_64-linux-gnu/ld-2.27.so
7f4e5ccfc000-7f4e5ccfd000 rw-p 00028000 08:04 3805885                    /lib/x86_64-linux-gnu/ld-2.27.so
7f4e5ccfd000-7f4e5ccfe000 rw-p 00000000 00:00 0 
7ffe6cf10000-7ffe6cf32000 rw-p 00000000 00:00 0                          [stack]
7ffe6cf33000-7ffe6cf36000 r--p 00000000 00:00 0                          [vvar]
7ffe6cf36000-7ffe6cf37000 r-xp 00000000 00:00 0                          [vdso]
ffffffffff600000-ffffffffff601000 r-xp 00000000 00:00 0                  [vsyscall]

VM Arguments:
jvm_args: -Dfile.encoding=UTF-8 
java_command: br.com.cesupa.main.Main
java_class_path (initial): /home/renan/Dev/SpringToolSuite/cesupaWorkspace/PdfReader/target/classes:/home/renan/Dev/PdfBox/fontbox-2.0.17.jar:/home/renan/Dev/PdfBox/pdfbox-2.0.17.jar:/home/renan/Dev/PdfBox/pdfbox-app-2.0.17.jar:/home/renan/Dev/PdfBox/preflight-2.0.17.jar:/home/renan/Dev/PdfBox/xmpbox-2.0.17.jar:/home/renan/Dev/Tess4J/lib/logback-core-1.2.3.jar:/home/renan/Dev/Tess4J/lib/pdfbox-2.0.9.jar:/home/renan/Dev/Tess4J/lib/pdfbox-tools-2.0.9.jar:/home/renan/Dev/Tess4J/lib/slf4j-api-1.7.25.jar:/home/renan/Dev/Tess4J/lib/xmlgraphics-commons-1.5.jar:/home/renan/Dev/Tess4J/lib/commons-beanutils-1.9.2.jar:/home/renan/Dev/Tess4J/lib/commons-io-2.6.jar:/home/renan/Dev/Tess4J/lib/commons-logging-1.2.jar:/home/renan/Dev/Tess4J/lib/fontbox-2.0.9.jar:/home/renan/Dev/Tess4J/lib/ghost4j-1.0.1.jar:/home/renan/Dev/Tess4J/lib/hamcrest-core-1.3.jar:/home/renan/Dev/Tess4J/lib/itext-2.1.7.jar:/home/renan/Dev/Tess4J/lib/jai-imageio-core-1.4.0.jar:/home/renan/Dev/Tess4J/lib/jbig2-imageio-3.0.0.jar:/home/renan/Dev/Tess4J/lib/jboss-vfs-3.2.12.Final.jar:/home/renan/Dev/Tess4J/lib/jcl-over-slf4j-1.7.25.jar:/home/renan/Dev/Tess4J/lib/jna-4.1.0.jar:/home/renan/Dev/Tess4J/lib/jul-to-slf4j-1.7.25.jar:/home/renan/Dev/Tess4J/lib/junit-4.12.jar:/home/renan/Dev/Tess4J/lib/lept4j-1.6.4.jar:/home/renan/Dev/Tess4J/lib/log4j-1.2.17.jar:/home/renan/Dev/Tess4J/lib/log4j-over-slf4j-1.7.25.jar:/home/renan/Dev/Tess4J/lib/logback-classic-1.2.3.jar:/home/renan/.m2/repository/org/apache/pdfbox/pdfbox/2.0.9/pdfbox-2.0.9.jar:/home/renan/.m2/repository/commons-logging/commons-logging/1.2/commons-logging-1.2.jar:/home/renan/.m2/repository/net/sourceforge/tess4j/tess4j/4.4.1/tess4j-4.4.1.jar:/home/renan/.m2/repository/net/java/dev/jna/jna/5.4.0/jna-5.4.0.jar:/home/renan/.m2/repository/com/github/jai-imageio/jai-imageio-core/1.4.0/jai-imageio-core-1.4.0.jar:/home/renan/.m2/repository/org/ghost4j/ghost4j/1.0.1/ghost4j-1.0.1.jar:/home/renan/.m2/repository/log4j/log4j/1.2.17/log4j-1.2.17.jar:/home/renan/.m2/re
Launcher Type: SUN_STANDARD

Environment Variables:
JAVA_HOME=/usr/jdk1.8.0_221
PATH=/home/renan/.local/bin:/usr/local/sbin:/usr/local/bin:/usr/sbin:/usr/bin:/sbin:/bin:/usr/games:/usr/local/games:/snap/bin
USERNAME=renan
SHELL=/bin/bash
DISPLAY=:0

Signal Handlers:
SIGSEGV: [libjvm.so+0xad3d90], sa_mask[0]=11111111011111111101111111111110, sa_flags=SA_RESTART|SA_SIGINFO
SIGBUS: [libjvm.so+0xad3d90], sa_mask[0]=11111111011111111101111111111110, sa_flags=SA_RESTART|SA_SIGINFO
SIGFPE: [libjvm.so+0x90b8b0], sa_mask[0]=11111111011111111101111111111110, sa_flags=SA_RESTART|SA_SIGINFO
SIGPIPE: [libjvm.so+0x90b8b0], sa_mask[0]=11111111011111111101111111111110, sa_flags=SA_RESTART|SA_SIGINFO
SIGXFSZ: [libjvm.so+0x90b8b0], sa_mask[0]=11111111011111111101111111111110, sa_flags=SA_RESTART|SA_SIGINFO
SIGILL: [libjvm.so+0x90b8b0], sa_mask[0]=11111111011111111101111111111110, sa_flags=SA_RESTART|SA_SIGINFO
SIGUSR1: SIG_DFL, sa_mask[0]=00000000000000000000000000000000, sa_flags=none
SIGUSR2: [libjvm.so+0x90b780], sa_mask[0]=00100000000000000000000000000000, sa_flags=SA_RESTART|SA_SIGINFO
SIGHUP: [libjvm.so+0x90bda0], sa_mask[0]=11111111011111111101111111111110, sa_flags=SA_RESTART|SA_SIGINFO
SIGINT: [libjvm.so+0x90bda0], sa_mask[0]=11111111011111111101111111111110, sa_flags=SA_RESTART|SA_SIGINFO
SIGTERM: [libjvm.so+0x90bda0], sa_mask[0]=11111111011111111101111111111110, sa_flags=SA_RESTART|SA_SIGINFO
SIGQUIT: [libjvm.so+0x90bda0], sa_mask[0]=11111111011111111101111111111110, sa_flags=SA_RESTART|SA_SIGINFO


---------------  S Y S T E M  ---------------

OS:DISTRIB_ID=Ubuntu
DISTRIB_RELEASE=18.04
DISTRIB_CODENAME=bionic
DISTRIB_DESCRIPTION="Ubuntu 18.04.3 LTS"

uname:Linux 5.0.0-37-generic #40~18.04.1-Ubuntu SMP Thu Nov 14 12:06:39 UTC 2019 x86_64
libc:glibc 2.27 NPTL 2.27 
rlimit: STACK 8192k, CORE 0k, NPROC 31349, NOFILE 4096, AS infinity
load average:0,77 0,94 0,96

/proc/meminfo:
MemTotal:        8073720 kB
MemFree:          817388 kB
MemAvailable:    3773788 kB
Buffers:          670876 kB
Cached:          2557660 kB
SwapCached:            0 kB
Active:          5025092 kB
Inactive:        1509004 kB
Active(anon):    3439200 kB
Inactive(anon):   194592 kB
Active(file):    1585892 kB
Inactive(file):  1314412 kB
Unevictable:      136500 kB
Mlocked:              80 kB
SwapTotal:       3905532 kB
SwapFree:        3905532 kB
Dirty:                84 kB
Writeback:             0 kB
AnonPages:       3442336 kB
Mapped:           753776 kB
Shmem:            329724 kB
KReclaimable:     360876 kB
Slab:             421824 kB
SReclaimable:     360876 kB
SUnreclaim:        60948 kB
KernelStack:       15280 kB
PageTables:        54936 kB
NFS_Unstable:          0 kB
Bounce:                0 kB
WritebackTmp:          0 kB
CommitLimit:     7942392 kB
Committed_AS:    8987932 kB
VmallocTotal:   34359738367 kB
VmallocUsed:           0 kB
VmallocChunk:          0 kB
Percpu:             1360 kB
HardwareCorrupted:     0 kB
AnonHugePages:         0 kB
ShmemHugePages:        0 kB
ShmemPmdMapped:        0 kB
CmaTotal:              0 kB
CmaFree:               0 kB
HugePages_Total:       0
HugePages_Free:        0
HugePages_Rsvd:        0
HugePages_Surp:        0
Hugepagesize:       2048 kB
Hugetlb:               0 kB
DirectMap4k:      227932 kB
DirectMap2M:     8069120 kB
DirectMap1G:           0 kB

container (cgroup) information:
container_type: cgroupv1
cpu_cpuset_cpus: 0-3
cpu_memory_nodes: 0
active_processor_count: 4
cpu_quota: -1
cpu_period: 100000
cpu_shares: -1
memory_limit_in_bytes: -1
memory_and_swap_limit_in_bytes: -2
memory_soft_limit_in_bytes: -1
memory_usage_in_bytes: 6830612480
memory_max_usage_in_bytes: 2125824


CPU:total 4 (initial active 4) (2 cores per cpu, 2 threads per core) family 6 model 61 stepping 4, cmov, cx8, fxsr, mmx, sse, sse2, sse3, ssse3, sse4.1, sse4.2, popcnt, avx, avx2, aes, clmul, erms, 3dnowpref, lzcnt, ht, tsc, tscinvbit, bmi1, bmi2, adx

/proc/cpuinfo:
processor	: 0
vendor_id	: GenuineIntel
cpu family	: 6
model		: 61
model name	: Intel(R) Core(TM) i5-5200U CPU @ 2.20GHz
stepping	: 4
microcode	: 0x2e
cpu MHz		: 2494.295
cache size	: 3072 KB
physical id	: 0
siblings	: 4
core id		: 0
cpu cores	: 2
apicid		: 0
initial apicid	: 0
fpu		: yes
fpu_exception	: yes
cpuid level	: 20
wp		: yes
flags		: fpu vme de pse tsc msr pae mce cx8 apic sep mtrr pge mca cmov pat pse36 clflush dts acpi mmx fxsr sse sse2 ss ht tm pbe syscall nx pdpe1gb rdtscp lm constant_tsc arch_perfmon pebs bts rep_good nopl xtopology nonstop_tsc cpuid aperfmperf pni pclmulqdq dtes64 monitor ds_cpl vmx est tm2 ssse3 sdbg fma cx16 xtpr pdcm pcid sse4_1 sse4_2 x2apic movbe popcnt tsc_deadline_timer aes xsave avx f16c rdrand lahf_lm abm 3dnowprefetch cpuid_fault epb invpcid_single pti ssbd ibrs ibpb stibp tpr_shadow vnmi flexpriority ept vpid ept_ad fsgsbase tsc_adjust bmi1 avx2 smep bmi2 erms invpcid rdseed adx smap intel_pt xsaveopt dtherm ida arat pln pts md_clear flush_l1d
bugs		: cpu_meltdown spectre_v1 spectre_v2 spec_store_bypass l1tf mds swapgs itlb_multihit
bogomips	: 4389.84
clflush size	: 64
cache_alignment	: 64
address sizes	: 39 bits physical, 48 bits virtual
power management:

processor	: 1
vendor_id	: GenuineIntel
cpu family	: 6
model		: 61
model name	: Intel(R) Core(TM) i5-5200U CPU @ 2.20GHz
stepping	: 4
microcode	: 0x2e
cpu MHz		: 2533.631
cache size	: 3072 KB
physical id	: 0
siblings	: 4
core id		: 1
cpu cores	: 2
apicid		: 2
initial apicid	: 2
fpu		: yes
fpu_exception	: yes
cpuid level	: 20
wp		: yes
flags		: fpu vme de pse tsc msr pae mce cx8 apic sep mtrr pge mca cmov pat pse36 clflush dts acpi mmx fxsr sse sse2 ss ht tm pbe syscall nx pdpe1gb rdtscp lm constant_tsc arch_perfmon pebs bts rep_good nopl xtopology nonstop_tsc cpuid aperfmperf pni pclmulqdq dtes64 monitor ds_cpl vmx est tm2 ssse3 sdbg fma cx16 xtpr pdcm pcid sse4_1 sse4_2 x2apic movbe popcnt tsc_deadline_timer aes xsave avx f16c rdrand lahf_lm abm 3dnowprefetch cpuid_fault epb invpcid_single pti ssbd ibrs ibpb stibp tpr_shadow vnmi flexpriority ept vpid ept_ad fsgsbase tsc_adjust bmi1 avx2 smep bmi2 erms invpcid rdseed adx smap intel_pt xsaveopt dtherm ida arat pln pts md_clear flush_l1d
bugs		: cpu_meltdown spectre_v1 spectre_v2 spec_store_bypass l1tf mds swapgs itlb_multihit
bogomips	: 4389.84
clflush size	: 64
cache_alignment	: 64
address sizes	: 39 bits physical, 48 bits virtual
power management:

processor	: 2
vendor_id	: GenuineIntel
cpu family	: 6
model		: 61
model name	: Intel(R) Core(TM) i5-5200U CPU @ 2.20GHz
stepping	: 4
microcode	: 0x2e
cpu MHz		: 2494.253
cache size	: 3072 KB
physical id	: 0
siblings	: 4
core id		: 0
cpu cores	: 2
apicid		: 1
initial apicid	: 1
fpu		: yes
fpu_exception	: yes
cpuid level	: 20
wp		: yes
flags		: fpu vme de pse tsc msr pae mce cx8 apic sep mtrr pge mca cmov pat pse36 clflush dts acpi mmx fxsr sse sse2 ss ht tm pbe syscall nx pdpe1gb rdtscp lm constant_tsc arch_perfmon pebs bts rep_good nopl xtopology nonstop_tsc cpuid aperfmperf pni pclmulqdq dtes64 monitor ds_cpl vmx est tm2 ssse3 sdbg fma cx16 xtpr pdcm pcid sse4_1 sse4_2 x2apic movbe popcnt tsc_deadline_timer aes xsave avx f16c rdrand lahf_lm abm 3dnowprefetch cpuid_fault epb invpcid_single pti ssbd ibrs ibpb stibp tpr_shadow vnmi flexpriority ept vpid ept_ad fsgsbase tsc_adjust bmi1 avx2 smep bmi2 erms invpcid rdseed adx smap intel_pt xsaveopt dtherm ida arat pln pts md_clear flush_l1d
bugs		: cpu_meltdown spectre_v1 spectre_v2 spec_store_bypass l1tf mds swapgs itlb_multihit
bogomips	: 4389.84
clflush size	: 64
cache_alignment	: 64
address sizes	: 39 bits physical, 48 bits virtual
power management:

processor	: 3
vendor_id	: GenuineIntel
cpu family	: 6
model		: 61
model name	: Intel(R) Core(TM) i5-5200U CPU @ 2.20GHz
stepping	: 4
microcode	: 0x2e
cpu MHz		: 2627.679
cache size	: 3072 KB
physical id	: 0
siblings	: 4
core id		: 1
cpu cores	: 2
apicid		: 3
initial apicid	: 3
fpu		: yes
fpu_exception	: yes
cpuid level	: 20
wp		: yes
flags		: fpu vme de pse tsc msr pae mce cx8 apic sep mtrr pge mca cmov pat pse36 clflush dts acpi mmx fxsr sse sse2 ss ht tm pbe syscall nx pdpe1gb rdtscp lm constant_tsc arch_perfmon pebs bts rep_good nopl xtopology nonstop_tsc cpuid aperfmperf pni pclmulqdq dtes64 monitor ds_cpl vmx est tm2 ssse3 sdbg fma cx16 xtpr pdcm pcid sse4_1 sse4_2 x2apic movbe popcnt tsc_deadline_timer aes xsave avx f16c rdrand lahf_lm abm 3dnowprefetch cpuid_fault epb invpcid_single pti ssbd ibrs ibpb stibp tpr_shadow vnmi flexpriority ept vpid ept_ad fsgsbase tsc_adjust bmi1 avx2 smep bmi2 erms invpcid rdseed adx smap intel_pt xsaveopt dtherm ida arat pln pts md_clear flush_l1d
bugs		: cpu_meltdown spectre_v1 spectre_v2 spec_store_bypass l1tf mds swapgs itlb_multihit
bogomips	: 4389.84
clflush size	: 64
cache_alignment	: 64
address sizes	: 39 bits physical, 48 bits virtual
power management:



Memory: 4k page, physical 8073720k(817388k free), swap 3905532k(3905532k free)

vm_info: Java HotSpot(TM) 64-Bit Server VM (25.221-b11) for linux-amd64 JRE (1.8.0_221-b11), built on Jul  4 2019 04:27:00 by "java_re" with gcc 7.3.0

time: Sat Dec  7 15:03:41 2019
timezone: -03
elapsed time: 2 seconds (0d 0h 0m 2s)

