#
# A fatal error has been detected by the Java Runtime Environment:
#
#  SIGSEGV (0xb) at pc=0x00007fdf6e8a0c27, pid=10301, tid=0x00007fdfc384c700
#
# JRE version: Java(TM) SE Runtime Environment (8.0_221-b11) (build 1.8.0_221-b11)
# Java VM: Java HotSpot(TM) 64-Bit Server VM (25.221-b11 mixed mode linux-amd64 compressed oops)
# Problematic frame:
# C  [libtesseract.so+0xa1c27]  tesseract::Tesseract::recog_all_words(PAGE_RES*, ETEXT_DESC*, TBOX const*, char const*, int)+0x437
#
# Failed to write core dump. Core dumps have been disabled. To enable core dumping, try "ulimit -c unlimited" before starting Java again
#
# If you would like to submit a bug report, please visit:
#   http://bugreport.java.com/bugreport/crash.jsp
# The crash happened outside the Java Virtual Machine in native code.
# See problematic frame for where to report the bug.
#

---------------  T H R E A D  ---------------

Current thread (0x00007fdfbc00e000):  JavaThread "main" [_thread_in_native, id=10305, stack(0x00007fdfc374d000,0x00007fdfc384d000)]

siginfo: si_signo: 11 (SIGSEGV), si_code: 1 (SEGV_MAPERR), si_addr: 0x000000000000000c

Registers:
RAX=0x0000000000000000, RBX=0x00007fdfbca2fbc0, RCX=0x0000000000000000, RDX=0x00007fdfbca517b8
RSP=0x00007fdfc384a6a0, RBP=0x00007fdfc384a6f0, RSI=0x0000000000000000, RDI=0x00007fdfc384a7b0
R8 =0x0000000000000000, R9 =0x0000000000000000, R10=0x00007fdfbc0008d0, R11=0x0000000000000000
R12=0x00007fdfbcc3e7f0, R13=0x0000000000000000, R14=0x0000000000000000, R15=0x00007fdfbcc3e7f0
RIP=0x00007fdf6e8a0c27, EFLAGS=0x0000000000010246, CSGSFS=0x002b000000000033, ERR=0x0000000000000004
  TRAPNO=0x000000000000000e

Top of Stack: (sp=0x00007fdfc384a6a0)
0x00007fdfc384a6a0:   0000000000000000 0000000000000000
0x00007fdfc384a6b0:   0000000000000000 00007fdfbcc6a9d0
0x00007fdfc384a6c0:   00007fdfbcc53dd0 00007fdfbcc4f010
0x00007fdfc384a6d0:   0000000000000001 00007fdfc384a700
0x00007fdfc384a6e0:   00007fdfbcc6a9d0 00007fdf6ea3199e
0x00007fdfc384a6f0:   00007fdfbcc3e7f0 0000000000000000
0x00007fdfc384a700:   0000000000000000 0000000000000000
0x00007fdfc384a710:   00007fdfbcc40e90 00007fdfbcc3f480
0x00007fdfc384a720:   00007fdfbcc4f010 00007fdfbca62880
0x00007fdfc384a730:   00007fdfbcc437b0 00007fdfbcc4f010
0x00007fdfc384a740:   00007fdfbcc3e7f8 00007fdfbcc4f010
0x00007fdfc384a750:   00007fdfbcc4f010 00007fdfbcc4f010
0x00007fdfc384a760:   0000000000000000 00007fdfbcc4f010
0x00007fdfc384a770:   00007fdfbcc4f000 00007fdfbcc4f038
0x00007fdfc384a780:   00007fdfbcc3f480 00007fdfbcc437b0
0x00007fdfc384a790:   00007fdfbcc42a80 00007fdfbca50000
0x00007fdfc384a7a0:   00007fdfbcc3f480 00007fdfbcc3e801
0x00007fdfc384a7b0:   00007fdfbcc437d0 00007fdfbca62880
0x00007fdfc384a7c0:   00007fdfbca65720 00007fdfbca62880
0x00007fdfc384a7d0:   0000000000000000 00007fdfbca62880
0x00007fdfc384a7e0:   00007fdfbca51901 b293b74ad12d6b00
0x00007fdfc384a7f0:   00007fdfc384a820 00007fdfbc73f390
0x00007fdfc384a800:   00007fdfc384a890 0000000000000000
0x00007fdfc384a810:   0000000000000000 0000000000000001
0x00007fdfc384a820:   00007fdfbcc3e7f0 00007fdf6e88a160
0x00007fdfc384a830:   00007fdfbc73f390 0000000000000009
0x00007fdfc384a840:   0000000000000000 00007fdf6f155b3b
0x00007fdfc384a850:   00007fdfc384a801 b293b74ad12d6b00
0x00007fdfc384a860:   00007fdfc384a8c8 00007fdfbc73f390
0x00007fdfc384a870:   0000000000000001 0000000000000000
0x00007fdfc384a880:   0000000000000001 00007fdfc384b2d0
0x00007fdfc384a890:   00007fdfc384a8e0 00007fdf6e88b3ff 

Instructions: (pc=0x00007fdf6e8a0c27)
0x00007fdf6e8a0c07:   00 31 f6 48 89 ef e8 ce f9 18 00 8b 83 a0 15 00
0x00007fdf6e8a0c17:   00 85 c0 0f 8f c0 00 00 00 48 8b 83 40 0a 00 00
0x00007fdf6e8a0c27:   80 78 0c 00 0f 85 a7 02 00 00 8b 83 58 47 02 00
0x00007fdf6e8a0c37:   85 c0 0f 8e b1 00 00 00 31 d2 45 31 ff eb 2c 66 

Register to memory mapping:

RAX=0x0000000000000000 is an unknown value
RBX=0x00007fdfbca2fbc0 is an unknown value
RCX=0x0000000000000000 is an unknown value
RDX=0x00007fdfbca517b8 is an unknown value
RSP=0x00007fdfc384a6a0 is pointing into the stack for thread: 0x00007fdfbc00e000
RBP=0x00007fdfc384a6f0 is pointing into the stack for thread: 0x00007fdfbc00e000
RSI=0x0000000000000000 is an unknown value
RDI=0x00007fdfc384a7b0 is pointing into the stack for thread: 0x00007fdfbc00e000
R8 =0x0000000000000000 is an unknown value
R9 =0x0000000000000000 is an unknown value
R10=0x00007fdfbc0008d0 is an unknown value
R11=0x0000000000000000 is an unknown value
R12=0x00007fdfbcc3e7f0 is an unknown value
R13=0x0000000000000000 is an unknown value
R14=0x0000000000000000 is an unknown value
R15=0x00007fdfbcc3e7f0 is an unknown value


Stack: [0x00007fdfc374d000,0x00007fdfc384d000],  sp=0x00007fdfc384a6a0,  free space=1013k
Native frames: (J=compiled Java code, j=interpreted, Vv=VM code, C=native code)
C  [libtesseract.so+0xa1c27]  tesseract::Tesseract::recog_all_words(PAGE_RES*, ETEXT_DESC*, TBOX const*, char const*, int)+0x437
C  0x0000000000000000

Java frames: (J=compiled Java code, j=interpreted, Vv=VM code)
j  com.sun.jna.Native.invokePointer(JI[Ljava/lang/Object;)J+0
j  com.sun.jna.Function.invokePointer(I[Ljava/lang/Object;)Lcom/sun/jna/Pointer;+6
j  com.sun.jna.Function.invoke([Ljava/lang/Object;Ljava/lang/Class;Z)Ljava/lang/Object;+426
j  com.sun.jna.Function.invoke(Ljava/lang/Class;[Ljava/lang/Object;Ljava/util/Map;)Ljava/lang/Object;+262
j  com.sun.jna.Library$Handler.invoke(Ljava/lang/Object;Ljava/lang/reflect/Method;[Ljava/lang/Object;)Ljava/lang/Object;+316
j  com.sun.proxy.$Proxy0.TessBaseAPIGetUTF8Text(Lnet/sourceforge/tess4j/ITessAPI$TessBaseAPI;)Lcom/sun/jna/Pointer;+16
j  net.sourceforge.tess4j.Tesseract.getOCRText(Ljava/lang/String;I)Ljava/lang/String;+269
j  net.sourceforge.tess4j.Tesseract.doOCR(Ljava/util/List;Ljava/lang/String;Ljava/awt/Rectangle;)Ljava/lang/String;+69
j  net.sourceforge.tess4j.Tesseract.doOCR(Ljava/util/List;Ljava/awt/Rectangle;)Ljava/lang/String;+4
j  net.sourceforge.tess4j.Tesseract.doOCR(Ljava/awt/image/BufferedImage;Ljava/awt/Rectangle;)Ljava/lang/String;+6
j  net.sourceforge.tess4j.Tesseract.doOCR(Ljava/awt/image/BufferedImage;)Ljava/lang/String;+3
j  br.com.cesupa.main.Main.main([Ljava/lang/String;)V+44
v  ~StubRoutines::call_stub

---------------  P R O C E S S  ---------------

Java Threads: ( => current thread )
  0x00007fdfbc60c000 JavaThread "Java2D Disposer" daemon [_thread_blocked, id=10323, stack(0x00007fdf9c08a000,0x00007fdf9c18b000)]
  0x00007fdfbc0d7000 JavaThread "Service Thread" daemon [_thread_blocked, id=10321, stack(0x00007fdf9dbfe000,0x00007fdf9dcff000)]
  0x00007fdfbc0c1800 JavaThread "C1 CompilerThread2" daemon [_thread_blocked, id=10320, stack(0x00007fdf9dd00000,0x00007fdf9de00000)]
  0x00007fdfbc0c0000 JavaThread "C2 CompilerThread1" daemon [_thread_blocked, id=10319, stack(0x00007fdf9de01000,0x00007fdf9df01000)]
  0x00007fdfbc0bd000 JavaThread "C2 CompilerThread0" daemon [_thread_blocked, id=10318, stack(0x00007fdf9df02000,0x00007fdf9e002000)]
  0x00007fdfbc0bb800 JavaThread "Signal Dispatcher" daemon [_thread_blocked, id=10317, stack(0x00007fdf9e002000,0x00007fdf9e103000)]
  0x00007fdfbc08a800 JavaThread "Finalizer" daemon [_thread_blocked, id=10316, stack(0x00007fdf9ead2000,0x00007fdf9ebd3000)]
  0x00007fdfbc086000 JavaThread "Reference Handler" daemon [_thread_blocked, id=10315, stack(0x00007fdf9ebd3000,0x00007fdf9ecd4000)]
=>0x00007fdfbc00e000 JavaThread "main" [_thread_in_native, id=10305, stack(0x00007fdfc374d000,0x00007fdfc384d000)]

Other Threads:
  0x00007fdfbc07c800 VMThread [stack: 0x00007fdf9ecd5000,0x00007fdf9edd5000] [id=10314]
  0x00007fdfbc0d9800 WatcherThread [stack: 0x00007fdf9dafe000,0x00007fdf9dbfe000] [id=10322]

VM state:not at safepoint (normal execution)

VM Mutex/Monitor currently owned by a thread: None

heap address: 0x0000000084c00000, size: 1972 MB, Compressed Oops mode: 32-bit
Narrow klass base: 0x0000000000000000, Narrow klass shift: 3
Compressed class space size: 1073741824 Address: 0x0000000100000000

Heap:
 PSYoungGen      total 68608K, used 14318K [0x00000000d6f00000, 0x00000000df500000, 0x0000000100000000)
  eden space 63488K, 14% used [0x00000000d6f00000,0x00000000d7801860,0x00000000dad00000)
  from space 5120K, 99% used [0x00000000dad00000,0x00000000db1f9fd0,0x00000000db200000)
  to   space 5120K, 0% used [0x00000000df000000,0x00000000df000000,0x00000000df500000)
 ParOldGen       total 84992K, used 31212K [0x0000000084c00000, 0x0000000089f00000, 0x00000000d6f00000)
  object space 84992K, 36% used [0x0000000084c00000,0x0000000086a7b080,0x0000000089f00000)
 Metaspace       used 11909K, capacity 12110K, committed 12416K, reserved 1060864K
  class space    used 1242K, capacity 1311K, committed 1408K, reserved 1048576K

Card table byte_map: [0x00007fdfc0053000,0x00007fdfc042e000] byte_map_base: 0x00007fdfbfc2d000

Marking Bits: (ParMarkBitMap*) 0x00007fdfc2bfbd80
 Begin Bits: [0x00007fdfa4260000, 0x00007fdfa6130000)
 End Bits:   [0x00007fdfa6130000, 0x00007fdfa8000000)

Polling page: 0x00007fdfc386b000

CodeCache: size=245760Kb used=6115Kb max_used=6118Kb free=239644Kb
 bounds [0x00007fdfad000000, 0x00007fdfad600000, 0x00007fdfbc000000]
 total_blobs=2161 nmethods=1664 adapters=411
 compilation: enabled

Compilation events (10 events):
Event: 2,231 Thread 0x00007fdfbc0c1800 1678       3       java.lang.Math::round (56 bytes)
Event: 2,231 Thread 0x00007fdfbc0c1800 nmethod 1678 0x00007fdfad5f04d0 code [0x00007fdfad5f0640, 0x00007fdfad5f0870]
Event: 2,232 Thread 0x00007fdfbc0c1800 1680       3       java.lang.Class::reflectionData (49 bytes)
Event: 2,233 Thread 0x00007fdfbc0c1800 nmethod 1680 0x00007fdfad5f4910 code [0x00007fdfad5f4aa0, 0x00007fdfad5f4fa8]
Event: 2,235 Thread 0x00007fdfbc0c1800 1681       3       sun.reflect.ClassFileAssembler::emitByte (11 bytes)
Event: 2,236 Thread 0x00007fdfbc0c1800 nmethod 1681 0x00007fdfad5f44d0 code [0x00007fdfad5f4640, 0x00007fdfad5f4808]
Event: 2,236 Thread 0x00007fdfbc0c1800 1682       3       sun.reflect.ByteVectorImpl::add (38 bytes)
Event: 2,236 Thread 0x00007fdfbc0c1800 nmethod 1682 0x00007fdfad5f4010 code [0x00007fdfad5f4180, 0x00007fdfad5f43a8]
Event: 2,236 Thread 0x00007fdfbc0c1800 1683       3       java.lang.Class::checkInitted (19 bytes)
Event: 2,237 Thread 0x00007fdfbc0c1800 nmethod 1683 0x00007fdfad5f3ad0 code [0x00007fdfad5f3c60, 0x00007fdfad5f3f28]

GC Heap History (6 events):
Event: 0,767 GC heap before
{Heap before GC invocations=1 (full 0):
 PSYoungGen      total 36864K, used 31744K [0x00000000d6f00000, 0x00000000d9800000, 0x0000000100000000)
  eden space 31744K, 100% used [0x00000000d6f00000,0x00000000d8e00000,0x00000000d8e00000)
  from space 5120K, 0% used [0x00000000d9300000,0x00000000d9300000,0x00000000d9800000)
  to   space 5120K, 0% used [0x00000000d8e00000,0x00000000d8e00000,0x00000000d9300000)
 ParOldGen       total 84992K, used 0K [0x0000000084c00000, 0x0000000089f00000, 0x00000000d6f00000)
  object space 84992K, 0% used [0x0000000084c00000,0x0000000084c00000,0x0000000089f00000)
 Metaspace       used 7121K, capacity 7336K, committed 7552K, reserved 1056768K
  class space    used 740K, capacity 830K, committed 896K, reserved 1048576K
Event: 0,777 GC heap after
Heap after GC invocations=1 (full 0):
 PSYoungGen      total 36864K, used 5119K [0x00000000d6f00000, 0x00000000db700000, 0x0000000100000000)
  eden space 31744K, 0% used [0x00000000d6f00000,0x00000000d6f00000,0x00000000d8e00000)
  from space 5120K, 99% used [0x00000000d8e00000,0x00000000d92ffd58,0x00000000d9300000)
  to   space 5120K, 0% used [0x00000000db200000,0x00000000db200000,0x00000000db700000)
 ParOldGen       total 84992K, used 6175K [0x0000000084c00000, 0x0000000089f00000, 0x00000000d6f00000)
  object space 84992K, 7% used [0x0000000084c00000,0x0000000085207dc8,0x0000000089f00000)
 Metaspace       used 7121K, capacity 7336K, committed 7552K, reserved 1056768K
  class space    used 740K, capacity 830K, committed 896K, reserved 1048576K
}
Event: 1,020 GC heap before
{Heap before GC invocations=2 (full 0):
 PSYoungGen      total 36864K, used 35653K [0x00000000d6f00000, 0x00000000db700000, 0x0000000100000000)
  eden space 31744K, 96% used [0x00000000d6f00000,0x00000000d8cd17b8,0x00000000d8e00000)
  from space 5120K, 99% used [0x00000000d8e00000,0x00000000d92ffd58,0x00000000d9300000)
  to   space 5120K, 0% used [0x00000000db200000,0x00000000db200000,0x00000000db700000)
 ParOldGen       total 84992K, used 6175K [0x0000000084c00000, 0x0000000089f00000, 0x00000000d6f00000)
  object space 84992K, 7% used [0x0000000084c00000,0x0000000085207dc8,0x0000000089f00000)
 Metaspace       used 7333K, capacity 7592K, committed 7808K, reserved 1056768K
  class space    used 754K, capacity 830K, committed 896K, reserved 1048576K
Event: 1,039 GC heap after
Heap after GC invocations=2 (full 0):
 PSYoungGen      total 68608K, used 5094K [0x00000000d6f00000, 0x00000000db700000, 0x0000000100000000)
  eden space 63488K, 0% used [0x00000000d6f00000,0x00000000d6f00000,0x00000000dad00000)
  from space 5120K, 99% used [0x00000000db200000,0x00000000db6f9a90,0x00000000db700000)
  to   space 5120K, 0% used [0x00000000dad00000,0x00000000dad00000,0x00000000db200000)
 ParOldGen       total 84992K, used 18627K [0x0000000084c00000, 0x0000000089f00000, 0x00000000d6f00000)
  object space 84992K, 21% used [0x0000000084c00000,0x0000000085e30f38,0x0000000089f00000)
 Metaspace       used 7333K, capacity 7592K, committed 7808K, reserved 1056768K
  class space    used 754K, capacity 830K, committed 896K, reserved 1048576K
}
Event: 2,069 GC heap before
{Heap before GC invocations=3 (full 0):
 PSYoungGen      total 68608K, used 68582K [0x00000000d6f00000, 0x00000000db700000, 0x0000000100000000)
  eden space 63488K, 100% used [0x00000000d6f00000,0x00000000dad00000,0x00000000dad00000)
  from space 5120K, 99% used [0x00000000db200000,0x00000000db6f9a90,0x00000000db700000)
  to   space 5120K, 0% used [0x00000000dad00000,0x00000000dad00000,0x00000000db200000)
 ParOldGen       total 84992K, used 18627K [0x0000000084c00000, 0x0000000089f00000, 0x00000000d6f00000)
  object space 84992K, 21% used [0x0000000084c00000,0x0000000085e30f38,0x0000000089f00000)
 Metaspace       used 10575K, capacity 10760K, committed 11008K, reserved 1058816K
  class space    used 1089K, capacity 1182K, committed 1280K, reserved 1048576K
Event: 2,084 GC heap after
Heap after GC invocations=3 (full 0):
 PSYoungGen      total 68608K, used 5095K [0x00000000d6f00000, 0x00000000df500000, 0x0000000100000000)
  eden space 63488K, 0% used [0x00000000d6f00000,0x00000000d6f00000,0x00000000dad00000)
  from space 5120K, 99% used [0x00000000dad00000,0x00000000db1f9fd0,0x00000000db200000)
  to   space 5120K, 0% used [0x00000000df000000,0x00000000df000000,0x00000000df500000)
 ParOldGen       total 84992K, used 31212K [0x0000000084c00000, 0x0000000089f00000, 0x00000000d6f00000)
  object space 84992K, 36% used [0x0000000084c00000,0x0000000086a7b080,0x0000000089f00000)
 Metaspace       used 10575K, capacity 10760K, committed 11008K, reserved 1058816K
  class space    used 1089K, capacity 1182K, committed 1280K, reserved 1048576K
}

Deoptimization events (10 events):
Event: 2,095 Thread 0x00007fdfbc00e000 Uncommon trap: reason=predicate action=maybe_recompile pc=0x00007fdfad4f2b2c method=java.util.regex.Pattern$Start.match(Ljava/util/regex/Matcher;ILjava/lang/CharSequence;)Z @ 37
Event: 2,108 Thread 0x00007fdfbc00e000 Uncommon trap: reason=unstable_if action=reinterpret pc=0x00007fdfad1a6db0 method=java.lang.String.indexOf([CII[CIII)I @ 3
Event: 2,161 Thread 0x00007fdfbc00e000 Uncommon trap: reason=unstable_if action=reinterpret pc=0x00007fdfad4210e8 method=java.util.StringTokenizer.skipDelimiters(I)I @ 64
Event: 2,161 Thread 0x00007fdfbc00e000 Uncommon trap: reason=unstable_if action=reinterpret pc=0x00007fdfad430ee0 method=java.util.StringTokenizer.scanToken(I)I @ 42
Event: 2,161 Thread 0x00007fdfbc00e000 Uncommon trap: reason=unstable_if action=reinterpret pc=0x00007fdfad41bfb8 method=java.util.StringTokenizer.scanToken(I)I @ 42
Event: 2,178 Thread 0x00007fdfbc00e000 Uncommon trap: reason=unstable_if action=reinterpret pc=0x00007fdfad33485c method=java.util.HashMap.getNode(ILjava/lang/Object;)Ljava/util/HashMap$Node; @ 62
Event: 2,179 Thread 0x00007fdfbc00e000 Uncommon trap: reason=bimorphic action=maybe_recompile pc=0x00007fdfad510a00 method=java.util.HashMap.putVal(ILjava/lang/Object;Ljava/lang/Object;ZZ)Ljava/lang/Object; @ 203
Event: 2,180 Thread 0x00007fdfbc00e000 Uncommon trap: reason=bimorphic action=maybe_recompile pc=0x00007fdfad510a00 method=java.util.HashMap.putVal(ILjava/lang/Object;Ljava/lang/Object;ZZ)Ljava/lang/Object; @ 203
Event: 2,187 Thread 0x00007fdfbc00e000 Uncommon trap: reason=bimorphic action=maybe_recompile pc=0x00007fdfad510a00 method=java.util.HashMap.putVal(ILjava/lang/Object;Ljava/lang/Object;ZZ)Ljava/lang/Object; @ 203
Event: 2,188 Thread 0x00007fdfbc00e000 Uncommon trap: reason=bimorphic action=maybe_recompile pc=0x00007fdfad510a00 method=java.util.HashMap.putVal(ILjava/lang/Object;Ljava/lang/Object;ZZ)Ljava/lang/Object; @ 203

Classes redefined (0 events):
No events

Internal exceptions (10 events):
Event: 0,143 Thread 0x00007fdfbc00e000 Exception <a 'java/security/PrivilegedActionException'> (0x00000000d74727d8) thrown at [/HUDSON/workspace/8-2-build-linux-amd64/jdk8u221/13320/hotspot/src/share/vm/prims/jvm.cpp, line 1502]
Event: 0,143 Thread 0x00007fdfbc00e000 Exception <a 'java/security/PrivilegedActionException'> (0x00000000d74729e8) thrown at [/HUDSON/workspace/8-2-build-linux-amd64/jdk8u221/13320/hotspot/src/share/vm/prims/jvm.cpp, line 1502]
Event: 0,215 Thread 0x00007fdfbc00e000 Exception <a 'java/io/FileNotFoundException'> (0x00000000d769d830) thrown at [/HUDSON/workspace/8-2-build-linux-amd64/jdk8u221/13320/hotspot/src/share/vm/prims/jni.cpp, line 710]
Event: 0,317 Thread 0x00007fdfbc00e000 Exception <a 'java/lang/NoSuchFieldError': method resolution failed> (0x00000000d78bd110) thrown at [/HUDSON/workspace/8-2-build-linux-amd64/jdk8u221/13320/hotspot/src/share/vm/prims/methodHandles.cpp, line 1167]
Event: 0,320 Thread 0x00007fdfbc00e000 Exception <a 'java/lang/NoSuchFieldError': method resolution failed> (0x00000000d78ca800) thrown at [/HUDSON/workspace/8-2-build-linux-amd64/jdk8u221/13320/hotspot/src/share/vm/prims/methodHandles.cpp, line 1167]
Event: 0,353 Thread 0x00007fdfbc00e000 Exception <a 'java/io/FileNotFoundException'> (0x00000000d79580d8) thrown at [/HUDSON/workspace/8-2-build-linux-amd64/jdk8u221/13320/hotspot/src/share/vm/prims/jni.cpp, line 710]
Event: 0,354 Thread 0x00007fdfbc00e000 Exception <a 'java/io/FileNotFoundException'> (0x00000000d7958bc0) thrown at [/HUDSON/workspace/8-2-build-linux-amd64/jdk8u221/13320/hotspot/src/share/vm/prims/jni.cpp, line 710]
Event: 1,231 Thread 0x00007fdfbc00e000 Implicit null exception at 0x00007fdfad325b5b to 0x00007fdfad3261b9
Event: 1,238 Thread 0x00007fdfbc00e000 Implicit null exception at 0x00007fdfad27ffef to 0x00007fdfad280059
Event: 1,654 Thread 0x00007fdfbc00e000 Exception <a 'java/lang/NoSuchMethodError': org.slf4j.impl.StaticMDCBinder.getSingleton()Lorg/slf4j/impl/StaticMDCBinder;> (0x00000000d8cd1e50) thrown at [/HUDSON/workspace/8-2-build-linux-amd64/jdk8u221/13320/hotspot/src/share/vm/interpreter/linkResolver

Events (10 events):
Event: 2,236 loading class sun/reflect/Label
Event: 2,236 loading class sun/reflect/Label done
Event: 2,236 loading class sun/reflect/Label$PatchInfo
Event: 2,236 loading class sun/reflect/Label$PatchInfo done
Event: 2,236 loading class sun/reflect/MethodAccessorGenerator$1
Event: 2,236 loading class sun/reflect/MethodAccessorGenerator$1 done
Event: 2,236 loading class sun/reflect/ClassDefiner
Event: 2,236 loading class sun/reflect/ClassDefiner done
Event: 2,236 loading class sun/reflect/ClassDefiner$1
Event: 2,236 loading class sun/reflect/ClassDefiner$1 done


Dynamic libraries:
00400000-00401000 r-xp 00000000 08:04 9704466                            /home/renan/Dev/SpringToolSuite/jre/bin/java
00600000-00601000 r--p 00000000 08:04 9704466                            /home/renan/Dev/SpringToolSuite/jre/bin/java
00601000-00602000 rw-p 00001000 08:04 9704466                            /home/renan/Dev/SpringToolSuite/jre/bin/java
01359000-0137a000 rw-p 00000000 00:00 0                                  [heap]
84c00000-89f00000 rw-p 00000000 00:00 0 
89f00000-d6f00000 ---p 00000000 00:00 0 
d6f00000-df500000 rw-p 00000000 00:00 0 
df500000-100000000 ---p 00000000 00:00 0 
100000000-100160000 rw-p 00000000 00:00 0 
100160000-140000000 ---p 00000000 00:00 0 
7fdf68000000-7fdf68021000 rw-p 00000000 00:00 0 
7fdf68021000-7fdf6c000000 ---p 00000000 00:00 0 
7fdf6c9bb000-7fdf6c9c6000 r-xp 00000000 08:04 5775818                    /usr/lib/x86_64-linux-gnu/libjbig.so.0
7fdf6c9c6000-7fdf6cbc5000 ---p 0000b000 08:04 5775818                    /usr/lib/x86_64-linux-gnu/libjbig.so.0
7fdf6cbc5000-7fdf6cbc6000 r--p 0000a000 08:04 5775818                    /usr/lib/x86_64-linux-gnu/libjbig.so.0
7fdf6cbc6000-7fdf6cbc9000 rw-p 0000b000 08:04 5775818                    /usr/lib/x86_64-linux-gnu/libjbig.so.0
7fdf6cbc9000-7fdf6cbed000 r-xp 00000000 08:04 3805973                    /lib/x86_64-linux-gnu/liblzma.so.5.2.2
7fdf6cbed000-7fdf6cded000 ---p 00024000 08:04 3805973                    /lib/x86_64-linux-gnu/liblzma.so.5.2.2
7fdf6cded000-7fdf6cdee000 r--p 00024000 08:04 3805973                    /lib/x86_64-linux-gnu/liblzma.so.5.2.2
7fdf6cdee000-7fdf6cdef000 rw-p 00025000 08:04 3805973                    /lib/x86_64-linux-gnu/liblzma.so.5.2.2
7fdf6cdef000-7fdf6ce43000 r-xp 00000000 08:04 5777083                    /usr/lib/x86_64-linux-gnu/libopenjp2.so.2.3.0
7fdf6ce43000-7fdf6d043000 ---p 00054000 08:04 5777083                    /usr/lib/x86_64-linux-gnu/libopenjp2.so.2.3.0
7fdf6d043000-7fdf6d044000 r--p 00054000 08:04 5777083                    /usr/lib/x86_64-linux-gnu/libopenjp2.so.2.3.0
7fdf6d044000-7fdf6d045000 rw-p 00055000 08:04 5777083                    /usr/lib/x86_64-linux-gnu/libopenjp2.so.2.3.0
7fdf6d045000-7fdf6d0ab000 r-xp 00000000 08:04 5776293                    /usr/lib/x86_64-linux-gnu/libwebp.so.6.0.2
7fdf6d0ab000-7fdf6d2aa000 ---p 00066000 08:04 5776293                    /usr/lib/x86_64-linux-gnu/libwebp.so.6.0.2
7fdf6d2aa000-7fdf6d2ab000 r--p 00065000 08:04 5776293                    /usr/lib/x86_64-linux-gnu/libwebp.so.6.0.2
7fdf6d2ab000-7fdf6d2ac000 rw-p 00066000 08:04 5776293                    /usr/lib/x86_64-linux-gnu/libwebp.so.6.0.2
7fdf6d2ac000-7fdf6d2ae000 rw-p 00000000 00:00 0 
7fdf6d2ae000-7fdf6d321000 r-xp 00000000 08:04 5768519                    /usr/lib/x86_64-linux-gnu/libtiff.so.5.3.0
7fdf6d321000-7fdf6d520000 ---p 00073000 08:04 5768519                    /usr/lib/x86_64-linux-gnu/libtiff.so.5.3.0
7fdf6d520000-7fdf6d524000 r--p 00072000 08:04 5768519                    /usr/lib/x86_64-linux-gnu/libtiff.so.5.3.0
7fdf6d524000-7fdf6d525000 rw-p 00076000 08:04 5768519                    /usr/lib/x86_64-linux-gnu/libtiff.so.5.3.0
7fdf6d525000-7fdf6d52d000 r-xp 00000000 08:04 5767806                    /usr/lib/x86_64-linux-gnu/libgif.so.7.0.0
7fdf6d52d000-7fdf6d72c000 ---p 00008000 08:04 5767806                    /usr/lib/x86_64-linux-gnu/libgif.so.7.0.0
7fdf6d72c000-7fdf6d72d000 r--p 00007000 08:04 5767806                    /usr/lib/x86_64-linux-gnu/libgif.so.7.0.0
7fdf6d72d000-7fdf6d72e000 rw-p 00008000 08:04 5767806                    /usr/lib/x86_64-linux-gnu/libgif.so.7.0.0
7fdf6d72e000-7fdf6d795000 r-xp 00000000 08:04 5767634                    /usr/lib/x86_64-linux-gnu/libjpeg.so.8.1.2
7fdf6d795000-7fdf6d994000 ---p 00067000 08:04 5767634                    /usr/lib/x86_64-linux-gnu/libjpeg.so.8.1.2
7fdf6d994000-7fdf6d995000 r--p 00066000 08:04 5767634                    /usr/lib/x86_64-linux-gnu/libjpeg.so.8.1.2
7fdf6d995000-7fdf6d996000 rw-p 00067000 08:04 5767634                    /usr/lib/x86_64-linux-gnu/libjpeg.so.8.1.2
7fdf6d996000-7fdf6d9c7000 r-xp 00000000 08:04 5770173                    /usr/lib/x86_64-linux-gnu/libpng16.so.16.34.0
7fdf6d9c7000-7fdf6dbc6000 ---p 00031000 08:04 5770173                    /usr/lib/x86_64-linux-gnu/libpng16.so.16.34.0
7fdf6dbc6000-7fdf6dbc7000 r--p 00030000 08:04 5770173                    /usr/lib/x86_64-linux-gnu/libpng16.so.16.34.0
7fdf6dbc7000-7fdf6dbc8000 rw-p 00031000 08:04 5770173                    /usr/lib/x86_64-linux-gnu/libpng16.so.16.34.0
7fdf6dbc8000-7fdf6dbe4000 r-xp 00000000 08:04 3806085                    /lib/x86_64-linux-gnu/libz.so.1.2.11
7fdf6dbe4000-7fdf6dde3000 ---p 0001c000 08:04 3806085                    /lib/x86_64-linux-gnu/libz.so.1.2.11
7fdf6dde3000-7fdf6dde4000 r--p 0001b000 08:04 3806085                    /lib/x86_64-linux-gnu/libz.so.1.2.11
7fdf6dde4000-7fdf6dde5000 rw-p 0001c000 08:04 3806085                    /lib/x86_64-linux-gnu/libz.so.1.2.11
7fdf6dde5000-7fdf6de13000 r-xp 00000000 08:04 5767447                    /usr/lib/x86_64-linux-gnu/libgomp.so.1.0.0
7fdf6de13000-7fdf6e012000 ---p 0002e000 08:04 5767447                    /usr/lib/x86_64-linux-gnu/libgomp.so.1.0.0
7fdf6e012000-7fdf6e013000 r--p 0002d000 08:04 5767447                    /usr/lib/x86_64-linux-gnu/libgomp.so.1.0.0
7fdf6e013000-7fdf6e014000 rw-p 0002e000 08:04 5767447                    /usr/lib/x86_64-linux-gnu/libgomp.so.1.0.0
7fdf6e014000-7fdf6e18d000 r-xp 00000000 08:04 5770127                    /usr/lib/x86_64-linux-gnu/libstdc++.so.6.0.25
7fdf6e18d000-7fdf6e38d000 ---p 00179000 08:04 5770127                    /usr/lib/x86_64-linux-gnu/libstdc++.so.6.0.25
7fdf6e38d000-7fdf6e397000 r--p 00179000 08:04 5770127                    /usr/lib/x86_64-linux-gnu/libstdc++.so.6.0.25
7fdf6e397000-7fdf6e399000 rw-p 00183000 08:04 5770127                    /usr/lib/x86_64-linux-gnu/libstdc++.so.6.0.25
7fdf6e399000-7fdf6e39d000 rw-p 00000000 00:00 0 
7fdf6e39d000-7fdf6e5f9000 r-xp 00000000 08:04 5774716                    /usr/lib/x86_64-linux-gnu/liblept.so.5.0.2
7fdf6e5f9000-7fdf6e7f8000 ---p 0025c000 08:04 5774716                    /usr/lib/x86_64-linux-gnu/liblept.so.5.0.2
7fdf6e7f8000-7fdf6e7f9000 r--p 0025b000 08:04 5774716                    /usr/lib/x86_64-linux-gnu/liblept.so.5.0.2
7fdf6e7f9000-7fdf6e7ff000 rw-p 0025c000 08:04 5774716                    /usr/lib/x86_64-linux-gnu/liblept.so.5.0.2
7fdf6e7ff000-7fdf6eb0c000 r-xp 00000000 08:04 5774718                    /usr/lib/x86_64-linux-gnu/libtesseract.so.4.0.0
7fdf6eb0c000-7fdf6ed0b000 ---p 0030d000 08:04 5774718                    /usr/lib/x86_64-linux-gnu/libtesseract.so.4.0.0
7fdf6ed0b000-7fdf6ed10000 r--p 0030c000 08:04 5774718                    /usr/lib/x86_64-linux-gnu/libtesseract.so.4.0.0
7fdf6ed10000-7fdf6ed11000 rw-p 00311000 08:04 5774718                    /usr/lib/x86_64-linux-gnu/libtesseract.so.4.0.0
7fdf6ed11000-7fdf6efb5000 rw-p 00000000 00:00 0 
7fdf6efb5000-7fdf6efcc000 r-xp 00000000 08:04 8261140                    /tmp/jna-108399112/jna8877288019321176793.tmp (deleted)
7fdf6efcc000-7fdf6f0cb000 ---p 00017000 08:04 8261140                    /tmp/jna-108399112/jna8877288019321176793.tmp (deleted)
7fdf6f0cb000-7fdf6f0cd000 rw-p 00016000 08:04 8261140                    /tmp/jna-108399112/jna8877288019321176793.tmp (deleted)
7fdf6f0cd000-7fdf6f18d000 rw-p 00000000 00:00 0 
7fdf6f18d000-7fdf6f2cd000 ---p 00000000 00:00 0 
7fdf6f2cd000-7fdf6f2f7000 r-xp 00000000 08:04 9830587                    /home/renan/Dev/SpringToolSuite/jre/jre/lib/amd64/libdcpr.so
7fdf6f2f7000-7fdf6f4f6000 ---p 0002a000 08:04 9830587                    /home/renan/Dev/SpringToolSuite/jre/jre/lib/amd64/libdcpr.so
7fdf6f4f6000-7fdf6f4f7000 r--p 00029000 08:04 9830587                    /home/renan/Dev/SpringToolSuite/jre/jre/lib/amd64/libdcpr.so
7fdf6f4f7000-7fdf6f4fa000 rw-p 0002a000 08:04 9830587                    /home/renan/Dev/SpringToolSuite/jre/jre/lib/amd64/libdcpr.so
7fdf6f4fa000-7fdf6f6fa000 rw-p 00000000 00:00 0 
7fdf6f6fa000-7fdf6f711000 r-xp 00000000 08:04 3801181                    /lib/x86_64-linux-gnu/libgcc_s.so.1
7fdf6f711000-7fdf6f910000 ---p 00017000 08:04 3801181                    /lib/x86_64-linux-gnu/libgcc_s.so.1
7fdf6f910000-7fdf6f911000 r--p 00016000 08:04 3801181                    /lib/x86_64-linux-gnu/libgcc_s.so.1
7fdf6f911000-7fdf6f912000 rw-p 00017000 08:04 3801181                    /lib/x86_64-linux-gnu/libgcc_s.so.1
7fdf6f912000-7fdf6f971000 r-xp 00000000 08:04 9830595                    /home/renan/Dev/SpringToolSuite/jre/jre/lib/amd64/libfontmanager.so
7fdf6f971000-7fdf6fb71000 ---p 0005f000 08:04 9830595                    /home/renan/Dev/SpringToolSuite/jre/jre/lib/amd64/libfontmanager.so
7fdf6fb71000-7fdf6fb74000 r--p 0005f000 08:04 9830595                    /home/renan/Dev/SpringToolSuite/jre/jre/lib/amd64/libfontmanager.so
7fdf6fb74000-7fdf6fb75000 rw-p 00062000 08:04 9830595                    /home/renan/Dev/SpringToolSuite/jre/jre/lib/amd64/libfontmanager.so
7fdf6fb75000-7fdf6fbe5000 r-xp 00000000 08:04 9830606                    /home/renan/Dev/SpringToolSuite/jre/jre/lib/amd64/liblcms.so
7fdf6fbe5000-7fdf6fde5000 ---p 00070000 08:04 9830606                    /home/renan/Dev/SpringToolSuite/jre/jre/lib/amd64/liblcms.so
7fdf6fde5000-7fdf6fde7000 r--p 00070000 08:04 9830606                    /home/renan/Dev/SpringToolSuite/jre/jre/lib/amd64/liblcms.so
7fdf6fde7000-7fdf6fdea000 rw-p 00072000 08:04 9830606                    /home/renan/Dev/SpringToolSuite/jre/jre/lib/amd64/liblcms.so
7fdf6fdea000-7fdf6fdeb000 rw-p 00000000 00:00 0 
7fdf6fdeb000-7fdf6fdfe000 r-xp 00000000 08:04 3805909                    /lib/x86_64-linux-gnu/libbsd.so.0.8.7
7fdf6fdfe000-7fdf6fffd000 ---p 00013000 08:04 3805909                    /lib/x86_64-linux-gnu/libbsd.so.0.8.7
7fdf6fffd000-7fdf6fffe000 r--p 00012000 08:04 3805909                    /lib/x86_64-linux-gnu/libbsd.so.0.8.7
7fdf6fffe000-7fdf6ffff000 rw-p 00013000 08:04 3805909                    /lib/x86_64-linux-gnu/libbsd.so.0.8.7
7fdf6ffff000-7fdf70000000 rw-p 00000000 00:00 0 
7fdf70000000-7fdf70021000 rw-p 00000000 00:00 0 
7fdf70021000-7fdf74000000 ---p 00000000 00:00 0 
7fdf74000000-7fdf74021000 rw-p 00000000 00:00 0 
7fdf74021000-7fdf78000000 ---p 00000000 00:00 0 
7fdf78000000-7fdf78896000 rw-p 00000000 00:00 0 
7fdf78896000-7fdf7c000000 ---p 00000000 00:00 0 
7fdf7c000000-7fdf7c767000 rw-p 00000000 00:00 0 
7fdf7c767000-7fdf80000000 ---p 00000000 00:00 0 
7fdf80000000-7fdf80021000 rw-p 00000000 00:00 0 
7fdf80021000-7fdf84000000 ---p 00000000 00:00 0 
7fdf84000000-7fdf84cf5000 rw-p 00000000 00:00 0 
7fdf84cf5000-7fdf88000000 ---p 00000000 00:00 0 
7fdf88000000-7fdf88021000 rw-p 00000000 00:00 0 
7fdf88021000-7fdf8c000000 ---p 00000000 00:00 0 
7fdf8c000000-7fdf8c021000 rw-p 00000000 00:00 0 
7fdf8c021000-7fdf90000000 ---p 00000000 00:00 0 
7fdf90000000-7fdf90021000 rw-p 00000000 00:00 0 
7fdf90021000-7fdf94000000 ---p 00000000 00:00 0 
7fdf94000000-7fdf94021000 rw-p 00000000 00:00 0 
7fdf94021000-7fdf98000000 ---p 00000000 00:00 0 
7fdf98000000-7fdf98021000 rw-p 00000000 00:00 0 
7fdf98021000-7fdf9c000000 ---p 00000000 00:00 0 
7fdf9c085000-7fdf9c08a000 r--s 000a3000 08:04 9704632                    /home/renan/Dev/SpringToolSuite/jre/jre/lib/jsse.jar
7fdf9c08a000-7fdf9c08d000 ---p 00000000 00:00 0 
7fdf9c08d000-7fdf9c18b000 rw-p 00000000 00:00 0 
7fdf9c18b000-7fdf9c190000 r-xp 00000000 08:04 5775162                    /usr/lib/x86_64-linux-gnu/libXdmcp.so.6.0.0
7fdf9c190000-7fdf9c38f000 ---p 00005000 08:04 5775162                    /usr/lib/x86_64-linux-gnu/libXdmcp.so.6.0.0
7fdf9c38f000-7fdf9c390000 r--p 00004000 08:04 5775162                    /usr/lib/x86_64-linux-gnu/libXdmcp.so.6.0.0
7fdf9c390000-7fdf9c391000 rw-p 00005000 08:04 5775162                    /usr/lib/x86_64-linux-gnu/libXdmcp.so.6.0.0
7fdf9c391000-7fdf9c393000 r-xp 00000000 08:04 5775151                    /usr/lib/x86_64-linux-gnu/libXau.so.6.0.0
7fdf9c393000-7fdf9c593000 ---p 00002000 08:04 5775151                    /usr/lib/x86_64-linux-gnu/libXau.so.6.0.0
7fdf9c593000-7fdf9c594000 r--p 00002000 08:04 5775151                    /usr/lib/x86_64-linux-gnu/libXau.so.6.0.0
7fdf9c594000-7fdf9c595000 rw-p 00003000 08:04 5775151                    /usr/lib/x86_64-linux-gnu/libXau.so.6.0.0
7fdf9c595000-7fdf9c5bb000 r-xp 00000000 08:04 5770169                    /usr/lib/x86_64-linux-gnu/libxcb.so.1.1.0
7fdf9c5bb000-7fdf9c7bb000 ---p 00026000 08:04 5770169                    /usr/lib/x86_64-linux-gnu/libxcb.so.1.1.0
7fdf9c7bb000-7fdf9c7bc000 r--p 00026000 08:04 5770169                    /usr/lib/x86_64-linux-gnu/libxcb.so.1.1.0
7fdf9c7bc000-7fdf9c7bd000 rw-p 00027000 08:04 5770169                    /usr/lib/x86_64-linux-gnu/libxcb.so.1.1.0
7fdf9c7bd000-7fdf9c7cc000 r-xp 00000000 08:04 5775172                    /usr/lib/x86_64-linux-gnu/libXi.so.6.1.0
7fdf9c7cc000-7fdf9c9cb000 ---p 0000f000 08:04 5775172                    /usr/lib/x86_64-linux-gnu/libXi.so.6.1.0
7fdf9c9cb000-7fdf9c9cc000 r--p 0000e000 08:04 5775172                    /usr/lib/x86_64-linux-gnu/libXi.so.6.1.0
7fdf9c9cc000-7fdf9c9cd000 rw-p 0000f000 08:04 5775172                    /usr/lib/x86_64-linux-gnu/libXi.so.6.1.0
7fdf9c9cd000-7fdf9c9d2000 r-xp 00000000 08:04 5775190                    /usr/lib/x86_64-linux-gnu/libXtst.so.6.1.0
7fdf9c9d2000-7fdf9cbd1000 ---p 00005000 08:04 5775190                    /usr/lib/x86_64-linux-gnu/libXtst.so.6.1.0
7fdf9cbd1000-7fdf9cbd2000 r--p 00004000 08:04 5775190                    /usr/lib/x86_64-linux-gnu/libXtst.so.6.1.0
7fdf9cbd2000-7fdf9cbd3000 rw-p 00005000 08:04 5775190                    /usr/lib/x86_64-linux-gnu/libXtst.so.6.1.0
7fdf9cbd3000-7fdf9cbdc000 r-xp 00000000 08:04 5775184                    /usr/lib/x86_64-linux-gnu/libXrender.so.1.3.0
7fdf9cbdc000-7fdf9cddb000 ---p 00009000 08:04 5775184                    /usr/lib/x86_64-linux-gnu/libXrender.so.1.3.0
7fdf9cddb000-7fdf9cddc000 r--p 00008000 08:04 5775184                    /usr/lib/x86_64-linux-gnu/libXrender.so.1.3.0
7fdf9cddc000-7fdf9cddd000 rw-p 00009000 08:04 5775184                    /usr/lib/x86_64-linux-gnu/libXrender.so.1.3.0
7fdf9cddd000-7fdf9cf10000 r-xp 00000000 08:04 5770171                    /usr/lib/x86_64-linux-gnu/libX11.so.6.3.0
7fdf9cf10000-7fdf9d110000 ---p 00133000 08:04 5770171                    /usr/lib/x86_64-linux-gnu/libX11.so.6.3.0
7fdf9d110000-7fdf9d111000 r--p 00133000 08:04 5770171                    /usr/lib/x86_64-linux-gnu/libX11.so.6.3.0
7fdf9d111000-7fdf9d115000 rw-p 00134000 08:04 5770171                    /usr/lib/x86_64-linux-gnu/libX11.so.6.3.0
7fdf9d115000-7fdf9d126000 r-xp 00000000 08:04 5775164                    /usr/lib/x86_64-linux-gnu/libXext.so.6.4.0
7fdf9d126000-7fdf9d325000 ---p 00011000 08:04 5775164                    /usr/lib/x86_64-linux-gnu/libXext.so.6.4.0
7fdf9d325000-7fdf9d326000 r--p 00010000 08:04 5775164                    /usr/lib/x86_64-linux-gnu/libXext.so.6.4.0
7fdf9d326000-7fdf9d327000 rw-p 00011000 08:04 5775164                    /usr/lib/x86_64-linux-gnu/libXext.so.6.4.0
7fdf9d32a000-7fdf9d33d000 r--s 00345000 08:04 9704624                    /home/renan/Dev/SpringToolSuite/jre/jre/lib/resources.jar
7fdf9d33d000-7fdf9d342000 r--s 002f9000 08:04 9704534                    /home/renan/Dev/SpringToolSuite/jre/jre/lib/charsets.jar
7fdf9d342000-7fdf9d39d000 r-xp 00000000 08:04 9830566                    /home/renan/Dev/SpringToolSuite/jre/jre/lib/amd64/libawt_xawt.so
7fdf9d39d000-7fdf9d59c000 ---p 0005b000 08:04 9830566                    /home/renan/Dev/SpringToolSuite/jre/jre/lib/amd64/libawt_xawt.so
7fdf9d59c000-7fdf9d59d000 r--p 0005a000 08:04 9830566                    /home/renan/Dev/SpringToolSuite/jre/jre/lib/amd64/libawt_xawt.so
7fdf9d59d000-7fdf9d5a0000 rw-p 0005b000 08:04 9830566                    /home/renan/Dev/SpringToolSuite/jre/jre/lib/amd64/libawt_xawt.so
7fdf9d5a0000-7fdf9d5a2000 rw-p 00000000 00:00 0 
7fdf9d5a2000-7fdf9d642000 r-xp 00000000 08:04 9830548                    /home/renan/Dev/SpringToolSuite/jre/jre/lib/amd64/libawt.so
7fdf9d642000-7fdf9d841000 ---p 000a0000 08:04 9830548                    /home/renan/Dev/SpringToolSuite/jre/jre/lib/amd64/libawt.so
7fdf9d841000-7fdf9d842000 r--p 0009f000 08:04 9830548                    /home/renan/Dev/SpringToolSuite/jre/jre/lib/amd64/libawt.so
7fdf9d842000-7fdf9d84d000 rw-p 000a0000 08:04 9830548                    /home/renan/Dev/SpringToolSuite/jre/jre/lib/amd64/libawt.so
7fdf9d84d000-7fdf9d872000 rw-p 00000000 00:00 0 
7fdf9d872000-7fdf9d87c000 r--s 00116000 08:04 9830503                    /home/renan/Dev/SpringToolSuite/jre/jre/lib/ext/localedata.jar
7fdf9d87c000-7fdf9d898000 r--s 00393000 08:04 9830511                    /home/renan/Dev/SpringToolSuite/jre/jre/lib/ext/cldrdata.jar
7fdf9d898000-7fdf9d89f000 r--s 00000000 08:04 6032093                    /usr/lib/x86_64-linux-gnu/gconv/gconv-modules.cache
7fdf9d89f000-7fdf9d8c5000 r--p 00000000 08:04 7474530                    /usr/share/locale-langpack/pt_BR/LC_MESSAGES/libc.mo
7fdf9d8c5000-7fdf9d8ca000 r--s 00036000 08:04 4467505                    /home/renan/.m2/repository/org/apache/pdfbox/pdfbox-debugger/2.0.9/pdfbox-debugger-2.0.9.jar
7fdf9d8ca000-7fdf9d8cc000 r--s 00010000 08:04 4467503                    /home/renan/.m2/repository/org/apache/pdfbox/pdfbox-tools/2.0.9/pdfbox-tools-2.0.9.jar
7fdf9d8cc000-7fdf9d8d0000 r--s 00038000 08:04 4467501                    /home/renan/.m2/repository/org/apache/pdfbox/preflight/2.0.9/preflight-2.0.9.jar
7fdf9d8d0000-7fdf9d8d3000 r--s 0001e000 08:04 4467499                    /home/renan/.m2/repository/org/apache/pdfbox/xmpbox/2.0.9/xmpbox-2.0.9.jar
7fdf9d8d3000-7fdf9d8d5000 r--s 0000b000 08:04 4332174                    /home/renan/.m2/repository/org/apache/pdfbox/jempbox/1.8.14/jempbox-1.8.14.jar
7fdf9d8d5000-7fdf9d8dc000 r--s 00175000 08:04 4332172                    /home/renan/.m2/repository/org/apache/pdfbox/fontbox/2.0.9/fontbox-2.0.9.jar
7fdf9d8dc000-7fdf9d8e1000 r--s 00021000 08:04 8261024                    /home/renan/.m2/repository/org/seleniumhq/selenium/selenium-support/4.0.0-alpha-1/selenium-support-4.0.0-alpha-1.jar
7fdf9d8e1000-7fdf9d8e2000 r--s 00003000 08:04 8261022                    /home/renan/.m2/repository/org/seleniumhq/selenium/selenium-safari-driver/4.0.0-alpha-1/selenium-safari-driver-4.0.0-alpha-1.jar
7fdf9d8e2000-7fdf9d8e3000 r--s 00002000 08:04 8261020                    /home/renan/.m2/repository/org/seleniumhq/selenium/selenium-opera-driver/4.0.0-alpha-1/selenium-opera-driver-4.0.0-alpha-1.jar
7fdf9d8e3000-7fdf9d8e5000 r--s 00003000 08:04 8261018                    /home/renan/.m2/repository/org/seleniumhq/selenium/selenium-ie-driver/4.0.0-alpha-1/selenium-ie-driver-4.0.0-alpha-1.jar
7fdf9d8e5000-7fdf9d8e6000 r--s 0000d000 08:04 8261016                    /home/renan/.m2/repository/org/seleniumhq/selenium/selenium-firefox-driver/4.0.0-alpha-1/selenium-firefox-driver-4.0.0-alpha-1.jar
7fdf9d8e6000-7fdf9d8e8000 r--s 000b7000 08:04 8261015                    /home/renan/.m2/repository/org/seleniumhq/selenium/selenium-firefox-xpi-driver/4.0.0-alpha-1/selenium-firefox-xpi-driver-4.0.0-alpha-1.jar
7fdf9d8e8000-7fdf9d8ea000 r--s 00015000 08:04 8261010                    /home/renan/.m2/repository/com/squareup/okio/okio/1.17.2/okio-1.17.2.jar
7fdf9d8ea000-7fdf9d8ef000 r--s 00063000 08:04 8261008                    /home/renan/.m2/repository/com/squareup/okhttp3/okhttp/3.14.0/okhttp-3.14.0.jar
7fdf9d8ef000-7fdf9d8f1000 r--s 00001000 08:04 8261004                    /home/renan/.m2/repository/com/google/j2objc/j2objc-annotations/1.1/j2objc-annotations-1.1.jar
7fdf9d8f1000-7fdf9d8f3000 r--s 00002000 08:04 8260995                    /home/renan/.m2/repository/com/google/errorprone/error_prone_annotations/2.2.0/error_prone_annotations-2.2.0.jar
7fdf9d8f3000-7fdf9d8fd000 r--s 00026000 08:04 8261026                    /home/renan/.m2/repository/org/checkerframework/checker-qual/2.5.2/checker-qual-2.5.2.jar
7fdf9d8fd000-7fdf9d8ff000 r--s 00003000 08:04 8393535                    /home/renan/.m2/repository/com/google/code/findbugs/jsr305/3.0.2/jsr305-3.0.2.jar
7fdf9d8ff000-7fdf9d901000 r--s 00000000 08:04 9047415                    /home/renan/.m2/repository/com/google/guava/failureaccess/1.0.1/failureaccess-1.0.1.jar
7fdf9d901000-7fdf9d933000 r--s 0026d000 08:04 9047416                    /home/renan/.m2/repository/com/google/guava/guava/27.1-jre/guava-27.1-jre.jar
7fdf9d933000-7fdf9d935000 r--s 0000c000 08:04 8261002                    /home/renan/.m2/repository/org/apache/commons/commons-exec/1.3/commons-exec-1.3.jar
7fdf9d935000-7fdf9d97c000 r--s 002da000 08:04 9178392                    /home/renan/.m2/repository/net/bytebuddy/byte-buddy/1.9.12/byte-buddy-1.9.12.jar
7fdf9d97c000-7fdf9d981000 r--s 00027000 08:04 8260998                    /home/renan/.m2/repository/org/seleniumhq/selenium/selenium-api/4.0.0-alpha-1/selenium-api-4.0.0-alpha-1.jar
7fdf9d981000-7fdf9d988000 r--s 00054000 08:04 8260990                    /home/renan/.m2/repository/org/seleniumhq/selenium/selenium-remote-driver/4.0.0-alpha-1/selenium-remote-driver-4.0.0-alpha-1.jar
7fdf9d988000-7fdf9d98a000 r--s 00003000 08:04 8260899                    /home/renan/.m2/repository/org/seleniumhq/selenium/selenium-chrome-driver/4.0.0-alpha-1/selenium-chrome-driver-4.0.0-alpha-1.jar
7fdf9d98a000-7fdf9d98c000 r--s 00004000 08:04 8260811                    /home/renan/.m2/repository/org/slf4j/log4j-over-slf4j/1.7.28/log4j-over-slf4j-1.7.28.jar
7fdf9d98c000-7fdf9d98e000 r--s 00003000 08:04 8260809                    /home/renan/.m2/repository/org/slf4j/jcl-over-slf4j/1.7.28/jcl-over-slf4j-1.7.28.jar
7fdf9d98e000-7fdf9d990000 r--s 00000000 08:04 8260807                    /home/renan/.m2/repository/org/slf4j/jul-to-slf4j/1.7.28/jul-to-slf4j-1.7.28.jar
7fdf9d990000-7fdf9d992000 r--s 00009000 08:04 8522424                    /home/renan/.m2/repository/org/slf4j/slf4j-api/1.7.25/slf4j-api-1.7.25.jar
7fdf9d992000-7fdf9d99d000 r--s 00069000 08:04 8522396                    /home/renan/.m2/repository/ch/qos/logback/logback-core/1.2.3/logback-core-1.2.3.jar
7fdf9d99d000-7fdf9d9a3000 r--s 00041000 08:04 8522394                    /home/renan/.m2/repository/ch/qos/logback/logback-classic/1.2.3/logback-classic-1.2.3.jar
7fdf9d9a3000-7fdf9d9a5000 r--s 0000c000 08:04 8916171                    /home/renan/.m2/repository/org/jboss/logging/jboss-logging/3.1.4.GA/jboss-logging-3.1.4.GA.jar
7fdf9d9a5000-7fdf9d9a9000 r--s 00020000 08:04 8786424                    /home/renan/.m2/repository/org/jboss/jboss-vfs/3.2.14.Final/jboss-vfs-3.2.14.Final.jar
7fdf9d9a9000-7fdf9d9ae000 r--s 0034f000 08:04 4849813                    /home/renan/.m2/repository/net/sourceforge/lept4j/lept4j/1.12.3/lept4j-1.12.3.jar
7fdf9d9ae000-7fdf9d9b2000 r--s 00031000 08:04 9441031                    /home/renan/.m2/repository/commons-io/commons-io/2.6/commons-io-2.6.jar
7fdf9d9b2000-7fdf9d9b6000 r--s 00022000 08:04 4849811                    /home/renan/.m2/repository/org/apache/pdfbox/jbig2-imageio/3.0.2/jbig2-imageio-3.0.2.jar
7fdf9d9b6000-7fdf9d9c2000 r--s 00108000 08:04 10358163                   /home/renan/.m2/repository/com/lowagie/itext/2.1.7/itext-2.1.7.jar
7fdf9d9c2000-7fdf9d9cc000 r--s 00081000 08:04 4849809                    /home/renan/.m2/repository/org/apache/xmlgraphics/xmlgraphics-commons/1.4/xmlgraphics-commons-1.4.jar
7fdf9d9cc000-7fdf9d9da000 r--s 0007f000 08:04 9440212                    /home/renan/.m2/repository/commons-collections/commons-collections/3.2.1/commons-collections-3.2.1.jar
7fdf9d9da000-7fdf9d9df000 r--s 00035000 08:04 9047391                    /home/renan/.m2/repository/commons-beanutils/commons-beanutils/1.9.2/commons-beanutils-1.9.2.jar
7fdf9d9df000-7fdf9d9e8000 r--s 0006f000 08:04 7609090                    /home/renan/.m2/repository/log4j/log4j/1.2.17/log4j-1.2.17.jar
7fdf9d9e8000-7fdf9d9ed000 r--s 00028000 08:04 8132139                    /home/renan/.m2/repository/org/ghost4j/ghost4j/1.0.1/ghost4j-1.0.1.jar
7fdf9d9ed000-7fdf9d9f8000 r--s 0008f000 08:04 8655681                    /home/renan/.m2/repository/com/github/jai-imageio/jai-imageio-core/1.4.0/jai-imageio-core-1.4.0.jar
7fdf9d9f8000-7fdf9d9fc000 r--s 0016c000 08:04 7999245                    /home/renan/.m2/repository/net/java/dev/jna/jna/5.4.0/jna-5.4.0.jar
7fdf9d9fc000-7fdf9d9ff000 r--s 0083f000 08:04 4849807                    /home/renan/.m2/repository/net/sourceforge/tess4j/tess4j/4.4.1/tess4j-4.4.1.jar
7fdf9d9ff000-7fdf9da01000 r--s 0000e000 08:04 8391790                    /home/renan/.m2/repository/commons-logging/commons-logging/1.2/commons-logging-1.2.jar
7fdf9da01000-7fdf9da17000 r--s 00250000 08:04 4332170                    /home/renan/.m2/repository/org/apache/pdfbox/pdfbox/2.0.9/pdfbox-2.0.9.jar
7fdf9da17000-7fdf9da1d000 r--s 00041000 08:04 8132622                    /home/renan/Dev/Tess4J/lib/logback-classic-1.2.3.jar
7fdf9da1d000-7fdf9da1f000 r--s 00004000 08:04 8132621                    /home/renan/Dev/Tess4J/lib/log4j-over-slf4j-1.7.25.jar
7fdf9da1f000-7fdf9da28000 r--s 0006f000 08:04 8132620                    /home/renan/Dev/Tess4J/lib/log4j-1.2.17.jar
7fdf9da28000-7fdf9da2d000 r--s 006b2000 08:04 8132619                    /home/renan/Dev/Tess4J/lib/lept4j-1.6.4.jar
7fdf9da2d000-7fdf9da35000 r--s 00046000 08:04 8132618                    /home/renan/Dev/Tess4J/lib/junit-4.12.jar
7fdf9da35000-7fdf9da37000 r--s 00000000 08:04 8132617                    /home/renan/Dev/Tess4J/lib/jul-to-slf4j-1.7.25.jar
7fdf9da37000-7fdf9da3b000 r--s 000dc000 08:04 8132616                    /home/renan/Dev/Tess4J/lib/jna-4.1.0.jar
7fdf9da3b000-7fdf9da3d000 r--s 00003000 08:04 8132615                    /home/renan/Dev/Tess4J/lib/jcl-over-slf4j-1.7.25.jar
7fdf9da3d000-7fdf9da41000 r--s 00020000 08:04 8132614                    /home/renan/Dev/Tess4J/lib/jboss-vfs-3.2.12.Final.jar
7fdf9da41000-7fdf9da45000 r--s 00022000 08:04 8132613                    /home/renan/Dev/Tess4J/lib/jbig2-imageio-3.0.0.jar
7fdf9da45000-7fdf9da50000 r--s 0008f000 08:04 8132612                    /home/renan/Dev/Tess4J/lib/jai-imageio-core-1.4.0.jar
7fdf9da50000-7fdf9da5c000 r--s 00108000 08:04 8132611                    /home/renan/Dev/Tess4J/lib/itext-2.1.7.jar
7fdf9da5c000-7fdf9da63000 r--s 00175000 08:04 8132608                    /home/renan/Dev/Tess4J/lib/fontbox-2.0.9.jar
7fdf9da63000-7fdf9da6d000 r--s 00089000 08:04 8132630                    /home/renan/Dev/Tess4J/lib/xmlgraphics-commons-1.5.jar
7fdf9da6d000-7fdf9dafd000 r--s 00843000 08:04 10624667                   /home/renan/Dev/PdfBox/pdfbox-app-2.0.17.jar
7fdf9dafd000-7fdf9dafe000 ---p 00000000 00:00 0 
7fdf9dafe000-7fdf9dbfe000 rw-p 00000000 00:00 0 
7fdf9dbfe000-7fdf9dc01000 ---p 00000000 00:00 0 
7fdf9dc01000-7fdf9dcff000 rw-p 00000000 00:00 0 
7fdf9dcff000-7fdf9dd00000 ---p 00000000 00:00 0 
7fdf9dd00000-7fdf9dd03000 ---p 00000000 00:00 0 
7fdf9dd03000-7fdf9de00000 rw-p 00000000 00:00 0 
7fdf9de00000-7fdf9de01000 ---p 00000000 00:00 0 
7fdf9de01000-7fdf9de04000 ---p 00000000 00:00 0 
7fdf9de04000-7fdf9df01000 rw-p 00000000 00:00 0 
7fdf9df01000-7fdf9df02000 ---p 00000000 00:00 0 
7fdf9df02000-7fdf9df05000 ---p 00000000 00:00 0 
7fdf9df05000-7fdf9e002000 rw-p 00000000 00:00 0 
7fdf9e002000-7fdf9e005000 ---p 00000000 00:00 0 
7fdf9e005000-7fdf9e103000 rw-p 00000000 00:00 0 
7fdf9e103000-7fdf9ead2000 r--p 00000000 08:04 5774039                    /usr/lib/locale/locale-archive
7fdf9ead2000-7fdf9ead5000 ---p 00000000 00:00 0 
7fdf9ead5000-7fdf9ebd3000 rw-p 00000000 00:00 0 
7fdf9ebd3000-7fdf9ebd6000 ---p 00000000 00:00 0 
7fdf9ebd6000-7fdf9ecd4000 rw-p 00000000 00:00 0 
7fdf9ecd4000-7fdf9ecd5000 ---p 00000000 00:00 0 
7fdf9ecd5000-7fdfa0000000 rw-p 00000000 00:00 0 
7fdfa0000000-7fdfa0021000 rw-p 00000000 00:00 0 
7fdfa0021000-7fdfa4000000 ---p 00000000 00:00 0 
7fdfa4000000-7fdfa4001000 r--s 00001000 08:04 8261012                    /home/renan/.m2/repository/org/seleniumhq/selenium/selenium-edge-driver/4.0.0-alpha-1/selenium-edge-driver-4.0.0-alpha-1.jar
7fdfa4001000-7fdfa4006000 r--s 00028000 08:04 8132609                    /home/renan/Dev/Tess4J/lib/ghost4j-1.0.1.jar
7fdfa4006000-7fdfa401c000 r--s 00250000 08:04 8132625                    /home/renan/Dev/Tess4J/lib/pdfbox-2.0.9.jar
7fdfa401c000-7fdfa8000000 rw-p 00000000 00:00 0 
7fdfa8000000-7fdfa8021000 rw-p 00000000 00:00 0 
7fdfa8021000-7fdfac000000 ---p 00000000 00:00 0 
7fdfac000000-7fdfac001000 r--s 00000000 08:04 8261006                    /home/renan/.m2/repository/org/codehaus/mojo/animal-sniffer-annotations/1.17/animal-sniffer-annotations-1.17.jar
7fdfac001000-7fdfac005000 r--s 00031000 08:04 8132606                    /home/renan/Dev/Tess4J/lib/commons-io-2.6.jar
7fdfac005000-7fdfac01c000 r--s 0027a000 08:04 10624673                   /home/renan/Dev/PdfBox/pdfbox-2.0.17.jar
7fdfac01c000-7fdfac340000 rw-p 00000000 00:00 0 
7fdfac340000-7fdfac51a000 r--s 03d88000 08:04 9704535                    /home/renan/Dev/SpringToolSuite/jre/jre/lib/rt.jar
7fdfac51a000-7fdfac96a000 rw-p 00000000 00:00 0 
7fdfac96a000-7fdfac96b000 ---p 00000000 00:00 0 
7fdfac96b000-7fdfaca6b000 rw-p 00000000 00:00 0 
7fdfaca6b000-7fdfaca6c000 ---p 00000000 00:00 0 
7fdfaca6c000-7fdfacb6c000 rw-p 00000000 00:00 0 
7fdfacb6c000-7fdfacb6d000 ---p 00000000 00:00 0 
7fdfacb6d000-7fdfacc6d000 rw-p 00000000 00:00 0 
7fdfacc6d000-7fdfacc6e000 ---p 00000000 00:00 0 
7fdfacc6e000-7fdfacd98000 rw-p 00000000 00:00 0 
7fdfacd98000-7fdfad000000 ---p 00000000 00:00 0 
7fdfad000000-7fdfad600000 rwxp 00000000 00:00 0 
7fdfad600000-7fdfbc000000 ---p 00000000 00:00 0 
7fdfbc000000-7fdfbcc71000 rw-p 00000000 00:00 0 
7fdfbcc71000-7fdfc0000000 ---p 00000000 00:00 0 
7fdfc0000000-7fdfc0001000 r--s 00000000 08:04 9047421                    /home/renan/.m2/repository/com/google/guava/listenablefuture/9999.0-empty-to-avoid-conflict-with-guava/listenablefuture-9999.0-empty-to-avoid-conflict-with-guava.jar
7fdfc0001000-7fdfc0003000 r--s 0000a000 08:04 8132610                    /home/renan/Dev/Tess4J/lib/hamcrest-core-1.3.jar
7fdfc0003000-7fdfc007d000 rw-p 00000000 00:00 0 
7fdfc007d000-7fdfc02e4000 ---p 00000000 00:00 0 
7fdfc02e4000-7fdfc0328000 rw-p 00000000 00:00 0 
7fdfc0328000-7fdfc042d000 ---p 00000000 00:00 0 
7fdfc042d000-7fdfc0446000 rw-p 00000000 00:00 0 
7fdfc0446000-7fdfc07ee000 ---p 00000000 00:00 0 
7fdfc07ee000-7fdfc0809000 r-xp 00000000 08:04 9830565                    /home/renan/Dev/SpringToolSuite/jre/jre/lib/amd64/libzip.so
7fdfc0809000-7fdfc0a08000 ---p 0001b000 08:04 9830565                    /home/renan/Dev/SpringToolSuite/jre/jre/lib/amd64/libzip.so
7fdfc0a08000-7fdfc0a09000 r--p 0001a000 08:04 9830565                    /home/renan/Dev/SpringToolSuite/jre/jre/lib/amd64/libzip.so
7fdfc0a09000-7fdfc0a0a000 rw-p 0001b000 08:04 9830565                    /home/renan/Dev/SpringToolSuite/jre/jre/lib/amd64/libzip.so
7fdfc0a0a000-7fdfc0a15000 r-xp 00000000 08:04 3806003                    /lib/x86_64-linux-gnu/libnss_files-2.27.so
7fdfc0a15000-7fdfc0c14000 ---p 0000b000 08:04 3806003                    /lib/x86_64-linux-gnu/libnss_files-2.27.so
7fdfc0c14000-7fdfc0c15000 r--p 0000a000 08:04 3806003                    /lib/x86_64-linux-gnu/libnss_files-2.27.so
7fdfc0c15000-7fdfc0c16000 rw-p 0000b000 08:04 3806003                    /lib/x86_64-linux-gnu/libnss_files-2.27.so
7fdfc0c16000-7fdfc0c1c000 rw-p 00000000 00:00 0 
7fdfc0c1c000-7fdfc0c33000 r-xp 00000000 08:04 3805997                    /lib/x86_64-linux-gnu/libnsl-2.27.so
7fdfc0c33000-7fdfc0e32000 ---p 00017000 08:04 3805997                    /lib/x86_64-linux-gnu/libnsl-2.27.so
7fdfc0e32000-7fdfc0e33000 r--p 00016000 08:04 3805997                    /lib/x86_64-linux-gnu/libnsl-2.27.so
7fdfc0e33000-7fdfc0e34000 rw-p 00017000 08:04 3805997                    /lib/x86_64-linux-gnu/libnsl-2.27.so
7fdfc0e34000-7fdfc0e36000 rw-p 00000000 00:00 0 
7fdfc0e36000-7fdfc0e41000 r-xp 00000000 08:04 3806014                    /lib/x86_64-linux-gnu/libnss_nis-2.27.so
7fdfc0e41000-7fdfc1040000 ---p 0000b000 08:04 3806014                    /lib/x86_64-linux-gnu/libnss_nis-2.27.so
7fdfc1040000-7fdfc1041000 r--p 0000a000 08:04 3806014                    /lib/x86_64-linux-gnu/libnss_nis-2.27.so
7fdfc1041000-7fdfc1042000 rw-p 0000b000 08:04 3806014                    /lib/x86_64-linux-gnu/libnss_nis-2.27.so
7fdfc1042000-7fdfc104a000 r-xp 00000000 08:04 3805999                    /lib/x86_64-linux-gnu/libnss_compat-2.27.so
7fdfc104a000-7fdfc124a000 ---p 00008000 08:04 3805999                    /lib/x86_64-linux-gnu/libnss_compat-2.27.so
7fdfc124a000-7fdfc124b000 r--p 00008000 08:04 3805999                    /lib/x86_64-linux-gnu/libnss_compat-2.27.so
7fdfc124b000-7fdfc124c000 rw-p 00009000 08:04 3805999                    /lib/x86_64-linux-gnu/libnss_compat-2.27.so
7fdfc124c000-7fdfc1278000 r-xp 00000000 08:04 9830556                    /home/renan/Dev/SpringToolSuite/jre/jre/lib/amd64/libjava.so
7fdfc1278000-7fdfc1478000 ---p 0002c000 08:04 9830556                    /home/renan/Dev/SpringToolSuite/jre/jre/lib/amd64/libjava.so
7fdfc1478000-7fdfc1479000 r--p 0002c000 08:04 9830556                    /home/renan/Dev/SpringToolSuite/jre/jre/lib/amd64/libjava.so
7fdfc1479000-7fdfc147b000 rw-p 0002d000 08:04 9830556                    /home/renan/Dev/SpringToolSuite/jre/jre/lib/amd64/libjava.so
7fdfc147b000-7fdfc1488000 r-xp 00000000 08:04 9830547                    /home/renan/Dev/SpringToolSuite/jre/jre/lib/amd64/libverify.so
7fdfc1488000-7fdfc1687000 ---p 0000d000 08:04 9830547                    /home/renan/Dev/SpringToolSuite/jre/jre/lib/amd64/libverify.so
7fdfc1687000-7fdfc1689000 r--p 0000c000 08:04 9830547                    /home/renan/Dev/SpringToolSuite/jre/jre/lib/amd64/libverify.so
7fdfc1689000-7fdfc168a000 rw-p 0000e000 08:04 9830547                    /home/renan/Dev/SpringToolSuite/jre/jre/lib/amd64/libverify.so
7fdfc168a000-7fdfc1691000 r-xp 00000000 08:04 3806054                    /lib/x86_64-linux-gnu/librt-2.27.so
7fdfc1691000-7fdfc1890000 ---p 00007000 08:04 3806054                    /lib/x86_64-linux-gnu/librt-2.27.so
7fdfc1890000-7fdfc1891000 r--p 00006000 08:04 3806054                    /lib/x86_64-linux-gnu/librt-2.27.so
7fdfc1891000-7fdfc1892000 rw-p 00007000 08:04 3806054                    /lib/x86_64-linux-gnu/librt-2.27.so
7fdfc1892000-7fdfc1a2f000 r-xp 00000000 08:04 3805976                    /lib/x86_64-linux-gnu/libm-2.27.so
7fdfc1a2f000-7fdfc1c2e000 ---p 0019d000 08:04 3805976                    /lib/x86_64-linux-gnu/libm-2.27.so
7fdfc1c2e000-7fdfc1c2f000 r--p 0019c000 08:04 3805976                    /lib/x86_64-linux-gnu/libm-2.27.so
7fdfc1c2f000-7fdfc1c30000 rw-p 0019d000 08:04 3805976                    /lib/x86_64-linux-gnu/libm-2.27.so
7fdfc1c30000-7fdfc2918000 r-xp 00000000 08:04 9830563                    /home/renan/Dev/SpringToolSuite/jre/jre/lib/amd64/server/libjvm.so
7fdfc2918000-7fdfc2b17000 ---p 00ce8000 08:04 9830563                    /home/renan/Dev/SpringToolSuite/jre/jre/lib/amd64/server/libjvm.so
7fdfc2b17000-7fdfc2bad000 r--p 00ce7000 08:04 9830563                    /home/renan/Dev/SpringToolSuite/jre/jre/lib/amd64/server/libjvm.so
7fdfc2bad000-7fdfc2bde000 rw-p 00d7d000 08:04 9830563                    /home/renan/Dev/SpringToolSuite/jre/jre/lib/amd64/server/libjvm.so
7fdfc2bde000-7fdfc2c19000 rw-p 00000000 00:00 0 
7fdfc2c19000-7fdfc2e00000 r-xp 00000000 08:04 3805913                    /lib/x86_64-linux-gnu/libc-2.27.so
7fdfc2e00000-7fdfc3000000 ---p 001e7000 08:04 3805913                    /lib/x86_64-linux-gnu/libc-2.27.so
7fdfc3000000-7fdfc3004000 r--p 001e7000 08:04 3805913                    /lib/x86_64-linux-gnu/libc-2.27.so
7fdfc3004000-7fdfc3006000 rw-p 001eb000 08:04 3805913                    /lib/x86_64-linux-gnu/libc-2.27.so
7fdfc3006000-7fdfc300a000 rw-p 00000000 00:00 0 
7fdfc300a000-7fdfc300d000 r-xp 00000000 08:04 3805936                    /lib/x86_64-linux-gnu/libdl-2.27.so
7fdfc300d000-7fdfc320c000 ---p 00003000 08:04 3805936                    /lib/x86_64-linux-gnu/libdl-2.27.so
7fdfc320c000-7fdfc320d000 r--p 00002000 08:04 3805936                    /lib/x86_64-linux-gnu/libdl-2.27.so
7fdfc320d000-7fdfc320e000 rw-p 00003000 08:04 3805936                    /lib/x86_64-linux-gnu/libdl-2.27.so
7fdfc320e000-7fdfc3225000 r-xp 00000000 08:04 9831214                    /home/renan/Dev/SpringToolSuite/jre/lib/amd64/jli/libjli.so
7fdfc3225000-7fdfc3424000 ---p 00017000 08:04 9831214                    /home/renan/Dev/SpringToolSuite/jre/lib/amd64/jli/libjli.so
7fdfc3424000-7fdfc3425000 r--p 00016000 08:04 9831214                    /home/renan/Dev/SpringToolSuite/jre/lib/amd64/jli/libjli.so
7fdfc3425000-7fdfc3426000 rw-p 00017000 08:04 9831214                    /home/renan/Dev/SpringToolSuite/jre/lib/amd64/jli/libjli.so
7fdfc3426000-7fdfc3440000 r-xp 00000000 08:04 3806046                    /lib/x86_64-linux-gnu/libpthread-2.27.so
7fdfc3440000-7fdfc363f000 ---p 0001a000 08:04 3806046                    /lib/x86_64-linux-gnu/libpthread-2.27.so
7fdfc363f000-7fdfc3640000 r--p 00019000 08:04 3806046                    /lib/x86_64-linux-gnu/libpthread-2.27.so
7fdfc3640000-7fdfc3641000 rw-p 0001a000 08:04 3806046                    /lib/x86_64-linux-gnu/libpthread-2.27.so
7fdfc3641000-7fdfc3645000 rw-p 00000000 00:00 0 
7fdfc3645000-7fdfc366c000 r-xp 00000000 08:04 3805885                    /lib/x86_64-linux-gnu/ld-2.27.so
7fdfc366c000-7fdfc366d000 r--s 00000000 08:04 8260994                    /home/renan/.m2/repository/org/seleniumhq/selenium/selenium-java/4.0.0-alpha-1/selenium-java-4.0.0-alpha-1.jar
7fdfc366d000-7fdfc366f000 r--s 0000e000 08:04 8132607                    /home/renan/Dev/Tess4J/lib/commons-logging-1.2.jar
7fdfc366f000-7fdfc3674000 r--s 00035000 08:04 8132605                    /home/renan/Dev/Tess4J/lib/commons-beanutils-1.9.2.jar
7fdfc3674000-7fdfc3676000 r--s 00009000 08:04 8132627                    /home/renan/Dev/Tess4J/lib/slf4j-api-1.7.25.jar
7fdfc3676000-7fdfc3681000 r--s 00069000 08:04 8132623                    /home/renan/Dev/Tess4J/lib/logback-core-1.2.3.jar
7fdfc3681000-7fdfc374c000 rw-p 00000000 00:00 0 
7fdfc374c000-7fdfc374d000 ---p 00000000 00:00 0 
7fdfc374d000-7fdfc3750000 ---p 00000000 00:00 0 
7fdfc3750000-7fdfc3851000 rw-p 00000000 00:00 0 
7fdfc3851000-7fdfc3853000 r--s 00010000 08:04 8132626                    /home/renan/Dev/Tess4J/lib/pdfbox-tools-2.0.9.jar
7fdfc3853000-7fdfc3856000 r--s 0001e000 08:04 10624682                   /home/renan/Dev/PdfBox/xmpbox-2.0.17.jar
7fdfc3856000-7fdfc385b000 r--s 00038000 08:04 10624679                   /home/renan/Dev/PdfBox/preflight-2.0.17.jar
7fdfc385b000-7fdfc3862000 r--s 00176000 08:04 10624664                   /home/renan/Dev/PdfBox/fontbox-2.0.17.jar
7fdfc3862000-7fdfc386a000 rw-s 00000000 08:04 7999175                    /tmp/hsperfdata_renan/10301
7fdfc386a000-7fdfc386b000 rw-p 00000000 00:00 0 
7fdfc386b000-7fdfc386c000 r--p 00000000 00:00 0 
7fdfc386c000-7fdfc386d000 r--p 00027000 08:04 3805885                    /lib/x86_64-linux-gnu/ld-2.27.so
7fdfc386d000-7fdfc386e000 rw-p 00028000 08:04 3805885                    /lib/x86_64-linux-gnu/ld-2.27.so
7fdfc386e000-7fdfc386f000 rw-p 00000000 00:00 0 
7ffc2e116000-7ffc2e138000 rw-p 00000000 00:00 0                          [stack]
7ffc2e17d000-7ffc2e180000 r--p 00000000 00:00 0                          [vvar]
7ffc2e180000-7ffc2e181000 r-xp 00000000 00:00 0                          [vdso]
ffffffffff600000-ffffffffff601000 r-xp 00000000 00:00 0                  [vsyscall]

VM Arguments:
jvm_args: -Dfile.encoding=UTF-8 
java_command: br.com.cesupa.main.Main
java_class_path (initial): /home/renan/Dev/SpringToolSuite/cesupaWorkspace/PdfReader/target/classes:/home/renan/Dev/PdfBox/fontbox-2.0.17.jar:/home/renan/Dev/PdfBox/pdfbox-2.0.17.jar:/home/renan/Dev/PdfBox/pdfbox-app-2.0.17.jar:/home/renan/Dev/PdfBox/preflight-2.0.17.jar:/home/renan/Dev/PdfBox/xmpbox-2.0.17.jar:/home/renan/Dev/Tess4J/lib/logback-core-1.2.3.jar:/home/renan/Dev/Tess4J/lib/pdfbox-2.0.9.jar:/home/renan/Dev/Tess4J/lib/pdfbox-tools-2.0.9.jar:/home/renan/Dev/Tess4J/lib/slf4j-api-1.7.25.jar:/home/renan/Dev/Tess4J/lib/xmlgraphics-commons-1.5.jar:/home/renan/Dev/Tess4J/lib/commons-beanutils-1.9.2.jar:/home/renan/Dev/Tess4J/lib/commons-io-2.6.jar:/home/renan/Dev/Tess4J/lib/commons-logging-1.2.jar:/home/renan/Dev/Tess4J/lib/fontbox-2.0.9.jar:/home/renan/Dev/Tess4J/lib/ghost4j-1.0.1.jar:/home/renan/Dev/Tess4J/lib/hamcrest-core-1.3.jar:/home/renan/Dev/Tess4J/lib/itext-2.1.7.jar:/home/renan/Dev/Tess4J/lib/jai-imageio-core-1.4.0.jar:/home/renan/Dev/Tess4J/lib/jbig2-imageio-3.0.0.jar:/home/renan/Dev/Tess4J/lib/jboss-vfs-3.2.12.Final.jar:/home/renan/Dev/Tess4J/lib/jcl-over-slf4j-1.7.25.jar:/home/renan/Dev/Tess4J/lib/jna-4.1.0.jar:/home/renan/Dev/Tess4J/lib/jul-to-slf4j-1.7.25.jar:/home/renan/Dev/Tess4J/lib/junit-4.12.jar:/home/renan/Dev/Tess4J/lib/lept4j-1.6.4.jar:/home/renan/Dev/Tess4J/lib/log4j-1.2.17.jar:/home/renan/Dev/Tess4J/lib/log4j-over-slf4j-1.7.25.jar:/home/renan/Dev/Tess4J/lib/logback-classic-1.2.3.jar:/home/renan/.m2/repository/org/apache/pdfbox/pdfbox/2.0.9/pdfbox-2.0.9.jar:/home/renan/.m2/repository/commons-logging/commons-logging/1.2/commons-logging-1.2.jar:/home/renan/.m2/repository/net/sourceforge/tess4j/tess4j/4.4.1/tess4j-4.4.1.jar:/home/renan/.m2/repository/net/java/dev/jna/jna/5.4.0/jna-5.4.0.jar:/home/renan/.m2/repository/com/github/jai-imageio/jai-imageio-core/1.4.0/jai-imageio-core-1.4.0.jar:/home/renan/.m2/repository/org/ghost4j/ghost4j/1.0.1/ghost4j-1.0.1.jar:/home/renan/.m2/repository/log4j/log4j/1.2.17/log4j-1.2.17.jar:/home/renan/.m2/re
Launcher Type: SUN_STANDARD

Environment Variables:
JAVA_HOME=/usr/jdk1.8.0_221
PATH=/home/renan/.local/bin:/usr/local/sbin:/usr/local/bin:/usr/sbin:/usr/bin:/sbin:/bin:/usr/games:/usr/local/games:/snap/bin
USERNAME=renan
SHELL=/bin/bash
DISPLAY=:0

Signal Handlers:
SIGSEGV: [libjvm.so+0xad3d90], sa_mask[0]=11111111011111111101111111111110, sa_flags=SA_RESTART|SA_SIGINFO
SIGBUS: [libjvm.so+0xad3d90], sa_mask[0]=11111111011111111101111111111110, sa_flags=SA_RESTART|SA_SIGINFO
SIGFPE: [libjvm.so+0x90b8b0], sa_mask[0]=11111111011111111101111111111110, sa_flags=SA_RESTART|SA_SIGINFO
SIGPIPE: [libjvm.so+0x90b8b0], sa_mask[0]=11111111011111111101111111111110, sa_flags=SA_RESTART|SA_SIGINFO
SIGXFSZ: [libjvm.so+0x90b8b0], sa_mask[0]=11111111011111111101111111111110, sa_flags=SA_RESTART|SA_SIGINFO
SIGILL: [libjvm.so+0x90b8b0], sa_mask[0]=11111111011111111101111111111110, sa_flags=SA_RESTART|SA_SIGINFO
SIGUSR1: SIG_DFL, sa_mask[0]=00000000000000000000000000000000, sa_flags=none
SIGUSR2: [libjvm.so+0x90b780], sa_mask[0]=00100000000000000000000000000000, sa_flags=SA_RESTART|SA_SIGINFO
SIGHUP: [libjvm.so+0x90bda0], sa_mask[0]=11111111011111111101111111111110, sa_flags=SA_RESTART|SA_SIGINFO
SIGINT: [libjvm.so+0x90bda0], sa_mask[0]=11111111011111111101111111111110, sa_flags=SA_RESTART|SA_SIGINFO
SIGTERM: [libjvm.so+0x90bda0], sa_mask[0]=11111111011111111101111111111110, sa_flags=SA_RESTART|SA_SIGINFO
SIGQUIT: [libjvm.so+0x90bda0], sa_mask[0]=11111111011111111101111111111110, sa_flags=SA_RESTART|SA_SIGINFO


---------------  S Y S T E M  ---------------

OS:DISTRIB_ID=Ubuntu
DISTRIB_RELEASE=18.04
DISTRIB_CODENAME=bionic
DISTRIB_DESCRIPTION="Ubuntu 18.04.3 LTS"

uname:Linux 5.0.0-37-generic #40~18.04.1-Ubuntu SMP Thu Nov 14 12:06:39 UTC 2019 x86_64
libc:glibc 2.27 NPTL 2.27 
rlimit: STACK 8192k, CORE 0k, NPROC 31349, NOFILE 4096, AS infinity
load average:1,34 1,14 0,99

/proc/meminfo:
MemTotal:        8073720 kB
MemFree:          982224 kB
MemAvailable:    3897152 kB
Buffers:          667768 kB
Cached:          2473140 kB
SwapCached:            0 kB
Active:          4931544 kB
Inactive:        1443716 kB
Active(anon):    3364592 kB
Inactive(anon):   149916 kB
Active(file):    1566952 kB
Inactive(file):  1293800 kB
Unevictable:      131632 kB
Mlocked:              96 kB
SwapTotal:       3905532 kB
SwapFree:        3905532 kB
Dirty:                48 kB
Writeback:             0 kB
AnonPages:       3366056 kB
Mapped:           707276 kB
Shmem:            280160 kB
KReclaimable:     358956 kB
Slab:             419772 kB
SReclaimable:     358956 kB
SUnreclaim:        60816 kB
KernelStack:       15536 kB
PageTables:        54900 kB
NFS_Unstable:          0 kB
Bounce:                0 kB
WritebackTmp:          0 kB
CommitLimit:     7942392 kB
Committed_AS:    8804092 kB
VmallocTotal:   34359738367 kB
VmallocUsed:           0 kB
VmallocChunk:          0 kB
Percpu:             1360 kB
HardwareCorrupted:     0 kB
AnonHugePages:         0 kB
ShmemHugePages:        0 kB
ShmemPmdMapped:        0 kB
CmaTotal:              0 kB
CmaFree:               0 kB
HugePages_Total:       0
HugePages_Free:        0
HugePages_Rsvd:        0
HugePages_Surp:        0
Hugepagesize:       2048 kB
Hugetlb:               0 kB
DirectMap4k:      225884 kB
DirectMap2M:     7022592 kB
DirectMap1G:     1048576 kB

container (cgroup) information:
container_type: cgroupv1
cpu_cpuset_cpus: 0-3
cpu_memory_nodes: 0
active_processor_count: 4
cpu_quota: -1
cpu_period: 100000
cpu_shares: -1
memory_limit_in_bytes: -1
memory_and_swap_limit_in_bytes: -2
memory_soft_limit_in_bytes: -1
memory_usage_in_bytes: 6662950912
memory_max_usage_in_bytes: 2125824


CPU:total 4 (initial active 4) (2 cores per cpu, 2 threads per core) family 6 model 61 stepping 4, cmov, cx8, fxsr, mmx, sse, sse2, sse3, ssse3, sse4.1, sse4.2, popcnt, avx, avx2, aes, clmul, erms, 3dnowpref, lzcnt, ht, tsc, tscinvbit, bmi1, bmi2, adx

/proc/cpuinfo:
processor	: 0
vendor_id	: GenuineIntel
cpu family	: 6
model		: 61
model name	: Intel(R) Core(TM) i5-5200U CPU @ 2.20GHz
stepping	: 4
microcode	: 0x2e
cpu MHz		: 2289.683
cache size	: 3072 KB
physical id	: 0
siblings	: 4
core id		: 0
cpu cores	: 2
apicid		: 0
initial apicid	: 0
fpu		: yes
fpu_exception	: yes
cpuid level	: 20
wp		: yes
flags		: fpu vme de pse tsc msr pae mce cx8 apic sep mtrr pge mca cmov pat pse36 clflush dts acpi mmx fxsr sse sse2 ss ht tm pbe syscall nx pdpe1gb rdtscp lm constant_tsc arch_perfmon pebs bts rep_good nopl xtopology nonstop_tsc cpuid aperfmperf pni pclmulqdq dtes64 monitor ds_cpl vmx est tm2 ssse3 sdbg fma cx16 xtpr pdcm pcid sse4_1 sse4_2 x2apic movbe popcnt tsc_deadline_timer aes xsave avx f16c rdrand lahf_lm abm 3dnowprefetch cpuid_fault epb invpcid_single pti ssbd ibrs ibpb stibp tpr_shadow vnmi flexpriority ept vpid ept_ad fsgsbase tsc_adjust bmi1 avx2 smep bmi2 erms invpcid rdseed adx smap intel_pt xsaveopt dtherm ida arat pln pts md_clear flush_l1d
bugs		: cpu_meltdown spectre_v1 spectre_v2 spec_store_bypass l1tf mds swapgs itlb_multihit
bogomips	: 4389.84
clflush size	: 64
cache_alignment	: 64
address sizes	: 39 bits physical, 48 bits virtual
power management:

processor	: 1
vendor_id	: GenuineIntel
cpu family	: 6
model		: 61
model name	: Intel(R) Core(TM) i5-5200U CPU @ 2.20GHz
stepping	: 4
microcode	: 0x2e
cpu MHz		: 2144.947
cache size	: 3072 KB
physical id	: 0
siblings	: 4
core id		: 1
cpu cores	: 2
apicid		: 2
initial apicid	: 2
fpu		: yes
fpu_exception	: yes
cpuid level	: 20
wp		: yes
flags		: fpu vme de pse tsc msr pae mce cx8 apic sep mtrr pge mca cmov pat pse36 clflush dts acpi mmx fxsr sse sse2 ss ht tm pbe syscall nx pdpe1gb rdtscp lm constant_tsc arch_perfmon pebs bts rep_good nopl xtopology nonstop_tsc cpuid aperfmperf pni pclmulqdq dtes64 monitor ds_cpl vmx est tm2 ssse3 sdbg fma cx16 xtpr pdcm pcid sse4_1 sse4_2 x2apic movbe popcnt tsc_deadline_timer aes xsave avx f16c rdrand lahf_lm abm 3dnowprefetch cpuid_fault epb invpcid_single pti ssbd ibrs ibpb stibp tpr_shadow vnmi flexpriority ept vpid ept_ad fsgsbase tsc_adjust bmi1 avx2 smep bmi2 erms invpcid rdseed adx smap intel_pt xsaveopt dtherm ida arat pln pts md_clear flush_l1d
bugs		: cpu_meltdown spectre_v1 spectre_v2 spec_store_bypass l1tf mds swapgs itlb_multihit
bogomips	: 4389.84
clflush size	: 64
cache_alignment	: 64
address sizes	: 39 bits physical, 48 bits virtual
power management:

processor	: 2
vendor_id	: GenuineIntel
cpu family	: 6
model		: 61
model name	: Intel(R) Core(TM) i5-5200U CPU @ 2.20GHz
stepping	: 4
microcode	: 0x2e
cpu MHz		: 1674.888
cache size	: 3072 KB
physical id	: 0
siblings	: 4
core id		: 0
cpu cores	: 2
apicid		: 1
initial apicid	: 1
fpu		: yes
fpu_exception	: yes
cpuid level	: 20
wp		: yes
flags		: fpu vme de pse tsc msr pae mce cx8 apic sep mtrr pge mca cmov pat pse36 clflush dts acpi mmx fxsr sse sse2 ss ht tm pbe syscall nx pdpe1gb rdtscp lm constant_tsc arch_perfmon pebs bts rep_good nopl xtopology nonstop_tsc cpuid aperfmperf pni pclmulqdq dtes64 monitor ds_cpl vmx est tm2 ssse3 sdbg fma cx16 xtpr pdcm pcid sse4_1 sse4_2 x2apic movbe popcnt tsc_deadline_timer aes xsave avx f16c rdrand lahf_lm abm 3dnowprefetch cpuid_fault epb invpcid_single pti ssbd ibrs ibpb stibp tpr_shadow vnmi flexpriority ept vpid ept_ad fsgsbase tsc_adjust bmi1 avx2 smep bmi2 erms invpcid rdseed adx smap intel_pt xsaveopt dtherm ida arat pln pts md_clear flush_l1d
bugs		: cpu_meltdown spectre_v1 spectre_v2 spec_store_bypass l1tf mds swapgs itlb_multihit
bogomips	: 4389.84
clflush size	: 64
cache_alignment	: 64
address sizes	: 39 bits physical, 48 bits virtual
power management:

processor	: 3
vendor_id	: GenuineIntel
cpu family	: 6
model		: 61
model name	: Intel(R) Core(TM) i5-5200U CPU @ 2.20GHz
stepping	: 4
microcode	: 0x2e
cpu MHz		: 2196.932
cache size	: 3072 KB
physical id	: 0
siblings	: 4
core id		: 1
cpu cores	: 2
apicid		: 3
initial apicid	: 3
fpu		: yes
fpu_exception	: yes
cpuid level	: 20
wp		: yes
flags		: fpu vme de pse tsc msr pae mce cx8 apic sep mtrr pge mca cmov pat pse36 clflush dts acpi mmx fxsr sse sse2 ss ht tm pbe syscall nx pdpe1gb rdtscp lm constant_tsc arch_perfmon pebs bts rep_good nopl xtopology nonstop_tsc cpuid aperfmperf pni pclmulqdq dtes64 monitor ds_cpl vmx est tm2 ssse3 sdbg fma cx16 xtpr pdcm pcid sse4_1 sse4_2 x2apic movbe popcnt tsc_deadline_timer aes xsave avx f16c rdrand lahf_lm abm 3dnowprefetch cpuid_fault epb invpcid_single pti ssbd ibrs ibpb stibp tpr_shadow vnmi flexpriority ept vpid ept_ad fsgsbase tsc_adjust bmi1 avx2 smep bmi2 erms invpcid rdseed adx smap intel_pt xsaveopt dtherm ida arat pln pts md_clear flush_l1d
bugs		: cpu_meltdown spectre_v1 spectre_v2 spec_store_bypass l1tf mds swapgs itlb_multihit
bogomips	: 4389.84
clflush size	: 64
cache_alignment	: 64
address sizes	: 39 bits physical, 48 bits virtual
power management:



Memory: 4k page, physical 8073720k(982224k free), swap 3905532k(3905532k free)

vm_info: Java HotSpot(TM) 64-Bit Server VM (25.221-b11) for linux-amd64 JRE (1.8.0_221-b11), built on Jul  4 2019 04:27:00 by "java_re" with gcc 7.3.0

time: Sat Dec  7 14:49:13 2019
timezone: -03
elapsed time: 2 seconds (0d 0h 0m 2s)

