#
# A fatal error has been detected by the Java Runtime Environment:
#
#  SIGSEGV (0xb) at pc=0x00007fdf1cf4c69b, pid=23083, tid=0x00007fdf41cec700
#
# JRE version: Java(TM) SE Runtime Environment (8.0_221-b11) (build 1.8.0_221-b11)
# Java VM: Java HotSpot(TM) 64-Bit Server VM (25.221-b11 mixed mode linux-amd64 compressed oops)
# Problematic frame:
# C  [libtesseract.so+0x25969b]  ERRCODE::error(char const*, TessErrorLogCode, char const*, ...) const+0x16b
#
# Failed to write core dump. Core dumps have been disabled. To enable core dumping, try "ulimit -c unlimited" before starting Java again
#
# If you would like to submit a bug report, please visit:
#   http://bugreport.java.com/bugreport/crash.jsp
# The crash happened outside the Java Virtual Machine in native code.
# See problematic frame for where to report the bug.
#

---------------  T H R E A D  ---------------

Current thread (0x00007fdf3800e000):  JavaThread "main" [_thread_in_native, id=23084, stack(0x00007fdf41bed000,0x00007fdf41ced000)]

siginfo: si_signo: 11 (SIGSEGV), si_code: 1 (SEGV_MAPERR), si_addr: 0x0000000000000000

Registers:
RAX=0x0000000000000055, RBX=0x00007fdf41ce9a07, RCX=0x0000000000000000, RDX=0x00007fdf414a68b0
RSP=0x00007fdf41ce99b0, RBP=0x00007fdf41ce99d0, RSI=0x0000000000000055, RDI=0x00007fdf41ce71e0
R8 =0x0000000000000055, R9 =0x0000000000000055, R10=0x00000000ffffffab, R11=0x0000000000000000
R12=0x0000000000000002, R13=0x00007fdf1cf5c4a1, R14=0x00007fdf1d4986e0, R15=0x00007fdf41ce9f20
RIP=0x00007fdf1cf4c69b, EFLAGS=0x0000000000010246, CSGSFS=0x002b000000000033, ERR=0x0000000000000004
  TRAPNO=0x000000000000000e

Top of Stack: (sp=0x00007fdf41ce99b0)
0x00007fdf41ce99b0:   00007fdf41ce9f60 0000003000000030
0x00007fdf41ce99c0:   00007fdf41ce9ec0 00007fdf41ce9de0
0x00007fdf41ce99d0:   65206c6174614622 636e6520726f7272
0x00007fdf41ce99e0:   64657265746e756f 554e203d3d202221
0x00007fdf41ce99f0:   726f7272453a4c4c 207472657373413a
0x00007fdf41ce9a00:   693a64656c696166 6720656c6966206e
0x00007fdf41ce9a10:   2e636f6c61626f6c 6e696c202c707063
0x00007fdf41ce9a20:   0000000a35372065 00007fdf41ce9cc0
0x00007fdf41ce9a30:   00007fdf41ce9ce0 00007fdf1cf58828
0x00007fdf41ce9a40:   00007fdf41cea1f0 00007fdf38dd2a98
0x00007fdf41ce9a50:   0000000000000001 00007fdf1cf58938
0x00007fdf41ce9a60:   00007fdf41ce9f3c 00007fdf38dd61c0
0x00007fdf41ce9a70:   00007fdf41ce9f80 0000000000000003
0x00007fdf41ce9a80:   0000000000000003 0000000000000002
0x00007fdf41ce9a90:   00007fdf41ce9ce0 00007fdf39087898
0x00007fdf41ce9aa0:   3300000000000001 deb3e6ae51744500
0x00007fdf41ce9ab0:   00007fdf41ce9ad3 00007fdf41ce9ed0
0x00007fdf41ce9ac0:   00007fdf41ce9ad0 0000000000000400
0x00007fdf41ce9ad0:   00007fdf00003737 0000000000000001
0x00007fdf41ce9ae0:   0000000000000022 00007fdf411eb169
0x00007fdf41ce9af0:   32000000fbad8001 deb3e6ae51744500
0x00007fdf41ce9b00:   00007fdf41ce9b40 00007fdf41ce9b40
0x00007fdf41ce9b10:   00007fdf41ce9dd0 00007fdf1cf7eb7e
0x00007fdf41ce9b20:   00007fdf41ce9cc0 0000000000000001
0x00007fdf41ce9b30:   0000000000000022 00007fdf411eb169
0x00007fdf41ce9b40:   00000000fbad8001 00007fdf41ce9dd0
0x00007fdf41ce9b50:   00007fdf41ce9dd0 00007fdf41ce9dd0
0x00007fdf41ce9b60:   00007fdf41ce9dd0 deb3e6ae51744500
0x00007fdf41ce9b70:   00007fdf41ce9bb0 00007fdf41ce9bb0
0x00007fdf41ce9b80:   00007fdf41ce9ce0 00007fdf386ce388
0x00007fdf41ce9b90:   0000000000000000 00007fdf386ce386
0x00007fdf41ce9ba0:   00007fdf1cf7b058 00007fdf4113a79d 

Instructions: (pc=0x00007fdf1cf4c69b)
0x00007fdf1cf4c67b:   be 01 00 00 00 48 8b 38 31 c0 e8 66 4b e2 ff 41
0x00007fdf1cf4c68b:   83 fc ff 7c 18 45 85 e4 7e 2f 41 83 fc 02 7f 0d
0x00007fdf1cf4c69b:   8b 04 25 00 00 00 00 0f 0b 0f 1f 40 00 48 8d 35
0x00007fdf1cf4c6ab:   b2 05 03 00 48 8d 3d 22 c0 50 00 31 c9 ba 02 00 

Register to memory mapping:

RAX=0x0000000000000055 is an unknown value
RBX=0x00007fdf41ce9a07 is pointing into the stack for thread: 0x00007fdf3800e000
RCX=0x0000000000000000 is an unknown value
RDX=0x00007fdf414a68b0: <offset 0x3ed8b0> in /lib/x86_64-linux-gnu/libc.so.6 at 0x00007fdf410b9000
RSP=0x00007fdf41ce99b0 is pointing into the stack for thread: 0x00007fdf3800e000
RBP=0x00007fdf41ce99d0 is pointing into the stack for thread: 0x00007fdf3800e000
RSI=0x0000000000000055 is an unknown value
RDI=0x00007fdf41ce71e0 is pointing into the stack for thread: 0x00007fdf3800e000
R8 =0x0000000000000055 is an unknown value
R9 =0x0000000000000055 is an unknown value
R10=0x00000000ffffffab is an unallocated location in the heap
R11=0x0000000000000000 is an unknown value
R12=0x0000000000000002 is an unknown value
R13=0x00007fdf1cf5c4a1: <offset 0x2694a1> in /usr/lib/x86_64-linux-gnu/libtesseract.so at 0x00007fdf1ccf3000
R14=0x00007fdf1d4986e0: <offset 0x7a56e0> in /usr/lib/x86_64-linux-gnu/libtesseract.so at 0x00007fdf1ccf3000
R15=0x00007fdf41ce9f20 is pointing into the stack for thread: 0x00007fdf3800e000


Stack: [0x00007fdf41bed000,0x00007fdf41ced000],  sp=0x00007fdf41ce99b0,  free space=1010k
Native frames: (J=compiled Java code, j=interpreted, Vv=VM code, C=native code)
C  [libtesseract.so+0x25969b]  ERRCODE::error(char const*, TessErrorLogCode, char const*, ...) const+0x16b
C  0x636e6520726f7272

Java frames: (J=compiled Java code, j=interpreted, Vv=VM code)
j  com.sun.jna.Native.invokeInt(JI[Ljava/lang/Object;)I+0
j  com.sun.jna.Function.invoke([Ljava/lang/Object;Ljava/lang/Class;Z)Ljava/lang/Object;+225
j  com.sun.jna.Function.invoke(Ljava/lang/Class;[Ljava/lang/Object;Ljava/util/Map;)Ljava/lang/Object;+262
j  com.sun.jna.Library$Handler.invoke(Ljava/lang/Object;Ljava/lang/reflect/Method;[Ljava/lang/Object;)Ljava/lang/Object;+316
j  com.sun.proxy.$Proxy0.TessBaseAPIInit1(Lnet/sourceforge/tess4j/ITessAPI$TessBaseAPI;Ljava/lang/String;Ljava/lang/String;ILcom/sun/jna/ptr/PointerByReference;I)I+46
j  net.sourceforge.tess4j.Tesseract.init()V+87
j  net.sourceforge.tess4j.Tesseract.doOCR(Ljava/util/List;Ljava/lang/String;Ljava/awt/Rectangle;)Ljava/lang/String;+1
j  net.sourceforge.tess4j.Tesseract.doOCR(Ljava/util/List;Ljava/awt/Rectangle;)Ljava/lang/String;+4
j  net.sourceforge.tess4j.Tesseract.doOCR(Ljava/awt/image/BufferedImage;Ljava/awt/Rectangle;)Ljava/lang/String;+6
j  net.sourceforge.tess4j.Tesseract.doOCR(Ljava/awt/image/BufferedImage;)Ljava/lang/String;+3
j  br.com.cesupa.main.Main.main([Ljava/lang/String;)V+62
v  ~StubRoutines::call_stub

---------------  P R O C E S S  ---------------

Java Threads: ( => current thread )
  0x00007fdf38614800 JavaThread "Java2D Disposer" daemon [_thread_blocked, id=23102, stack(0x00007fdf1e09f000,0x00007fdf1e1a0000)]
  0x00007fdf380d7000 JavaThread "Service Thread" daemon [_thread_blocked, id=23100, stack(0x00007fdf24089000,0x00007fdf2418a000)]
  0x00007fdf380c1800 JavaThread "C1 CompilerThread2" daemon [_thread_blocked, id=23099, stack(0x00007fdf2418b000,0x00007fdf2428b000)]
  0x00007fdf380c0000 JavaThread "C2 CompilerThread1" daemon [_thread_blocked, id=23098, stack(0x00007fdf2428c000,0x00007fdf2438c000)]
  0x00007fdf380bd000 JavaThread "C2 CompilerThread0" daemon [_thread_blocked, id=23097, stack(0x00007fdf2438d000,0x00007fdf2448d000)]
  0x00007fdf380bb800 JavaThread "Signal Dispatcher" daemon [_thread_blocked, id=23096, stack(0x00007fdf2448d000,0x00007fdf2458e000)]
  0x00007fdf3808a800 JavaThread "Finalizer" daemon [_thread_blocked, id=23095, stack(0x00007fdf24f5d000,0x00007fdf2505e000)]
  0x00007fdf38086000 JavaThread "Reference Handler" daemon [_thread_blocked, id=23092, stack(0x00007fdf2505e000,0x00007fdf2515f000)]
=>0x00007fdf3800e000 JavaThread "main" [_thread_in_native, id=23084, stack(0x00007fdf41bed000,0x00007fdf41ced000)]

Other Threads:
  0x00007fdf3807c800 VMThread [stack: 0x00007fdf25160000,0x00007fdf25260000] [id=23090]
  0x00007fdf380ea000 WatcherThread [stack: 0x00007fdf1ff00000,0x00007fdf20000000] [id=23101]

VM state:not at safepoint (normal execution)

VM Mutex/Monitor currently owned by a thread: None

heap address: 0x0000000084c00000, size: 1972 MB, Compressed Oops mode: 32-bit
Narrow klass base: 0x0000000000000000, Narrow klass shift: 3
Compressed class space size: 1073741824 Address: 0x0000000100000000

Heap:
 PSYoungGen      total 508416K, used 463732K [0x00000000d6f00000, 0x00000000faa80000, 0x0000000100000000)
  eden space 434176K, 96% used [0x00000000d6f00000,0x00000000f09c5ee0,0x00000000f1700000)
  from space 74240K, 58% used [0x00000000f5f80000,0x00000000f89973f8,0x00000000fa800000)
  to   space 74240K, 0% used [0x00000000f1700000,0x00000000f1700000,0x00000000f5f80000)
 ParOldGen       total 151040K, used 63365K [0x0000000084c00000, 0x000000008df80000, 0x00000000d6f00000)
  object space 151040K, 41% used [0x0000000084c00000,0x00000000889e1438,0x000000008df80000)
 Metaspace       used 12232K, capacity 12428K, committed 12672K, reserved 1060864K
  class space    used 1255K, capacity 1310K, committed 1408K, reserved 1048576K

Card table byte_map: [0x00007fdf3e4f3000,0x00007fdf3e8ce000] byte_map_base: 0x00007fdf3e0cd000

Marking Bits: (ParMarkBitMap*) 0x00007fdf4109bd80
 Begin Bits: [0x00007fdf25260000, 0x00007fdf27130000)
 End Bits:   [0x00007fdf27130000, 0x00007fdf29000000)

Polling page: 0x00007fdf41d0b000

CodeCache: size=245760Kb used=7647Kb max_used=7685Kb free=238112Kb
 bounds [0x00007fdf29000000, 0x00007fdf29790000, 0x00007fdf38000000]
 total_blobs=2544 nmethods=2048 adapters=409
 compilation: enabled

Compilation events (10 events):
Event: 6,065 Thread 0x00007fdf380c1800 nmethod 2081 0x00007fdf29765050 code [0x00007fdf297651c0, 0x00007fdf297653d0]
Event: 6,065 Thread 0x00007fdf380c1800 2082       3       java.lang.reflect.Method::getParameterTypes (11 bytes)
Event: 6,066 Thread 0x00007fdf380c1800 nmethod 2082 0x00007fdf29764b10 code [0x00007fdf29764c80, 0x00007fdf29764f88]
Event: 6,066 Thread 0x00007fdf380c1800 2083       3       java.lang.Class::searchMethods (90 bytes)
Event: 6,067 Thread 0x00007fdf380c1800 nmethod 2083 0x00007fdf29767190 code [0x00007fdf297673e0, 0x00007fdf29768358]
Event: 6,067 Thread 0x00007fdf380c1800 2085       3       java.lang.ClassLoader::getClassLoader (11 bytes)
Event: 6,067 Thread 0x00007fdf380c1800 nmethod 2085 0x00007fdf29764310 code [0x00007fdf29764480, 0x00007fdf297646b0]
Event: 6,067 Thread 0x00007fdf380c1800 2086       3       java.lang.Class::forName (15 bytes)
Event: 6,067 Thread 0x00007fdf380c1800 nmethod 2086 0x00007fdf29763d90 code [0x00007fdf29763f20, 0x00007fdf297641f8]
Event: 6,332 Thread 0x00007fdf380bd000 nmethod 1955% 0x00007fdf297721d0 code [0x00007fdf29772be0, 0x00007fdf2977b228]

GC Heap History (10 events):
Event: 3,896 GC heap before
{Heap before GC invocations=5 (full 1):
 PSYoungGen      total 132096K, used 5094K [0x00000000d6f00000, 0x00000000df500000, 0x0000000100000000)
  eden space 126976K, 0% used [0x00000000d6f00000,0x00000000d6f00000,0x00000000deb00000)
  from space 5120K, 99% used [0x00000000df000000,0x00000000df4f98c0,0x00000000df500000)
  to   space 5120K, 0% used [0x00000000deb00000,0x00000000deb00000,0x00000000df000000)
 ParOldGen       total 91648K, used 90466K [0x0000000084c00000, 0x000000008a580000, 0x00000000d6f00000)
  object space 91648K, 98% used [0x0000000084c00000,0x000000008a4589f8,0x000000008a580000)
 Metaspace       used 10626K, capacity 10828K, committed 11008K, reserved 1058816K
  class space    used 1092K, capacity 1182K, committed 1280K, reserved 1048576K
Event: 3,976 GC heap after
Heap after GC invocations=5 (full 1):
 PSYoungGen      total 132096K, used 0K [0x00000000d6f00000, 0x00000000df500000, 0x0000000100000000)
  eden space 126976K, 0% used [0x00000000d6f00000,0x00000000d6f00000,0x00000000deb00000)
  from space 5120K, 0% used [0x00000000df000000,0x00000000df000000,0x00000000df500000)
  to   space 5120K, 0% used [0x00000000deb00000,0x00000000deb00000,0x00000000df000000)
 ParOldGen       total 151040K, used 59429K [0x0000000084c00000, 0x000000008df80000, 0x00000000d6f00000)
  object space 151040K, 39% used [0x0000000084c00000,0x0000000088609438,0x000000008df80000)
 Metaspace       used 10626K, capacity 10828K, committed 11008K, reserved 1058816K
  class space    used 1092K, capacity 1182K, committed 1280K, reserved 1048576K
}
Event: 4,138 GC heap before
{Heap before GC invocations=6 (full 1):
 PSYoungGen      total 132096K, used 117411K [0x00000000d6f00000, 0x00000000df500000, 0x0000000100000000)
  eden space 126976K, 92% used [0x00000000d6f00000,0x00000000de1a8d20,0x00000000deb00000)
  from space 5120K, 0% used [0x00000000df000000,0x00000000df000000,0x00000000df500000)
  to   space 5120K, 0% used [0x00000000deb00000,0x00000000deb00000,0x00000000df000000)
 ParOldGen       total 151040K, used 59429K [0x0000000084c00000, 0x000000008df80000, 0x00000000d6f00000)
  object space 151040K, 39% used [0x0000000084c00000,0x0000000088609438,0x000000008df80000)
 Metaspace       used 10650K, capacity 10892K, committed 11008K, reserved 1058816K
  class space    used 1092K, capacity 1182K, committed 1280K, reserved 1048576K
Event: 4,154 GC heap after
Heap after GC invocations=6 (full 1):
 PSYoungGen      total 132096K, used 5117K [0x00000000d6f00000, 0x00000000ec780000, 0x0000000100000000)
  eden space 126976K, 0% used [0x00000000d6f00000,0x00000000d6f00000,0x00000000deb00000)
  from space 5120K, 99% used [0x00000000deb00000,0x00000000defff578,0x00000000df000000)
  to   space 59392K, 0% used [0x00000000e8d80000,0x00000000e8d80000,0x00000000ec780000)
 ParOldGen       total 151040K, used 63365K [0x0000000084c00000, 0x000000008df80000, 0x00000000d6f00000)
  object space 151040K, 41% used [0x0000000084c00000,0x00000000889e1438,0x000000008df80000)
 Metaspace       used 10650K, capacity 10892K, committed 11008K, reserved 1058816K
  class space    used 1092K, capacity 1182K, committed 1280K, reserved 1048576K
}
Event: 4,292 GC heap before
{Heap before GC invocations=7 (full 1):
 PSYoungGen      total 132096K, used 132093K [0x00000000d6f00000, 0x00000000ec780000, 0x0000000100000000)
  eden space 126976K, 100% used [0x00000000d6f00000,0x00000000deb00000,0x00000000deb00000)
  from space 5120K, 99% used [0x00000000deb00000,0x00000000defff578,0x00000000df000000)
  to   space 59392K, 0% used [0x00000000e8d80000,0x00000000e8d80000,0x00000000ec780000)
 ParOldGen       total 151040K, used 63365K [0x0000000084c00000, 0x000000008df80000, 0x00000000d6f00000)
  object space 151040K, 41% used [0x0000000084c00000,0x00000000889e1438,0x000000008df80000)
 Metaspace       used 10653K, capacity 10892K, committed 11008K, reserved 1058816K
  class space    used 1092K, capacity 1182K, committed 1280K, reserved 1048576K
Event: 4,350 GC heap after
Heap after GC invocations=7 (full 1):
 PSYoungGen      total 289280K, used 41418K [0x00000000d6f00000, 0x00000000ed500000, 0x0000000100000000)
  eden space 229888K, 0% used [0x00000000d6f00000,0x00000000d6f00000,0x00000000e4f80000)
  from space 59392K, 69% used [0x00000000e8d80000,0x00000000eb5f2be8,0x00000000ec780000)
  to   space 63488K, 0% used [0x00000000e4f80000,0x00000000e4f80000,0x00000000e8d80000)
 ParOldGen       total 151040K, used 63365K [0x0000000084c00000, 0x000000008df80000, 0x00000000d6f00000)
  object space 151040K, 41% used [0x0000000084c00000,0x00000000889e1438,0x000000008df80000)
 Metaspace       used 10653K, capacity 10892K, committed 11008K, reserved 1058816K
  class space    used 1092K, capacity 1182K, committed 1280K, reserved 1048576K
}
Event: 4,552 GC heap before
{Heap before GC invocations=8 (full 1):
 PSYoungGen      total 289280K, used 271306K [0x00000000d6f00000, 0x00000000ed500000, 0x0000000100000000)
  eden space 229888K, 100% used [0x00000000d6f00000,0x00000000e4f80000,0x00000000e4f80000)
  from space 59392K, 69% used [0x00000000e8d80000,0x00000000eb5f2be8,0x00000000ec780000)
  to   space 63488K, 0% used [0x00000000e4f80000,0x00000000e4f80000,0x00000000e8d80000)
 ParOldGen       total 151040K, used 63365K [0x0000000084c00000, 0x000000008df80000, 0x00000000d6f00000)
  object space 151040K, 41% used [0x0000000084c00000,0x00000000889e1438,0x000000008df80000)
 Metaspace       used 10655K, capacity 10892K, committed 11008K, reserved 1058816K
  class space    used 1092K, capacity 1182K, committed 1280K, reserved 1048576K
Event: 4,595 GC heap after
Heap after GC invocations=8 (full 1):
 PSYoungGen      total 293376K, used 58546K [0x00000000d6f00000, 0x00000000fa800000, 0x0000000100000000)
  eden space 229888K, 0% used [0x00000000d6f00000,0x00000000d6f00000,0x00000000e4f80000)
  from space 63488K, 92% used [0x00000000e4f80000,0x00000000e88acab8,0x00000000e8d80000)
  to   space 74240K, 0% used [0x00000000f5f80000,0x00000000f5f80000,0x00000000fa800000)
 ParOldGen       total 151040K, used 63365K [0x0000000084c00000, 0x000000008df80000, 0x00000000d6f00000)
  object space 151040K, 41% used [0x0000000084c00000,0x00000000889e1438,0x000000008df80000)
 Metaspace       used 10655K, capacity 10892K, committed 11008K, reserved 1058816K
  class space    used 1092K, capacity 1182K, committed 1280K, reserved 1048576K
}
Event: 4,743 GC heap before
{Heap before GC invocations=9 (full 1):
 PSYoungGen      total 293376K, used 288434K [0x00000000d6f00000, 0x00000000fa800000, 0x0000000100000000)
  eden space 229888K, 100% used [0x00000000d6f00000,0x00000000e4f80000,0x00000000e4f80000)
  from space 63488K, 92% used [0x00000000e4f80000,0x00000000e88acab8,0x00000000e8d80000)
  to   space 74240K, 0% used [0x00000000f5f80000,0x00000000f5f80000,0x00000000fa800000)
 ParOldGen       total 151040K, used 63365K [0x0000000084c00000, 0x000000008df80000, 0x00000000d6f00000)
  object space 151040K, 41% used [0x0000000084c00000,0x00000000889e1438,0x000000008df80000)
 Metaspace       used 10661K, capacity 10892K, committed 11008K, reserved 1058816K
  class space    used 1092K, capacity 1182K, committed 1280K, reserved 1048576K
Event: 4,793 GC heap after
Heap after GC invocations=9 (full 1):
 PSYoungGen      total 508416K, used 43100K [0x00000000d6f00000, 0x00000000faa80000, 0x0000000100000000)
  eden space 434176K, 0% used [0x00000000d6f00000,0x00000000d6f00000,0x00000000f1700000)
  from space 74240K, 58% used [0x00000000f5f80000,0x00000000f89973f8,0x00000000fa800000)
  to   space 74240K, 0% used [0x00000000f1700000,0x00000000f1700000,0x00000000f5f80000)
 ParOldGen       total 151040K, used 63365K [0x0000000084c00000, 0x000000008df80000, 0x00000000d6f00000)
  object space 151040K, 41% used [0x0000000084c00000,0x00000000889e1438,0x000000008df80000)
 Metaspace       used 10661K, capacity 10892K, committed 11008K, reserved 1058816K
  class space    used 1092K, capacity 1182K, committed 1280K, reserved 1048576K
}

Deoptimization events (10 events):
Event: 5,840 Thread 0x00007fdf3800e000 Uncommon trap: reason=unstable_if action=reinterpret pc=0x00007fdf29178b28 method=java.lang.String.indexOf([CII[CIII)I @ 3
Event: 5,958 Thread 0x00007fdf3800e000 Uncommon trap: reason=unstable_if action=reinterpret pc=0x00007fdf294318a8 method=java.util.StringTokenizer.skipDelimiters(I)I @ 64
Event: 5,958 Thread 0x00007fdf3800e000 Uncommon trap: reason=unstable_if action=reinterpret pc=0x00007fdf29455338 method=java.util.StringTokenizer.scanToken(I)I @ 42
Event: 5,958 Thread 0x00007fdf3800e000 Uncommon trap: reason=unstable_if action=reinterpret pc=0x00007fdf2941e1f8 method=java.util.StringTokenizer.scanToken(I)I @ 42
Event: 6,016 Thread 0x00007fdf3800e000 Uncommon trap: reason=unstable_if action=reinterpret pc=0x00007fdf293de9c8 method=java.util.HashMap.getNode(ILjava/lang/Object;)Ljava/util/HashMap$Node; @ 62
Event: 6,017 Thread 0x00007fdf3800e000 Uncommon trap: reason=bimorphic action=maybe_recompile pc=0x00007fdf2969584c method=java.util.HashMap.putVal(ILjava/lang/Object;Ljava/lang/Object;ZZ)Ljava/lang/Object; @ 203
Event: 6,034 Thread 0x00007fdf3800e000 Uncommon trap: reason=bimorphic action=maybe_recompile pc=0x00007fdf2969584c method=java.util.HashMap.putVal(ILjava/lang/Object;Ljava/lang/Object;ZZ)Ljava/lang/Object; @ 203
Event: 6,040 Thread 0x00007fdf3800e000 Uncommon trap: reason=bimorphic action=maybe_recompile pc=0x00007fdf2969584c method=java.util.HashMap.putVal(ILjava/lang/Object;Ljava/lang/Object;ZZ)Ljava/lang/Object; @ 203
Event: 6,041 Thread 0x00007fdf3800e000 Uncommon trap: reason=bimorphic action=maybe_recompile pc=0x00007fdf2969584c method=java.util.HashMap.putVal(ILjava/lang/Object;Ljava/lang/Object;ZZ)Ljava/lang/Object; @ 203
Event: 6,041 Thread 0x00007fdf3800e000 Uncommon trap: reason=bimorphic action=maybe_recompile pc=0x00007fdf29697808 method=java.util.HashMap.putVal(ILjava/lang/Object;Ljava/lang/Object;ZZ)Ljava/lang/Object; @ 203

Classes redefined (0 events):
No events

Internal exceptions (10 events):
Event: 0,205 Thread 0x00007fdf3800e000 Exception <a 'java/security/PrivilegedActionException'> (0x00000000d74727d8) thrown at [/HUDSON/workspace/8-2-build-linux-amd64/jdk8u221/13320/hotspot/src/share/vm/prims/jvm.cpp, line 1502]
Event: 0,205 Thread 0x00007fdf3800e000 Exception <a 'java/security/PrivilegedActionException'> (0x00000000d74729e8) thrown at [/HUDSON/workspace/8-2-build-linux-amd64/jdk8u221/13320/hotspot/src/share/vm/prims/jvm.cpp, line 1502]
Event: 0,347 Thread 0x00007fdf3800e000 Exception <a 'java/io/FileNotFoundException'> (0x00000000d769d830) thrown at [/HUDSON/workspace/8-2-build-linux-amd64/jdk8u221/13320/hotspot/src/share/vm/prims/jni.cpp, line 710]
Event: 0,552 Thread 0x00007fdf3800e000 Exception <a 'java/lang/NoSuchFieldError': method resolution failed> (0x00000000d78bce38) thrown at [/HUDSON/workspace/8-2-build-linux-amd64/jdk8u221/13320/hotspot/src/share/vm/prims/methodHandles.cpp, line 1167]
Event: 0,563 Thread 0x00007fdf3800e000 Exception <a 'java/lang/NoSuchFieldError': method resolution failed> (0x00000000d78ca528) thrown at [/HUDSON/workspace/8-2-build-linux-amd64/jdk8u221/13320/hotspot/src/share/vm/prims/methodHandles.cpp, line 1167]
Event: 0,608 Thread 0x00007fdf3800e000 Exception <a 'java/io/FileNotFoundException'> (0x00000000d7957da0) thrown at [/HUDSON/workspace/8-2-build-linux-amd64/jdk8u221/13320/hotspot/src/share/vm/prims/jni.cpp, line 710]
Event: 0,608 Thread 0x00007fdf3800e000 Exception <a 'java/io/FileNotFoundException'> (0x00000000d7958888) thrown at [/HUDSON/workspace/8-2-build-linux-amd64/jdk8u221/13320/hotspot/src/share/vm/prims/jni.cpp, line 710]
Event: 2,192 Thread 0x00007fdf3800e000 Implicit null exception at 0x00007fdf29317b9b to 0x00007fdf293181f1
Event: 2,199 Thread 0x00007fdf3800e000 Implicit null exception at 0x00007fdf29263def to 0x00007fdf29263e59
Event: 2,867 Thread 0x00007fdf3800e000 Exception <a 'java/lang/NoSuchMethodError': org.slf4j.impl.StaticMDCBinder.getSingleton()Lorg/slf4j/impl/StaticMDCBinder;> (0x00000000d8cd0fa8) thrown at [/HUDSON/workspace/8-2-build-linux-amd64/jdk8u221/13320/hotspot/src/share/vm/interpreter/linkResolver

Events (10 events):
Event: 6,073 loading class com/sun/jna/NativeMappedConverter
Event: 6,073 loading class com/sun/jna/NativeMappedConverter done
Event: 6,073 loading class com/sun/jna/TypeConverter
Event: 6,073 loading class com/sun/jna/TypeConverter done
Event: 6,075 loading class com/sun/jna/Memory$SharedMemory
Event: 6,075 loading class com/sun/jna/Memory$SharedMemory done
Event: 6,075 loading class com/sun/jna/WeakIdentityHashMap
Event: 6,075 loading class com/sun/jna/WeakIdentityHashMap done
Event: 6,077 loading class com/sun/jna/NativeString
Event: 6,077 loading class com/sun/jna/NativeString done


Dynamic libraries:
00400000-00401000 r-xp 00000000 08:04 9704466                            /home/renan/Dev/SpringToolSuite/jre/bin/java
00600000-00601000 r--p 00000000 08:04 9704466                            /home/renan/Dev/SpringToolSuite/jre/bin/java
00601000-00602000 rw-p 00001000 08:04 9704466                            /home/renan/Dev/SpringToolSuite/jre/bin/java
025d8000-025f9000 rw-p 00000000 00:00 0                                  [heap]
84c00000-8df80000 rw-p 00000000 00:00 0 
8df80000-d6f00000 ---p 00000000 00:00 0 
d6f00000-faa80000 rw-p 00000000 00:00 0 
faa80000-100000000 ---p 00000000 00:00 0 
100000000-100160000 rw-p 00000000 00:00 0 
100160000-140000000 ---p 00000000 00:00 0 
7fdee0000000-7fdee0021000 rw-p 00000000 00:00 0 
7fdee0021000-7fdee4000000 ---p 00000000 00:00 0 
7fdee8000000-7fdee8021000 rw-p 00000000 00:00 0 
7fdee8021000-7fdeec000000 ---p 00000000 00:00 0 
7fdeec000000-7fdeec021000 rw-p 00000000 00:00 0 
7fdeec021000-7fdef0000000 ---p 00000000 00:00 0 
7fdef0000000-7fdef0c7f000 rw-p 00000000 00:00 0 
7fdef0c7f000-7fdef4000000 ---p 00000000 00:00 0 
7fdef4000000-7fdef4732000 rw-p 00000000 00:00 0 
7fdef4732000-7fdef8000000 ---p 00000000 00:00 0 
7fdef8000000-7fdef8eb0000 rw-p 00000000 00:00 0 
7fdef8eb0000-7fdefc000000 ---p 00000000 00:00 0 
7fdefc000000-7fdefc021000 rw-p 00000000 00:00 0 
7fdefc021000-7fdf00000000 ---p 00000000 00:00 0 
7fdf00000000-7fdf00021000 rw-p 00000000 00:00 0 
7fdf00021000-7fdf04000000 ---p 00000000 00:00 0 
7fdf04000000-7fdf04021000 rw-p 00000000 00:00 0 
7fdf04021000-7fdf08000000 ---p 00000000 00:00 0 
7fdf08000000-7fdf08021000 rw-p 00000000 00:00 0 
7fdf08021000-7fdf0c000000 ---p 00000000 00:00 0 
7fdf0c000000-7fdf0c021000 rw-p 00000000 00:00 0 
7fdf0c021000-7fdf10000000 ---p 00000000 00:00 0 
7fdf10000000-7fdf10021000 rw-p 00000000 00:00 0 
7fdf10021000-7fdf14000000 ---p 00000000 00:00 0 
7fdf145a3000-7fdf150b1000 rw-p 00000000 00:00 0 
7fdf16df3000-7fdf16dfe000 r-xp 00000000 08:04 5775818                    /usr/lib/x86_64-linux-gnu/libjbig.so.0
7fdf16dfe000-7fdf16ffd000 ---p 0000b000 08:04 5775818                    /usr/lib/x86_64-linux-gnu/libjbig.so.0
7fdf16ffd000-7fdf16ffe000 r--p 0000a000 08:04 5775818                    /usr/lib/x86_64-linux-gnu/libjbig.so.0
7fdf16ffe000-7fdf17001000 rw-p 0000b000 08:04 5775818                    /usr/lib/x86_64-linux-gnu/libjbig.so.0
7fdf17001000-7fdf17025000 r-xp 00000000 08:04 3805973                    /lib/x86_64-linux-gnu/liblzma.so.5.2.2
7fdf17025000-7fdf17225000 ---p 00024000 08:04 3805973                    /lib/x86_64-linux-gnu/liblzma.so.5.2.2
7fdf17225000-7fdf17226000 r--p 00024000 08:04 3805973                    /lib/x86_64-linux-gnu/liblzma.so.5.2.2
7fdf17226000-7fdf17227000 rw-p 00025000 08:04 3805973                    /lib/x86_64-linux-gnu/liblzma.so.5.2.2
7fdf17227000-7fdf1727b000 r-xp 00000000 08:04 5777083                    /usr/lib/x86_64-linux-gnu/libopenjp2.so.2.3.0
7fdf1727b000-7fdf1747b000 ---p 00054000 08:04 5777083                    /usr/lib/x86_64-linux-gnu/libopenjp2.so.2.3.0
7fdf1747b000-7fdf1747c000 r--p 00054000 08:04 5777083                    /usr/lib/x86_64-linux-gnu/libopenjp2.so.2.3.0
7fdf1747c000-7fdf1747d000 rw-p 00055000 08:04 5777083                    /usr/lib/x86_64-linux-gnu/libopenjp2.so.2.3.0
7fdf1747d000-7fdf174e3000 r-xp 00000000 08:04 5776293                    /usr/lib/x86_64-linux-gnu/libwebp.so.6.0.2
7fdf174e3000-7fdf176e2000 ---p 00066000 08:04 5776293                    /usr/lib/x86_64-linux-gnu/libwebp.so.6.0.2
7fdf176e2000-7fdf176e3000 r--p 00065000 08:04 5776293                    /usr/lib/x86_64-linux-gnu/libwebp.so.6.0.2
7fdf176e3000-7fdf176e4000 rw-p 00066000 08:04 5776293                    /usr/lib/x86_64-linux-gnu/libwebp.so.6.0.2
7fdf176e4000-7fdf176e6000 rw-p 00000000 00:00 0 
7fdf176e6000-7fdf17759000 r-xp 00000000 08:04 5768519                    /usr/lib/x86_64-linux-gnu/libtiff.so.5.3.0
7fdf17759000-7fdf17958000 ---p 00073000 08:04 5768519                    /usr/lib/x86_64-linux-gnu/libtiff.so.5.3.0
7fdf17958000-7fdf1795c000 r--p 00072000 08:04 5768519                    /usr/lib/x86_64-linux-gnu/libtiff.so.5.3.0
7fdf1795c000-7fdf1795d000 rw-p 00076000 08:04 5768519                    /usr/lib/x86_64-linux-gnu/libtiff.so.5.3.0
7fdf1795d000-7fdf17965000 r-xp 00000000 08:04 5767806                    /usr/lib/x86_64-linux-gnu/libgif.so.7.0.0
7fdf17965000-7fdf17b64000 ---p 00008000 08:04 5767806                    /usr/lib/x86_64-linux-gnu/libgif.so.7.0.0
7fdf17b64000-7fdf17b65000 r--p 00007000 08:04 5767806                    /usr/lib/x86_64-linux-gnu/libgif.so.7.0.0
7fdf17b65000-7fdf17b66000 rw-p 00008000 08:04 5767806                    /usr/lib/x86_64-linux-gnu/libgif.so.7.0.0
7fdf17b66000-7fdf17bcd000 r-xp 00000000 08:04 5767634                    /usr/lib/x86_64-linux-gnu/libjpeg.so.8.1.2
7fdf17bcd000-7fdf17dcc000 ---p 00067000 08:04 5767634                    /usr/lib/x86_64-linux-gnu/libjpeg.so.8.1.2
7fdf17dcc000-7fdf17dcd000 r--p 00066000 08:04 5767634                    /usr/lib/x86_64-linux-gnu/libjpeg.so.8.1.2
7fdf17dcd000-7fdf17dce000 rw-p 00067000 08:04 5767634                    /usr/lib/x86_64-linux-gnu/libjpeg.so.8.1.2
7fdf17dce000-7fdf17dff000 r-xp 00000000 08:04 5770173                    /usr/lib/x86_64-linux-gnu/libpng16.so.16.34.0
7fdf17dff000-7fdf17ffe000 ---p 00031000 08:04 5770173                    /usr/lib/x86_64-linux-gnu/libpng16.so.16.34.0
7fdf17ffe000-7fdf17fff000 r--p 00030000 08:04 5770173                    /usr/lib/x86_64-linux-gnu/libpng16.so.16.34.0
7fdf17fff000-7fdf18000000 rw-p 00031000 08:04 5770173                    /usr/lib/x86_64-linux-gnu/libpng16.so.16.34.0
7fdf18000000-7fdf18021000 rw-p 00000000 00:00 0 
7fdf18021000-7fdf1c000000 ---p 00000000 00:00 0 
7fdf1c0bc000-7fdf1c0d8000 r-xp 00000000 08:04 3806085                    /lib/x86_64-linux-gnu/libz.so.1.2.11
7fdf1c0d8000-7fdf1c2d7000 ---p 0001c000 08:04 3806085                    /lib/x86_64-linux-gnu/libz.so.1.2.11
7fdf1c2d7000-7fdf1c2d8000 r--p 0001b000 08:04 3806085                    /lib/x86_64-linux-gnu/libz.so.1.2.11
7fdf1c2d8000-7fdf1c2d9000 rw-p 0001c000 08:04 3806085                    /lib/x86_64-linux-gnu/libz.so.1.2.11
7fdf1c2d9000-7fdf1c307000 r-xp 00000000 08:04 5767447                    /usr/lib/x86_64-linux-gnu/libgomp.so.1.0.0
7fdf1c307000-7fdf1c506000 ---p 0002e000 08:04 5767447                    /usr/lib/x86_64-linux-gnu/libgomp.so.1.0.0
7fdf1c506000-7fdf1c507000 r--p 0002d000 08:04 5767447                    /usr/lib/x86_64-linux-gnu/libgomp.so.1.0.0
7fdf1c507000-7fdf1c508000 rw-p 0002e000 08:04 5767447                    /usr/lib/x86_64-linux-gnu/libgomp.so.1.0.0
7fdf1c508000-7fdf1c681000 r-xp 00000000 08:04 5770127                    /usr/lib/x86_64-linux-gnu/libstdc++.so.6.0.25
7fdf1c681000-7fdf1c881000 ---p 00179000 08:04 5770127                    /usr/lib/x86_64-linux-gnu/libstdc++.so.6.0.25
7fdf1c881000-7fdf1c88b000 r--p 00179000 08:04 5770127                    /usr/lib/x86_64-linux-gnu/libstdc++.so.6.0.25
7fdf1c88b000-7fdf1c88d000 rw-p 00183000 08:04 5770127                    /usr/lib/x86_64-linux-gnu/libstdc++.so.6.0.25
7fdf1c88d000-7fdf1c891000 rw-p 00000000 00:00 0 
7fdf1c891000-7fdf1caed000 r-xp 00000000 08:04 5774716                    /usr/lib/x86_64-linux-gnu/liblept.so.5.0.2
7fdf1caed000-7fdf1ccec000 ---p 0025c000 08:04 5774716                    /usr/lib/x86_64-linux-gnu/liblept.so.5.0.2
7fdf1ccec000-7fdf1cced000 r--p 0025b000 08:04 5774716                    /usr/lib/x86_64-linux-gnu/liblept.so.5.0.2
7fdf1cced000-7fdf1ccf3000 rw-p 0025c000 08:04 5774716                    /usr/lib/x86_64-linux-gnu/liblept.so.5.0.2
7fdf1ccf3000-7fdf1d000000 r-xp 00000000 08:04 5774718                    /usr/lib/x86_64-linux-gnu/libtesseract.so.4.0.0
7fdf1d000000-7fdf1d1ff000 ---p 0030d000 08:04 5774718                    /usr/lib/x86_64-linux-gnu/libtesseract.so.4.0.0
7fdf1d1ff000-7fdf1d204000 r--p 0030c000 08:04 5774718                    /usr/lib/x86_64-linux-gnu/libtesseract.so.4.0.0
7fdf1d204000-7fdf1d205000 rw-p 00311000 08:04 5774718                    /usr/lib/x86_64-linux-gnu/libtesseract.so.4.0.0
7fdf1d205000-7fdf1d4a9000 rw-p 00000000 00:00 0 
7fdf1d4c4000-7fdf1d4db000 r-xp 00000000 08:04 8261208                    /tmp/jna-108399112/jna1614582658481424765.tmp (deleted)
7fdf1d4db000-7fdf1d5da000 ---p 00017000 08:04 8261208                    /tmp/jna-108399112/jna1614582658481424765.tmp (deleted)
7fdf1d5da000-7fdf1d5dc000 rw-p 00016000 08:04 8261208                    /tmp/jna-108399112/jna1614582658481424765.tmp (deleted)
7fdf1d5dc000-7fdf1d6dc000 rw-p 00000000 00:00 0 
7fdf1d6dc000-7fdf1d7dc000 ---p 00000000 00:00 0 
7fdf1d7dc000-7fdf1d806000 r-xp 00000000 08:04 9830587                    /home/renan/Dev/SpringToolSuite/jre/jre/lib/amd64/libdcpr.so
7fdf1d806000-7fdf1da05000 ---p 0002a000 08:04 9830587                    /home/renan/Dev/SpringToolSuite/jre/jre/lib/amd64/libdcpr.so
7fdf1da05000-7fdf1da06000 r--p 00029000 08:04 9830587                    /home/renan/Dev/SpringToolSuite/jre/jre/lib/amd64/libdcpr.so
7fdf1da06000-7fdf1da09000 rw-p 0002a000 08:04 9830587                    /home/renan/Dev/SpringToolSuite/jre/jre/lib/amd64/libdcpr.so
7fdf1da09000-7fdf1dc09000 rw-p 00000000 00:00 0 
7fdf1dc09000-7fdf1dc20000 r-xp 00000000 08:04 3801181                    /lib/x86_64-linux-gnu/libgcc_s.so.1
7fdf1dc20000-7fdf1de1f000 ---p 00017000 08:04 3801181                    /lib/x86_64-linux-gnu/libgcc_s.so.1
7fdf1de1f000-7fdf1de20000 r--p 00016000 08:04 3801181                    /lib/x86_64-linux-gnu/libgcc_s.so.1
7fdf1de20000-7fdf1de21000 rw-p 00017000 08:04 3801181                    /lib/x86_64-linux-gnu/libgcc_s.so.1
7fdf1de37000-7fdf1de3c000 r--s 000a3000 08:04 9704632                    /home/renan/Dev/SpringToolSuite/jre/jre/lib/jsse.jar
7fdf1de3c000-7fdf1de9b000 r-xp 00000000 08:04 9830595                    /home/renan/Dev/SpringToolSuite/jre/jre/lib/amd64/libfontmanager.so
7fdf1de9b000-7fdf1e09b000 ---p 0005f000 08:04 9830595                    /home/renan/Dev/SpringToolSuite/jre/jre/lib/amd64/libfontmanager.so
7fdf1e09b000-7fdf1e09e000 r--p 0005f000 08:04 9830595                    /home/renan/Dev/SpringToolSuite/jre/jre/lib/amd64/libfontmanager.so
7fdf1e09e000-7fdf1e09f000 rw-p 00062000 08:04 9830595                    /home/renan/Dev/SpringToolSuite/jre/jre/lib/amd64/libfontmanager.so
7fdf1e09f000-7fdf1e0a2000 ---p 00000000 00:00 0 
7fdf1e0a2000-7fdf1e1a0000 rw-p 00000000 00:00 0 
7fdf1e1a0000-7fdf1e210000 r-xp 00000000 08:04 9830606                    /home/renan/Dev/SpringToolSuite/jre/jre/lib/amd64/liblcms.so
7fdf1e210000-7fdf1e410000 ---p 00070000 08:04 9830606                    /home/renan/Dev/SpringToolSuite/jre/jre/lib/amd64/liblcms.so
7fdf1e410000-7fdf1e412000 r--p 00070000 08:04 9830606                    /home/renan/Dev/SpringToolSuite/jre/jre/lib/amd64/liblcms.so
7fdf1e412000-7fdf1e415000 rw-p 00072000 08:04 9830606                    /home/renan/Dev/SpringToolSuite/jre/jre/lib/amd64/liblcms.so
7fdf1e415000-7fdf1e416000 rw-p 00000000 00:00 0 
7fdf1e416000-7fdf1e429000 r-xp 00000000 08:04 3805909                    /lib/x86_64-linux-gnu/libbsd.so.0.8.7
7fdf1e429000-7fdf1e628000 ---p 00013000 08:04 3805909                    /lib/x86_64-linux-gnu/libbsd.so.0.8.7
7fdf1e628000-7fdf1e629000 r--p 00012000 08:04 3805909                    /lib/x86_64-linux-gnu/libbsd.so.0.8.7
7fdf1e629000-7fdf1e62a000 rw-p 00013000 08:04 3805909                    /lib/x86_64-linux-gnu/libbsd.so.0.8.7
7fdf1e62a000-7fdf1e62b000 rw-p 00000000 00:00 0 
7fdf1e62b000-7fdf1e630000 r-xp 00000000 08:04 5775162                    /usr/lib/x86_64-linux-gnu/libXdmcp.so.6.0.0
7fdf1e630000-7fdf1e82f000 ---p 00005000 08:04 5775162                    /usr/lib/x86_64-linux-gnu/libXdmcp.so.6.0.0
7fdf1e82f000-7fdf1e830000 r--p 00004000 08:04 5775162                    /usr/lib/x86_64-linux-gnu/libXdmcp.so.6.0.0
7fdf1e830000-7fdf1e831000 rw-p 00005000 08:04 5775162                    /usr/lib/x86_64-linux-gnu/libXdmcp.so.6.0.0
7fdf1e831000-7fdf1e833000 r-xp 00000000 08:04 5775151                    /usr/lib/x86_64-linux-gnu/libXau.so.6.0.0
7fdf1e833000-7fdf1ea33000 ---p 00002000 08:04 5775151                    /usr/lib/x86_64-linux-gnu/libXau.so.6.0.0
7fdf1ea33000-7fdf1ea34000 r--p 00002000 08:04 5775151                    /usr/lib/x86_64-linux-gnu/libXau.so.6.0.0
7fdf1ea34000-7fdf1ea35000 rw-p 00003000 08:04 5775151                    /usr/lib/x86_64-linux-gnu/libXau.so.6.0.0
7fdf1ea35000-7fdf1ea5b000 r-xp 00000000 08:04 5770169                    /usr/lib/x86_64-linux-gnu/libxcb.so.1.1.0
7fdf1ea5b000-7fdf1ec5b000 ---p 00026000 08:04 5770169                    /usr/lib/x86_64-linux-gnu/libxcb.so.1.1.0
7fdf1ec5b000-7fdf1ec5c000 r--p 00026000 08:04 5770169                    /usr/lib/x86_64-linux-gnu/libxcb.so.1.1.0
7fdf1ec5c000-7fdf1ec5d000 rw-p 00027000 08:04 5770169                    /usr/lib/x86_64-linux-gnu/libxcb.so.1.1.0
7fdf1ec5d000-7fdf1ec6c000 r-xp 00000000 08:04 5775172                    /usr/lib/x86_64-linux-gnu/libXi.so.6.1.0
7fdf1ec6c000-7fdf1ee6b000 ---p 0000f000 08:04 5775172                    /usr/lib/x86_64-linux-gnu/libXi.so.6.1.0
7fdf1ee6b000-7fdf1ee6c000 r--p 0000e000 08:04 5775172                    /usr/lib/x86_64-linux-gnu/libXi.so.6.1.0
7fdf1ee6c000-7fdf1ee6d000 rw-p 0000f000 08:04 5775172                    /usr/lib/x86_64-linux-gnu/libXi.so.6.1.0
7fdf1ee6d000-7fdf1ee72000 r-xp 00000000 08:04 5775190                    /usr/lib/x86_64-linux-gnu/libXtst.so.6.1.0
7fdf1ee72000-7fdf1f071000 ---p 00005000 08:04 5775190                    /usr/lib/x86_64-linux-gnu/libXtst.so.6.1.0
7fdf1f071000-7fdf1f072000 r--p 00004000 08:04 5775190                    /usr/lib/x86_64-linux-gnu/libXtst.so.6.1.0
7fdf1f072000-7fdf1f073000 rw-p 00005000 08:04 5775190                    /usr/lib/x86_64-linux-gnu/libXtst.so.6.1.0
7fdf1f073000-7fdf1f07c000 r-xp 00000000 08:04 5775184                    /usr/lib/x86_64-linux-gnu/libXrender.so.1.3.0
7fdf1f07c000-7fdf1f27b000 ---p 00009000 08:04 5775184                    /usr/lib/x86_64-linux-gnu/libXrender.so.1.3.0
7fdf1f27b000-7fdf1f27c000 r--p 00008000 08:04 5775184                    /usr/lib/x86_64-linux-gnu/libXrender.so.1.3.0
7fdf1f27c000-7fdf1f27d000 rw-p 00009000 08:04 5775184                    /usr/lib/x86_64-linux-gnu/libXrender.so.1.3.0
7fdf1f27d000-7fdf1f3b0000 r-xp 00000000 08:04 5770171                    /usr/lib/x86_64-linux-gnu/libX11.so.6.3.0
7fdf1f3b0000-7fdf1f5b0000 ---p 00133000 08:04 5770171                    /usr/lib/x86_64-linux-gnu/libX11.so.6.3.0
7fdf1f5b0000-7fdf1f5b1000 r--p 00133000 08:04 5770171                    /usr/lib/x86_64-linux-gnu/libX11.so.6.3.0
7fdf1f5b1000-7fdf1f5b5000 rw-p 00134000 08:04 5770171                    /usr/lib/x86_64-linux-gnu/libX11.so.6.3.0
7fdf1f5b5000-7fdf1f5c6000 r-xp 00000000 08:04 5775164                    /usr/lib/x86_64-linux-gnu/libXext.so.6.4.0
7fdf1f5c6000-7fdf1f7c5000 ---p 00011000 08:04 5775164                    /usr/lib/x86_64-linux-gnu/libXext.so.6.4.0
7fdf1f7c5000-7fdf1f7c6000 r--p 00010000 08:04 5775164                    /usr/lib/x86_64-linux-gnu/libXext.so.6.4.0
7fdf1f7c6000-7fdf1f7c7000 rw-p 00011000 08:04 5775164                    /usr/lib/x86_64-linux-gnu/libXext.so.6.4.0
7fdf1f7ca000-7fdf1f7dd000 r--s 00345000 08:04 9704624                    /home/renan/Dev/SpringToolSuite/jre/jre/lib/resources.jar
7fdf1f7dd000-7fdf1f7e2000 r--s 002f9000 08:04 9704534                    /home/renan/Dev/SpringToolSuite/jre/jre/lib/charsets.jar
7fdf1f7e2000-7fdf1f83d000 r-xp 00000000 08:04 9830566                    /home/renan/Dev/SpringToolSuite/jre/jre/lib/amd64/libawt_xawt.so
7fdf1f83d000-7fdf1fa3c000 ---p 0005b000 08:04 9830566                    /home/renan/Dev/SpringToolSuite/jre/jre/lib/amd64/libawt_xawt.so
7fdf1fa3c000-7fdf1fa3d000 r--p 0005a000 08:04 9830566                    /home/renan/Dev/SpringToolSuite/jre/jre/lib/amd64/libawt_xawt.so
7fdf1fa3d000-7fdf1fa40000 rw-p 0005b000 08:04 9830566                    /home/renan/Dev/SpringToolSuite/jre/jre/lib/amd64/libawt_xawt.so
7fdf1fa40000-7fdf1fa42000 rw-p 00000000 00:00 0 
7fdf1fa42000-7fdf1fae2000 r-xp 00000000 08:04 9830548                    /home/renan/Dev/SpringToolSuite/jre/jre/lib/amd64/libawt.so
7fdf1fae2000-7fdf1fce1000 ---p 000a0000 08:04 9830548                    /home/renan/Dev/SpringToolSuite/jre/jre/lib/amd64/libawt.so
7fdf1fce1000-7fdf1fce2000 r--p 0009f000 08:04 9830548                    /home/renan/Dev/SpringToolSuite/jre/jre/lib/amd64/libawt.so
7fdf1fce2000-7fdf1fced000 rw-p 000a0000 08:04 9830548                    /home/renan/Dev/SpringToolSuite/jre/jre/lib/amd64/libawt.so
7fdf1fced000-7fdf1fd12000 rw-p 00000000 00:00 0 
7fdf1fd12000-7fdf1fd1c000 r--s 00116000 08:04 9830503                    /home/renan/Dev/SpringToolSuite/jre/jre/lib/ext/localedata.jar
7fdf1fd1c000-7fdf1fd38000 r--s 00393000 08:04 9830511                    /home/renan/Dev/SpringToolSuite/jre/jre/lib/ext/cldrdata.jar
7fdf1fd38000-7fdf1fd3f000 r--s 00000000 08:04 6032093                    /usr/lib/x86_64-linux-gnu/gconv/gconv-modules.cache
7fdf1fd3f000-7fdf1fd65000 r--p 00000000 08:04 7474530                    /usr/share/locale-langpack/pt_BR/LC_MESSAGES/libc.mo
7fdf1fd65000-7fdf1fd6a000 r--s 00036000 08:04 4467505                    /home/renan/.m2/repository/org/apache/pdfbox/pdfbox-debugger/2.0.9/pdfbox-debugger-2.0.9.jar
7fdf1fd6a000-7fdf1fd6c000 r--s 00010000 08:04 4467503                    /home/renan/.m2/repository/org/apache/pdfbox/pdfbox-tools/2.0.9/pdfbox-tools-2.0.9.jar
7fdf1fd6c000-7fdf1fd70000 r--s 00038000 08:04 4467501                    /home/renan/.m2/repository/org/apache/pdfbox/preflight/2.0.9/preflight-2.0.9.jar
7fdf1fd70000-7fdf1fd73000 r--s 0001e000 08:04 4467499                    /home/renan/.m2/repository/org/apache/pdfbox/xmpbox/2.0.9/xmpbox-2.0.9.jar
7fdf1fd73000-7fdf1fd75000 r--s 0000b000 08:04 4332174                    /home/renan/.m2/repository/org/apache/pdfbox/jempbox/1.8.14/jempbox-1.8.14.jar
7fdf1fd75000-7fdf1fd7c000 r--s 00175000 08:04 4332172                    /home/renan/.m2/repository/org/apache/pdfbox/fontbox/2.0.9/fontbox-2.0.9.jar
7fdf1fd7c000-7fdf1fd81000 r--s 00021000 08:04 8261024                    /home/renan/.m2/repository/org/seleniumhq/selenium/selenium-support/4.0.0-alpha-1/selenium-support-4.0.0-alpha-1.jar
7fdf1fd81000-7fdf1fd82000 r--s 00003000 08:04 8261022                    /home/renan/.m2/repository/org/seleniumhq/selenium/selenium-safari-driver/4.0.0-alpha-1/selenium-safari-driver-4.0.0-alpha-1.jar
7fdf1fd82000-7fdf1fd83000 r--s 00002000 08:04 8261020                    /home/renan/.m2/repository/org/seleniumhq/selenium/selenium-opera-driver/4.0.0-alpha-1/selenium-opera-driver-4.0.0-alpha-1.jar
7fdf1fd83000-7fdf1fd85000 r--s 00003000 08:04 8261018                    /home/renan/.m2/repository/org/seleniumhq/selenium/selenium-ie-driver/4.0.0-alpha-1/selenium-ie-driver-4.0.0-alpha-1.jar
7fdf1fd85000-7fdf1fd86000 r--s 0000d000 08:04 8261016                    /home/renan/.m2/repository/org/seleniumhq/selenium/selenium-firefox-driver/4.0.0-alpha-1/selenium-firefox-driver-4.0.0-alpha-1.jar
7fdf1fd86000-7fdf1fd88000 r--s 000b7000 08:04 8261015                    /home/renan/.m2/repository/org/seleniumhq/selenium/selenium-firefox-xpi-driver/4.0.0-alpha-1/selenium-firefox-xpi-driver-4.0.0-alpha-1.jar
7fdf1fd88000-7fdf1fd89000 r--s 00001000 08:04 8261012                    /home/renan/.m2/repository/org/seleniumhq/selenium/selenium-edge-driver/4.0.0-alpha-1/selenium-edge-driver-4.0.0-alpha-1.jar
7fdf1fd89000-7fdf1fd8b000 r--s 00015000 08:04 8261010                    /home/renan/.m2/repository/com/squareup/okio/okio/1.17.2/okio-1.17.2.jar
7fdf1fd8b000-7fdf1fd90000 r--s 00063000 08:04 8261008                    /home/renan/.m2/repository/com/squareup/okhttp3/okhttp/3.14.0/okhttp-3.14.0.jar
7fdf1fd90000-7fdf1fd92000 r--s 00001000 08:04 8261004                    /home/renan/.m2/repository/com/google/j2objc/j2objc-annotations/1.1/j2objc-annotations-1.1.jar
7fdf1fd92000-7fdf1fd94000 r--s 00002000 08:04 8260995                    /home/renan/.m2/repository/com/google/errorprone/error_prone_annotations/2.2.0/error_prone_annotations-2.2.0.jar
7fdf1fd94000-7fdf1fd9e000 r--s 00026000 08:04 8261026                    /home/renan/.m2/repository/org/checkerframework/checker-qual/2.5.2/checker-qual-2.5.2.jar
7fdf1fd9e000-7fdf1fda0000 r--s 00003000 08:04 8393535                    /home/renan/.m2/repository/com/google/code/findbugs/jsr305/3.0.2/jsr305-3.0.2.jar
7fdf1fda0000-7fdf1fda2000 r--s 00000000 08:04 9047415                    /home/renan/.m2/repository/com/google/guava/failureaccess/1.0.1/failureaccess-1.0.1.jar
7fdf1fda2000-7fdf1fdd4000 r--s 0026d000 08:04 9047416                    /home/renan/.m2/repository/com/google/guava/guava/27.1-jre/guava-27.1-jre.jar
7fdf1fdd4000-7fdf1fdd6000 r--s 0000c000 08:04 8261002                    /home/renan/.m2/repository/org/apache/commons/commons-exec/1.3/commons-exec-1.3.jar
7fdf1fdd6000-7fdf1fe1d000 r--s 002da000 08:04 9178392                    /home/renan/.m2/repository/net/bytebuddy/byte-buddy/1.9.12/byte-buddy-1.9.12.jar
7fdf1fe1d000-7fdf1fe22000 r--s 00027000 08:04 8260998                    /home/renan/.m2/repository/org/seleniumhq/selenium/selenium-api/4.0.0-alpha-1/selenium-api-4.0.0-alpha-1.jar
7fdf1fe22000-7fdf1fe29000 r--s 00054000 08:04 8260990                    /home/renan/.m2/repository/org/seleniumhq/selenium/selenium-remote-driver/4.0.0-alpha-1/selenium-remote-driver-4.0.0-alpha-1.jar
7fdf1fe29000-7fdf1fe2b000 r--s 00003000 08:04 8260899                    /home/renan/.m2/repository/org/seleniumhq/selenium/selenium-chrome-driver/4.0.0-alpha-1/selenium-chrome-driver-4.0.0-alpha-1.jar
7fdf1fe2b000-7fdf1fe2d000 r--s 00004000 08:04 8260811                    /home/renan/.m2/repository/org/slf4j/log4j-over-slf4j/1.7.28/log4j-over-slf4j-1.7.28.jar
7fdf1fe2d000-7fdf1fe2f000 r--s 00003000 08:04 8260809                    /home/renan/.m2/repository/org/slf4j/jcl-over-slf4j/1.7.28/jcl-over-slf4j-1.7.28.jar
7fdf1fe2f000-7fdf1fe31000 r--s 00000000 08:04 8260807                    /home/renan/.m2/repository/org/slf4j/jul-to-slf4j/1.7.28/jul-to-slf4j-1.7.28.jar
7fdf1fe31000-7fdf1fe33000 r--s 00009000 08:04 8522424                    /home/renan/.m2/repository/org/slf4j/slf4j-api/1.7.25/slf4j-api-1.7.25.jar
7fdf1fe33000-7fdf1fe3e000 r--s 00069000 08:04 8522396                    /home/renan/.m2/repository/ch/qos/logback/logback-core/1.2.3/logback-core-1.2.3.jar
7fdf1fe3e000-7fdf1fe44000 r--s 00041000 08:04 8522394                    /home/renan/.m2/repository/ch/qos/logback/logback-classic/1.2.3/logback-classic-1.2.3.jar
7fdf1fe44000-7fdf1fe48000 r--s 00020000 08:04 8786424                    /home/renan/.m2/repository/org/jboss/jboss-vfs/3.2.14.Final/jboss-vfs-3.2.14.Final.jar
7fdf1fe48000-7fdf1fe4d000 r--s 0034f000 08:04 4849813                    /home/renan/.m2/repository/net/sourceforge/lept4j/lept4j/1.12.3/lept4j-1.12.3.jar
7fdf1fe4d000-7fdf1fe51000 r--s 00031000 08:04 9441031                    /home/renan/.m2/repository/commons-io/commons-io/2.6/commons-io-2.6.jar
7fdf1fe51000-7fdf1fe55000 r--s 00022000 08:04 4849811                    /home/renan/.m2/repository/org/apache/pdfbox/jbig2-imageio/3.0.2/jbig2-imageio-3.0.2.jar
7fdf1fe55000-7fdf1fe61000 r--s 00108000 08:04 10358163                   /home/renan/.m2/repository/com/lowagie/itext/2.1.7/itext-2.1.7.jar
7fdf1fe61000-7fdf1fe6f000 r--s 0007f000 08:04 9440212                    /home/renan/.m2/repository/commons-collections/commons-collections/3.2.1/commons-collections-3.2.1.jar
7fdf1fe6f000-7fdf1feff000 r--s 00843000 08:04 10624667                   /home/renan/Dev/PdfBox/pdfbox-app-2.0.17.jar
7fdf1feff000-7fdf1ff00000 ---p 00000000 00:00 0 
7fdf1ff00000-7fdf20000000 rw-p 00000000 00:00 0 
7fdf20000000-7fdf20021000 rw-p 00000000 00:00 0 
7fdf20021000-7fdf24000000 ---p 00000000 00:00 0 
7fdf24000000-7fdf24001000 r--s 00000000 08:04 8261006                    /home/renan/.m2/repository/org/codehaus/mojo/animal-sniffer-annotations/1.17/animal-sniffer-annotations-1.17.jar
7fdf24001000-7fdf24003000 r--s 0000c000 08:04 8916171                    /home/renan/.m2/repository/org/jboss/logging/jboss-logging/3.1.4.GA/jboss-logging-3.1.4.GA.jar
7fdf24003000-7fdf2400d000 r--s 00081000 08:04 4849809                    /home/renan/.m2/repository/org/apache/xmlgraphics/xmlgraphics-commons/1.4/xmlgraphics-commons-1.4.jar
7fdf2400d000-7fdf24012000 r--s 00035000 08:04 9047391                    /home/renan/.m2/repository/commons-beanutils/commons-beanutils/1.9.2/commons-beanutils-1.9.2.jar
7fdf24012000-7fdf2401b000 r--s 0006f000 08:04 7609090                    /home/renan/.m2/repository/log4j/log4j/1.2.17/log4j-1.2.17.jar
7fdf2401b000-7fdf24020000 r--s 00028000 08:04 8132139                    /home/renan/.m2/repository/org/ghost4j/ghost4j/1.0.1/ghost4j-1.0.1.jar
7fdf24020000-7fdf2402b000 r--s 0008f000 08:04 8655681                    /home/renan/.m2/repository/com/github/jai-imageio/jai-imageio-core/1.4.0/jai-imageio-core-1.4.0.jar
7fdf2402b000-7fdf2402f000 r--s 0016c000 08:04 7999245                    /home/renan/.m2/repository/net/java/dev/jna/jna/5.4.0/jna-5.4.0.jar
7fdf2402f000-7fdf24032000 r--s 0083f000 08:04 4849807                    /home/renan/.m2/repository/net/sourceforge/tess4j/tess4j/4.4.1/tess4j-4.4.1.jar
7fdf24032000-7fdf24034000 r--s 0000e000 08:04 8391790                    /home/renan/.m2/repository/commons-logging/commons-logging/1.2/commons-logging-1.2.jar
7fdf24034000-7fdf2404a000 r--s 00250000 08:04 4332170                    /home/renan/.m2/repository/org/apache/pdfbox/pdfbox/2.0.9/pdfbox-2.0.9.jar
7fdf2404a000-7fdf24050000 r--s 00041000 08:04 8132622                    /home/renan/Dev/Tess4J/lib/logback-classic-1.2.3.jar
7fdf24050000-7fdf24052000 r--s 00004000 08:04 8132621                    /home/renan/Dev/Tess4J/lib/log4j-over-slf4j-1.7.25.jar
7fdf24052000-7fdf2405b000 r--s 0006f000 08:04 8132620                    /home/renan/Dev/Tess4J/lib/log4j-1.2.17.jar
7fdf2405b000-7fdf24060000 r--s 006b2000 08:04 8132619                    /home/renan/Dev/Tess4J/lib/lept4j-1.6.4.jar
7fdf24060000-7fdf24068000 r--s 00046000 08:04 8132618                    /home/renan/Dev/Tess4J/lib/junit-4.12.jar
7fdf24068000-7fdf2406a000 r--s 00000000 08:04 8132617                    /home/renan/Dev/Tess4J/lib/jul-to-slf4j-1.7.25.jar
7fdf2406a000-7fdf2406e000 r--s 000dc000 08:04 8132616                    /home/renan/Dev/Tess4J/lib/jna-4.1.0.jar
7fdf2406e000-7fdf24072000 r--s 00020000 08:04 8132614                    /home/renan/Dev/Tess4J/lib/jboss-vfs-3.2.12.Final.jar
7fdf24072000-7fdf2407d000 r--s 0008f000 08:04 8132612                    /home/renan/Dev/Tess4J/lib/jai-imageio-core-1.4.0.jar
7fdf2407d000-7fdf24089000 r--s 00108000 08:04 8132611                    /home/renan/Dev/Tess4J/lib/itext-2.1.7.jar
7fdf24089000-7fdf2408c000 ---p 00000000 00:00 0 
7fdf2408c000-7fdf2418a000 rw-p 00000000 00:00 0 
7fdf2418a000-7fdf2418b000 ---p 00000000 00:00 0 
7fdf2418b000-7fdf2418e000 ---p 00000000 00:00 0 
7fdf2418e000-7fdf2428b000 rw-p 00000000 00:00 0 
7fdf2428b000-7fdf2428c000 ---p 00000000 00:00 0 
7fdf2428c000-7fdf2428f000 ---p 00000000 00:00 0 
7fdf2428f000-7fdf2438c000 rw-p 00000000 00:00 0 
7fdf2438c000-7fdf2438d000 ---p 00000000 00:00 0 
7fdf2438d000-7fdf24390000 ---p 00000000 00:00 0 
7fdf24390000-7fdf2448d000 rw-p 00000000 00:00 0 
7fdf2448d000-7fdf24490000 ---p 00000000 00:00 0 
7fdf24490000-7fdf2458e000 rw-p 00000000 00:00 0 
7fdf2458e000-7fdf24f5d000 r--p 00000000 08:04 5774039                    /usr/lib/locale/locale-archive
7fdf24f5d000-7fdf24f60000 ---p 00000000 00:00 0 
7fdf24f60000-7fdf2505e000 rw-p 00000000 00:00 0 
7fdf2505e000-7fdf25061000 ---p 00000000 00:00 0 
7fdf25061000-7fdf2515f000 rw-p 00000000 00:00 0 
7fdf2515f000-7fdf25160000 ---p 00000000 00:00 0 
7fdf25160000-7fdf29000000 rw-p 00000000 00:00 0 
7fdf29000000-7fdf29790000 rwxp 00000000 00:00 0 
7fdf29790000-7fdf38000000 ---p 00000000 00:00 0 
7fdf38000000-7fdf39b51000 rw-p 00000000 00:00 0 
7fdf39b51000-7fdf3c000000 ---p 00000000 00:00 0 
7fdf3c000000-7fdf3c001000 r--s 00000000 08:04 9047421                    /home/renan/.m2/repository/com/google/guava/listenablefuture/9999.0-empty-to-avoid-conflict-with-guava/listenablefuture-9999.0-empty-to-avoid-conflict-with-guava.jar
7fdf3c001000-7fdf3c003000 r--s 00003000 08:04 8132615                    /home/renan/Dev/Tess4J/lib/jcl-over-slf4j-1.7.25.jar
7fdf3c003000-7fdf3c007000 r--s 00022000 08:04 8132613                    /home/renan/Dev/Tess4J/lib/jbig2-imageio-3.0.0.jar
7fdf3c007000-7fdf3c009000 r--s 0000a000 08:04 8132610                    /home/renan/Dev/Tess4J/lib/hamcrest-core-1.3.jar
7fdf3c009000-7fdf3c00e000 r--s 00028000 08:04 8132609                    /home/renan/Dev/Tess4J/lib/ghost4j-1.0.1.jar
7fdf3c00e000-7fdf3c015000 r--s 00175000 08:04 8132608                    /home/renan/Dev/Tess4J/lib/fontbox-2.0.9.jar
7fdf3c015000-7fdf3c019000 r--s 00031000 08:04 8132606                    /home/renan/Dev/Tess4J/lib/commons-io-2.6.jar
7fdf3c019000-7fdf3c023000 r--s 00089000 08:04 8132630                    /home/renan/Dev/Tess4J/lib/xmlgraphics-commons-1.5.jar
7fdf3c023000-7fdf3c039000 r--s 00250000 08:04 8132625                    /home/renan/Dev/Tess4J/lib/pdfbox-2.0.9.jar
7fdf3c039000-7fdf3c050000 r--s 0027a000 08:04 10624673                   /home/renan/Dev/PdfBox/pdfbox-2.0.17.jar
7fdf3c050000-7fdf3d033000 rw-p 00000000 00:00 0 
7fdf3d033000-7fdf3d20d000 r--s 03d88000 08:04 9704535                    /home/renan/Dev/SpringToolSuite/jre/jre/lib/rt.jar
7fdf3d20d000-7fdf3de5d000 rw-p 00000000 00:00 0 
7fdf3de5d000-7fdf3de5e000 ---p 00000000 00:00 0 
7fdf3de5e000-7fdf3df5e000 rw-p 00000000 00:00 0 
7fdf3df5e000-7fdf3df5f000 ---p 00000000 00:00 0 
7fdf3df5f000-7fdf3e05f000 rw-p 00000000 00:00 0 
7fdf3e05f000-7fdf3e060000 ---p 00000000 00:00 0 
7fdf3e060000-7fdf3e160000 rw-p 00000000 00:00 0 
7fdf3e160000-7fdf3e161000 ---p 00000000 00:00 0 
7fdf3e161000-7fdf3e2ab000 rw-p 00000000 00:00 0 
7fdf3e2ab000-7fdf3e4f3000 ---p 00000000 00:00 0 
7fdf3e4f3000-7fdf3e53d000 rw-p 00000000 00:00 0 
7fdf3e53d000-7fdf3e784000 ---p 00000000 00:00 0 
7fdf3e784000-7fdf3e8a3000 rw-p 00000000 00:00 0 
7fdf3e8a3000-7fdf3e8cd000 ---p 00000000 00:00 0 
7fdf3e8cd000-7fdf3e8ed000 rw-p 00000000 00:00 0 
7fdf3e8ed000-7fdf3ec8e000 ---p 00000000 00:00 0 
7fdf3ec8e000-7fdf3eca9000 r-xp 00000000 08:04 9830565                    /home/renan/Dev/SpringToolSuite/jre/jre/lib/amd64/libzip.so
7fdf3eca9000-7fdf3eea8000 ---p 0001b000 08:04 9830565                    /home/renan/Dev/SpringToolSuite/jre/jre/lib/amd64/libzip.so
7fdf3eea8000-7fdf3eea9000 r--p 0001a000 08:04 9830565                    /home/renan/Dev/SpringToolSuite/jre/jre/lib/amd64/libzip.so
7fdf3eea9000-7fdf3eeaa000 rw-p 0001b000 08:04 9830565                    /home/renan/Dev/SpringToolSuite/jre/jre/lib/amd64/libzip.so
7fdf3eeaa000-7fdf3eeb5000 r-xp 00000000 08:04 3806003                    /lib/x86_64-linux-gnu/libnss_files-2.27.so
7fdf3eeb5000-7fdf3f0b4000 ---p 0000b000 08:04 3806003                    /lib/x86_64-linux-gnu/libnss_files-2.27.so
7fdf3f0b4000-7fdf3f0b5000 r--p 0000a000 08:04 3806003                    /lib/x86_64-linux-gnu/libnss_files-2.27.so
7fdf3f0b5000-7fdf3f0b6000 rw-p 0000b000 08:04 3806003                    /lib/x86_64-linux-gnu/libnss_files-2.27.so
7fdf3f0b6000-7fdf3f0bc000 rw-p 00000000 00:00 0 
7fdf3f0bc000-7fdf3f0d3000 r-xp 00000000 08:04 3805997                    /lib/x86_64-linux-gnu/libnsl-2.27.so
7fdf3f0d3000-7fdf3f2d2000 ---p 00017000 08:04 3805997                    /lib/x86_64-linux-gnu/libnsl-2.27.so
7fdf3f2d2000-7fdf3f2d3000 r--p 00016000 08:04 3805997                    /lib/x86_64-linux-gnu/libnsl-2.27.so
7fdf3f2d3000-7fdf3f2d4000 rw-p 00017000 08:04 3805997                    /lib/x86_64-linux-gnu/libnsl-2.27.so
7fdf3f2d4000-7fdf3f2d6000 rw-p 00000000 00:00 0 
7fdf3f2d6000-7fdf3f2e1000 r-xp 00000000 08:04 3806014                    /lib/x86_64-linux-gnu/libnss_nis-2.27.so
7fdf3f2e1000-7fdf3f4e0000 ---p 0000b000 08:04 3806014                    /lib/x86_64-linux-gnu/libnss_nis-2.27.so
7fdf3f4e0000-7fdf3f4e1000 r--p 0000a000 08:04 3806014                    /lib/x86_64-linux-gnu/libnss_nis-2.27.so
7fdf3f4e1000-7fdf3f4e2000 rw-p 0000b000 08:04 3806014                    /lib/x86_64-linux-gnu/libnss_nis-2.27.so
7fdf3f4e2000-7fdf3f4ea000 r-xp 00000000 08:04 3805999                    /lib/x86_64-linux-gnu/libnss_compat-2.27.so
7fdf3f4ea000-7fdf3f6ea000 ---p 00008000 08:04 3805999                    /lib/x86_64-linux-gnu/libnss_compat-2.27.so
7fdf3f6ea000-7fdf3f6eb000 r--p 00008000 08:04 3805999                    /lib/x86_64-linux-gnu/libnss_compat-2.27.so
7fdf3f6eb000-7fdf3f6ec000 rw-p 00009000 08:04 3805999                    /lib/x86_64-linux-gnu/libnss_compat-2.27.so
7fdf3f6ec000-7fdf3f718000 r-xp 00000000 08:04 9830556                    /home/renan/Dev/SpringToolSuite/jre/jre/lib/amd64/libjava.so
7fdf3f718000-7fdf3f918000 ---p 0002c000 08:04 9830556                    /home/renan/Dev/SpringToolSuite/jre/jre/lib/amd64/libjava.so
7fdf3f918000-7fdf3f919000 r--p 0002c000 08:04 9830556                    /home/renan/Dev/SpringToolSuite/jre/jre/lib/amd64/libjava.so
7fdf3f919000-7fdf3f91b000 rw-p 0002d000 08:04 9830556                    /home/renan/Dev/SpringToolSuite/jre/jre/lib/amd64/libjava.so
7fdf3f91b000-7fdf3f928000 r-xp 00000000 08:04 9830547                    /home/renan/Dev/SpringToolSuite/jre/jre/lib/amd64/libverify.so
7fdf3f928000-7fdf3fb27000 ---p 0000d000 08:04 9830547                    /home/renan/Dev/SpringToolSuite/jre/jre/lib/amd64/libverify.so
7fdf3fb27000-7fdf3fb29000 r--p 0000c000 08:04 9830547                    /home/renan/Dev/SpringToolSuite/jre/jre/lib/amd64/libverify.so
7fdf3fb29000-7fdf3fb2a000 rw-p 0000e000 08:04 9830547                    /home/renan/Dev/SpringToolSuite/jre/jre/lib/amd64/libverify.so
7fdf3fb2a000-7fdf3fb31000 r-xp 00000000 08:04 3806054                    /lib/x86_64-linux-gnu/librt-2.27.so
7fdf3fb31000-7fdf3fd30000 ---p 00007000 08:04 3806054                    /lib/x86_64-linux-gnu/librt-2.27.so
7fdf3fd30000-7fdf3fd31000 r--p 00006000 08:04 3806054                    /lib/x86_64-linux-gnu/librt-2.27.so
7fdf3fd31000-7fdf3fd32000 rw-p 00007000 08:04 3806054                    /lib/x86_64-linux-gnu/librt-2.27.so
7fdf3fd32000-7fdf3fecf000 r-xp 00000000 08:04 3805976                    /lib/x86_64-linux-gnu/libm-2.27.so
7fdf3fecf000-7fdf400ce000 ---p 0019d000 08:04 3805976                    /lib/x86_64-linux-gnu/libm-2.27.so
7fdf400ce000-7fdf400cf000 r--p 0019c000 08:04 3805976                    /lib/x86_64-linux-gnu/libm-2.27.so
7fdf400cf000-7fdf400d0000 rw-p 0019d000 08:04 3805976                    /lib/x86_64-linux-gnu/libm-2.27.so
7fdf400d0000-7fdf40db8000 r-xp 00000000 08:04 9830563                    /home/renan/Dev/SpringToolSuite/jre/jre/lib/amd64/server/libjvm.so
7fdf40db8000-7fdf40fb7000 ---p 00ce8000 08:04 9830563                    /home/renan/Dev/SpringToolSuite/jre/jre/lib/amd64/server/libjvm.so
7fdf40fb7000-7fdf4104d000 r--p 00ce7000 08:04 9830563                    /home/renan/Dev/SpringToolSuite/jre/jre/lib/amd64/server/libjvm.so
7fdf4104d000-7fdf4107e000 rw-p 00d7d000 08:04 9830563                    /home/renan/Dev/SpringToolSuite/jre/jre/lib/amd64/server/libjvm.so
7fdf4107e000-7fdf410b9000 rw-p 00000000 00:00 0 
7fdf410b9000-7fdf412a0000 r-xp 00000000 08:04 3805913                    /lib/x86_64-linux-gnu/libc-2.27.so
7fdf412a0000-7fdf414a0000 ---p 001e7000 08:04 3805913                    /lib/x86_64-linux-gnu/libc-2.27.so
7fdf414a0000-7fdf414a4000 r--p 001e7000 08:04 3805913                    /lib/x86_64-linux-gnu/libc-2.27.so
7fdf414a4000-7fdf414a6000 rw-p 001eb000 08:04 3805913                    /lib/x86_64-linux-gnu/libc-2.27.so
7fdf414a6000-7fdf414aa000 rw-p 00000000 00:00 0 
7fdf414aa000-7fdf414ad000 r-xp 00000000 08:04 3805936                    /lib/x86_64-linux-gnu/libdl-2.27.so
7fdf414ad000-7fdf416ac000 ---p 00003000 08:04 3805936                    /lib/x86_64-linux-gnu/libdl-2.27.so
7fdf416ac000-7fdf416ad000 r--p 00002000 08:04 3805936                    /lib/x86_64-linux-gnu/libdl-2.27.so
7fdf416ad000-7fdf416ae000 rw-p 00003000 08:04 3805936                    /lib/x86_64-linux-gnu/libdl-2.27.so
7fdf416ae000-7fdf416c5000 r-xp 00000000 08:04 9831214                    /home/renan/Dev/SpringToolSuite/jre/lib/amd64/jli/libjli.so
7fdf416c5000-7fdf418c4000 ---p 00017000 08:04 9831214                    /home/renan/Dev/SpringToolSuite/jre/lib/amd64/jli/libjli.so
7fdf418c4000-7fdf418c5000 r--p 00016000 08:04 9831214                    /home/renan/Dev/SpringToolSuite/jre/lib/amd64/jli/libjli.so
7fdf418c5000-7fdf418c6000 rw-p 00017000 08:04 9831214                    /home/renan/Dev/SpringToolSuite/jre/lib/amd64/jli/libjli.so
7fdf418c6000-7fdf418e0000 r-xp 00000000 08:04 3806046                    /lib/x86_64-linux-gnu/libpthread-2.27.so
7fdf418e0000-7fdf41adf000 ---p 0001a000 08:04 3806046                    /lib/x86_64-linux-gnu/libpthread-2.27.so
7fdf41adf000-7fdf41ae0000 r--p 00019000 08:04 3806046                    /lib/x86_64-linux-gnu/libpthread-2.27.so
7fdf41ae0000-7fdf41ae1000 rw-p 0001a000 08:04 3806046                    /lib/x86_64-linux-gnu/libpthread-2.27.so
7fdf41ae1000-7fdf41ae5000 rw-p 00000000 00:00 0 
7fdf41ae5000-7fdf41b0c000 r-xp 00000000 08:04 3805885                    /lib/x86_64-linux-gnu/ld-2.27.so
7fdf41b0c000-7fdf41b0d000 r--s 00000000 08:04 8260994                    /home/renan/.m2/repository/org/seleniumhq/selenium/selenium-java/4.0.0-alpha-1/selenium-java-4.0.0-alpha-1.jar
7fdf41b0d000-7fdf41b0f000 r--s 0000e000 08:04 8132607                    /home/renan/Dev/Tess4J/lib/commons-logging-1.2.jar
7fdf41b0f000-7fdf41b14000 r--s 00035000 08:04 8132605                    /home/renan/Dev/Tess4J/lib/commons-beanutils-1.9.2.jar
7fdf41b14000-7fdf41b16000 r--s 00009000 08:04 8132627                    /home/renan/Dev/Tess4J/lib/slf4j-api-1.7.25.jar
7fdf41b16000-7fdf41b21000 r--s 00069000 08:04 8132623                    /home/renan/Dev/Tess4J/lib/logback-core-1.2.3.jar
7fdf41b21000-7fdf41bec000 rw-p 00000000 00:00 0 
7fdf41bec000-7fdf41bed000 ---p 00000000 00:00 0 
7fdf41bed000-7fdf41bf0000 ---p 00000000 00:00 0 
7fdf41bf0000-7fdf41cf1000 rw-p 00000000 00:00 0 
7fdf41cf1000-7fdf41cf3000 r--s 00010000 08:04 8132626                    /home/renan/Dev/Tess4J/lib/pdfbox-tools-2.0.9.jar
7fdf41cf3000-7fdf41cf6000 r--s 0001e000 08:04 10624682                   /home/renan/Dev/PdfBox/xmpbox-2.0.17.jar
7fdf41cf6000-7fdf41cfb000 r--s 00038000 08:04 10624679                   /home/renan/Dev/PdfBox/preflight-2.0.17.jar
7fdf41cfb000-7fdf41d02000 r--s 00176000 08:04 10624664                   /home/renan/Dev/PdfBox/fontbox-2.0.17.jar
7fdf41d02000-7fdf41d0a000 rw-s 00000000 08:04 7999286                    /tmp/hsperfdata_renan/23083
7fdf41d0a000-7fdf41d0b000 rw-p 00000000 00:00 0 
7fdf41d0b000-7fdf41d0c000 r--p 00000000 00:00 0 
7fdf41d0c000-7fdf41d0d000 r--p 00027000 08:04 3805885                    /lib/x86_64-linux-gnu/ld-2.27.so
7fdf41d0d000-7fdf41d0e000 rw-p 00028000 08:04 3805885                    /lib/x86_64-linux-gnu/ld-2.27.so
7fdf41d0e000-7fdf41d0f000 rw-p 00000000 00:00 0 
7ffd05367000-7ffd05389000 rw-p 00000000 00:00 0                          [stack]
7ffd053db000-7ffd053de000 r--p 00000000 00:00 0                          [vvar]
7ffd053de000-7ffd053df000 r-xp 00000000 00:00 0                          [vdso]
ffffffffff600000-ffffffffff601000 r-xp 00000000 00:00 0                  [vsyscall]

VM Arguments:
jvm_args: -Dfile.encoding=UTF-8 
java_command: br.com.cesupa.main.Main
java_class_path (initial): /home/renan/Dev/SpringToolSuite/cesupaWorkspace/PdfReader/target/classes:/home/renan/Dev/PdfBox/fontbox-2.0.17.jar:/home/renan/Dev/PdfBox/pdfbox-2.0.17.jar:/home/renan/Dev/PdfBox/pdfbox-app-2.0.17.jar:/home/renan/Dev/PdfBox/preflight-2.0.17.jar:/home/renan/Dev/PdfBox/xmpbox-2.0.17.jar:/home/renan/Dev/Tess4J/lib/logback-core-1.2.3.jar:/home/renan/Dev/Tess4J/lib/pdfbox-2.0.9.jar:/home/renan/Dev/Tess4J/lib/pdfbox-tools-2.0.9.jar:/home/renan/Dev/Tess4J/lib/slf4j-api-1.7.25.jar:/home/renan/Dev/Tess4J/lib/xmlgraphics-commons-1.5.jar:/home/renan/Dev/Tess4J/lib/commons-beanutils-1.9.2.jar:/home/renan/Dev/Tess4J/lib/commons-io-2.6.jar:/home/renan/Dev/Tess4J/lib/commons-logging-1.2.jar:/home/renan/Dev/Tess4J/lib/fontbox-2.0.9.jar:/home/renan/Dev/Tess4J/lib/ghost4j-1.0.1.jar:/home/renan/Dev/Tess4J/lib/hamcrest-core-1.3.jar:/home/renan/Dev/Tess4J/lib/itext-2.1.7.jar:/home/renan/Dev/Tess4J/lib/jai-imageio-core-1.4.0.jar:/home/renan/Dev/Tess4J/lib/jbig2-imageio-3.0.0.jar:/home/renan/Dev/Tess4J/lib/jboss-vfs-3.2.12.Final.jar:/home/renan/Dev/Tess4J/lib/jcl-over-slf4j-1.7.25.jar:/home/renan/Dev/Tess4J/lib/jna-4.1.0.jar:/home/renan/Dev/Tess4J/lib/jul-to-slf4j-1.7.25.jar:/home/renan/Dev/Tess4J/lib/junit-4.12.jar:/home/renan/Dev/Tess4J/lib/lept4j-1.6.4.jar:/home/renan/Dev/Tess4J/lib/log4j-1.2.17.jar:/home/renan/Dev/Tess4J/lib/log4j-over-slf4j-1.7.25.jar:/home/renan/Dev/Tess4J/lib/logback-classic-1.2.3.jar:/home/renan/.m2/repository/org/apache/pdfbox/pdfbox/2.0.9/pdfbox-2.0.9.jar:/home/renan/.m2/repository/commons-logging/commons-logging/1.2/commons-logging-1.2.jar:/home/renan/.m2/repository/net/sourceforge/tess4j/tess4j/4.4.1/tess4j-4.4.1.jar:/home/renan/.m2/repository/net/java/dev/jna/jna/5.4.0/jna-5.4.0.jar:/home/renan/.m2/repository/com/github/jai-imageio/jai-imageio-core/1.4.0/jai-imageio-core-1.4.0.jar:/home/renan/.m2/repository/org/ghost4j/ghost4j/1.0.1/ghost4j-1.0.1.jar:/home/renan/.m2/repository/log4j/log4j/1.2.17/log4j-1.2.17.jar:/home/renan/.m2/re
Launcher Type: SUN_STANDARD

Environment Variables:
JAVA_HOME=/usr/jdk1.8.0_221
PATH=/home/renan/.local/bin:/usr/local/sbin:/usr/local/bin:/usr/sbin:/usr/bin:/sbin:/bin:/usr/games:/usr/local/games:/snap/bin
USERNAME=renan
SHELL=/bin/bash
DISPLAY=:0

Signal Handlers:
SIGSEGV: [libjvm.so+0xad3d90], sa_mask[0]=11111111011111111101111111111110, sa_flags=SA_RESTART|SA_SIGINFO
SIGBUS: [libjvm.so+0xad3d90], sa_mask[0]=11111111011111111101111111111110, sa_flags=SA_RESTART|SA_SIGINFO
SIGFPE: [libjvm.so+0x90b8b0], sa_mask[0]=11111111011111111101111111111110, sa_flags=SA_RESTART|SA_SIGINFO
SIGPIPE: [libjvm.so+0x90b8b0], sa_mask[0]=11111111011111111101111111111110, sa_flags=SA_RESTART|SA_SIGINFO
SIGXFSZ: [libjvm.so+0x90b8b0], sa_mask[0]=11111111011111111101111111111110, sa_flags=SA_RESTART|SA_SIGINFO
SIGILL: [libjvm.so+0x90b8b0], sa_mask[0]=11111111011111111101111111111110, sa_flags=SA_RESTART|SA_SIGINFO
SIGUSR1: SIG_DFL, sa_mask[0]=00000000000000000000000000000000, sa_flags=none
SIGUSR2: [libjvm.so+0x90b780], sa_mask[0]=00100000000000000000000000000000, sa_flags=SA_RESTART|SA_SIGINFO
SIGHUP: [libjvm.so+0x90bda0], sa_mask[0]=11111111011111111101111111111110, sa_flags=SA_RESTART|SA_SIGINFO
SIGINT: [libjvm.so+0x90bda0], sa_mask[0]=11111111011111111101111111111110, sa_flags=SA_RESTART|SA_SIGINFO
SIGTERM: [libjvm.so+0x90bda0], sa_mask[0]=11111111011111111101111111111110, sa_flags=SA_RESTART|SA_SIGINFO
SIGQUIT: [libjvm.so+0x90bda0], sa_mask[0]=11111111011111111101111111111110, sa_flags=SA_RESTART|SA_SIGINFO


---------------  S Y S T E M  ---------------

OS:DISTRIB_ID=Ubuntu
DISTRIB_RELEASE=18.04
DISTRIB_CODENAME=bionic
DISTRIB_DESCRIPTION="Ubuntu 18.04.3 LTS"

uname:Linux 5.0.0-37-generic #40~18.04.1-Ubuntu SMP Thu Nov 14 12:06:39 UTC 2019 x86_64
libc:glibc 2.27 NPTL 2.27 
rlimit: STACK 8192k, CORE 0k, NPROC 31349, NOFILE 4096, AS infinity
load average:2,33 0,99 1,00

/proc/meminfo:
MemTotal:        8073720 kB
MemFree:          154092 kB
MemAvailable:    2409444 kB
Buffers:          822608 kB
Cached:          1700736 kB
SwapCached:           28 kB
Active:          5681952 kB
Inactive:        1677508 kB
Active(anon):    4337388 kB
Inactive(anon):   783812 kB
Active(file):    1344564 kB
Inactive(file):   893696 kB
Unevictable:        8296 kB
Mlocked:              48 kB
SwapTotal:       3905532 kB
SwapFree:        3903996 kB
Dirty:               848 kB
Writeback:             0 kB
AnonPages:       4844560 kB
Mapped:           629576 kB
Shmem:            285912 kB
KReclaimable:     321872 kB
Slab:             384972 kB
SReclaimable:     321872 kB
SUnreclaim:        63100 kB
KernelStack:       15984 kB
PageTables:        58664 kB
NFS_Unstable:          0 kB
Bounce:                0 kB
WritebackTmp:          0 kB
CommitLimit:     7942392 kB
Committed_AS:   10417972 kB
VmallocTotal:   34359738367 kB
VmallocUsed:           0 kB
VmallocChunk:          0 kB
Percpu:             1408 kB
HardwareCorrupted:     0 kB
AnonHugePages:         0 kB
ShmemHugePages:        0 kB
ShmemPmdMapped:        0 kB
CmaTotal:              0 kB
CmaFree:               0 kB
HugePages_Total:       0
HugePages_Free:        0
HugePages_Rsvd:        0
HugePages_Surp:        0
Hugepagesize:       2048 kB
Hugetlb:               0 kB
DirectMap4k:      250460 kB
DirectMap2M:     8046592 kB
DirectMap1G:           0 kB

container (cgroup) information:
container_type: cgroupv1
cpu_cpuset_cpus: 0-3
cpu_memory_nodes: 0
active_processor_count: 4
cpu_quota: -1
cpu_period: 100000
cpu_shares: -1
memory_limit_in_bytes: -1
memory_and_swap_limit_in_bytes: -2
memory_soft_limit_in_bytes: -1
memory_usage_in_bytes: 7544504320
memory_max_usage_in_bytes: 327479296


CPU:total 4 (initial active 4) (2 cores per cpu, 2 threads per core) family 6 model 61 stepping 4, cmov, cx8, fxsr, mmx, sse, sse2, sse3, ssse3, sse4.1, sse4.2, popcnt, avx, avx2, aes, clmul, erms, 3dnowpref, lzcnt, ht, tsc, tscinvbit, bmi1, bmi2, adx

/proc/cpuinfo:
processor	: 0
vendor_id	: GenuineIntel
cpu family	: 6
model		: 61
model name	: Intel(R) Core(TM) i5-5200U CPU @ 2.20GHz
stepping	: 4
microcode	: 0x2e
cpu MHz		: 2494.264
cache size	: 3072 KB
physical id	: 0
siblings	: 4
core id		: 0
cpu cores	: 2
apicid		: 0
initial apicid	: 0
fpu		: yes
fpu_exception	: yes
cpuid level	: 20
wp		: yes
flags		: fpu vme de pse tsc msr pae mce cx8 apic sep mtrr pge mca cmov pat pse36 clflush dts acpi mmx fxsr sse sse2 ss ht tm pbe syscall nx pdpe1gb rdtscp lm constant_tsc arch_perfmon pebs bts rep_good nopl xtopology nonstop_tsc cpuid aperfmperf pni pclmulqdq dtes64 monitor ds_cpl vmx est tm2 ssse3 sdbg fma cx16 xtpr pdcm pcid sse4_1 sse4_2 x2apic movbe popcnt tsc_deadline_timer aes xsave avx f16c rdrand lahf_lm abm 3dnowprefetch cpuid_fault epb invpcid_single pti ssbd ibrs ibpb stibp tpr_shadow vnmi flexpriority ept vpid ept_ad fsgsbase tsc_adjust bmi1 avx2 smep bmi2 erms invpcid rdseed adx smap intel_pt xsaveopt dtherm ida arat pln pts md_clear flush_l1d
bugs		: cpu_meltdown spectre_v1 spectre_v2 spec_store_bypass l1tf mds swapgs itlb_multihit
bogomips	: 4389.84
clflush size	: 64
cache_alignment	: 64
address sizes	: 39 bits physical, 48 bits virtual
power management:

processor	: 1
vendor_id	: GenuineIntel
cpu family	: 6
model		: 61
model name	: Intel(R) Core(TM) i5-5200U CPU @ 2.20GHz
stepping	: 4
microcode	: 0x2e
cpu MHz		: 2642.083
cache size	: 3072 KB
physical id	: 0
siblings	: 4
core id		: 1
cpu cores	: 2
apicid		: 2
initial apicid	: 2
fpu		: yes
fpu_exception	: yes
cpuid level	: 20
wp		: yes
flags		: fpu vme de pse tsc msr pae mce cx8 apic sep mtrr pge mca cmov pat pse36 clflush dts acpi mmx fxsr sse sse2 ss ht tm pbe syscall nx pdpe1gb rdtscp lm constant_tsc arch_perfmon pebs bts rep_good nopl xtopology nonstop_tsc cpuid aperfmperf pni pclmulqdq dtes64 monitor ds_cpl vmx est tm2 ssse3 sdbg fma cx16 xtpr pdcm pcid sse4_1 sse4_2 x2apic movbe popcnt tsc_deadline_timer aes xsave avx f16c rdrand lahf_lm abm 3dnowprefetch cpuid_fault epb invpcid_single pti ssbd ibrs ibpb stibp tpr_shadow vnmi flexpriority ept vpid ept_ad fsgsbase tsc_adjust bmi1 avx2 smep bmi2 erms invpcid rdseed adx smap intel_pt xsaveopt dtherm ida arat pln pts md_clear flush_l1d
bugs		: cpu_meltdown spectre_v1 spectre_v2 spec_store_bypass l1tf mds swapgs itlb_multihit
bogomips	: 4389.84
clflush size	: 64
cache_alignment	: 64
address sizes	: 39 bits physical, 48 bits virtual
power management:

processor	: 2
vendor_id	: GenuineIntel
cpu family	: 6
model		: 61
model name	: Intel(R) Core(TM) i5-5200U CPU @ 2.20GHz
stepping	: 4
microcode	: 0x2e
cpu MHz		: 2494.243
cache size	: 3072 KB
physical id	: 0
siblings	: 4
core id		: 0
cpu cores	: 2
apicid		: 1
initial apicid	: 1
fpu		: yes
fpu_exception	: yes
cpuid level	: 20
wp		: yes
flags		: fpu vme de pse tsc msr pae mce cx8 apic sep mtrr pge mca cmov pat pse36 clflush dts acpi mmx fxsr sse sse2 ss ht tm pbe syscall nx pdpe1gb rdtscp lm constant_tsc arch_perfmon pebs bts rep_good nopl xtopology nonstop_tsc cpuid aperfmperf pni pclmulqdq dtes64 monitor ds_cpl vmx est tm2 ssse3 sdbg fma cx16 xtpr pdcm pcid sse4_1 sse4_2 x2apic movbe popcnt tsc_deadline_timer aes xsave avx f16c rdrand lahf_lm abm 3dnowprefetch cpuid_fault epb invpcid_single pti ssbd ibrs ibpb stibp tpr_shadow vnmi flexpriority ept vpid ept_ad fsgsbase tsc_adjust bmi1 avx2 smep bmi2 erms invpcid rdseed adx smap intel_pt xsaveopt dtherm ida arat pln pts md_clear flush_l1d
bugs		: cpu_meltdown spectre_v1 spectre_v2 spec_store_bypass l1tf mds swapgs itlb_multihit
bogomips	: 4389.84
clflush size	: 64
cache_alignment	: 64
address sizes	: 39 bits physical, 48 bits virtual
power management:

processor	: 3
vendor_id	: GenuineIntel
cpu family	: 6
model		: 61
model name	: Intel(R) Core(TM) i5-5200U CPU @ 2.20GHz
stepping	: 4
microcode	: 0x2e
cpu MHz		: 2602.392
cache size	: 3072 KB
physical id	: 0
siblings	: 4
core id		: 1
cpu cores	: 2
apicid		: 3
initial apicid	: 3
fpu		: yes
fpu_exception	: yes
cpuid level	: 20
wp		: yes
flags		: fpu vme de pse tsc msr pae mce cx8 apic sep mtrr pge mca cmov pat pse36 clflush dts acpi mmx fxsr sse sse2 ss ht tm pbe syscall nx pdpe1gb rdtscp lm constant_tsc arch_perfmon pebs bts rep_good nopl xtopology nonstop_tsc cpuid aperfmperf pni pclmulqdq dtes64 monitor ds_cpl vmx est tm2 ssse3 sdbg fma cx16 xtpr pdcm pcid sse4_1 sse4_2 x2apic movbe popcnt tsc_deadline_timer aes xsave avx f16c rdrand lahf_lm abm 3dnowprefetch cpuid_fault epb invpcid_single pti ssbd ibrs ibpb stibp tpr_shadow vnmi flexpriority ept vpid ept_ad fsgsbase tsc_adjust bmi1 avx2 smep bmi2 erms invpcid rdseed adx smap intel_pt xsaveopt dtherm ida arat pln pts md_clear flush_l1d
bugs		: cpu_meltdown spectre_v1 spectre_v2 spec_store_bypass l1tf mds swapgs itlb_multihit
bogomips	: 4389.84
clflush size	: 64
cache_alignment	: 64
address sizes	: 39 bits physical, 48 bits virtual
power management:



Memory: 4k page, physical 8073720k(154220k free), swap 3905532k(3903996k free)

vm_info: Java HotSpot(TM) 64-Bit Server VM (25.221-b11) for linux-amd64 JRE (1.8.0_221-b11), built on Jul  4 2019 04:27:00 by "java_re" with gcc 7.3.0

time: Sat Dec  7 17:00:36 2019
timezone: -03
elapsed time: 6 seconds (0d 0h 0m 6s)

