#
# A fatal error has been detected by the Java Runtime Environment:
#
#  SIGSEGV (0xb) at pc=0x00007f0197aa369b, pid=27188, tid=0x00007f01ecf2c700
#
# JRE version: Java(TM) SE Runtime Environment (8.0_221-b11) (build 1.8.0_221-b11)
# Java VM: Java HotSpot(TM) 64-Bit Server VM (25.221-b11 mixed mode linux-amd64 compressed oops)
# Problematic frame:
# C  [libtesseract.so+0x25969b]  ERRCODE::error(char const*, TessErrorLogCode, char const*, ...) const+0x16b
#
# Failed to write core dump. Core dumps have been disabled. To enable core dumping, try "ulimit -c unlimited" before starting Java again
#
# If you would like to submit a bug report, please visit:
#   http://bugreport.java.com/bugreport/crash.jsp
# The crash happened outside the Java Virtual Machine in native code.
# See problematic frame for where to report the bug.
#

---------------  T H R E A D  ---------------

Current thread (0x00007f01e400e800):  JavaThread "main" [_thread_in_native, id=27193, stack(0x00007f01ece2d000,0x00007f01ecf2d000)]

siginfo: si_signo: 11 (SIGSEGV), si_code: 1 (SEGV_MAPERR), si_addr: 0x0000000000000000

Registers:
RAX=0x0000000000000055, RBX=0x00007f01ecf29a07, RCX=0x0000000000000000, RDX=0x00007f01ec6e68b0
RSP=0x00007f01ecf299b0, RBP=0x00007f01ecf299d0, RSI=0x0000000000000055, RDI=0x00007f01ecf271e0
R8 =0x0000000000000055, R9 =0x0000000000000055, R10=0x00000000ffffffab, R11=0x0000000000000000
R12=0x0000000000000002, R13=0x00007f0197ab34a1, R14=0x00007f0197fef6e0, R15=0x00007f01ecf29f20
RIP=0x00007f0197aa369b, EFLAGS=0x0000000000010246, CSGSFS=0x002b000000000033, ERR=0x0000000000000004
  TRAPNO=0x000000000000000e

Top of Stack: (sp=0x00007f01ecf299b0)
0x00007f01ecf299b0:   00007f01ecf29f60 0000003000000030
0x00007f01ecf299c0:   00007f01ecf29ec0 00007f01ecf29de0
0x00007f01ecf299d0:   65206c6174614622 636e6520726f7272
0x00007f01ecf299e0:   64657265746e756f 554e203d3d202221
0x00007f01ecf299f0:   726f7272453a4c4c 207472657373413a
0x00007f01ecf29a00:   693a64656c696166 6720656c6966206e
0x00007f01ecf29a10:   2e636f6c61626f6c 6e696c202c707063
0x00007f01ecf29a20:   0000000a35372065 00007f01ecf29cc0
0x00007f01ecf29a30:   00007f01ecf29ce0 00007f0197aaf828
0x00007f01ecf29a40:   00007f01ecf2a1f0 00007f01e4e76b48
0x00007f01ecf29a50:   0000000000000001 00007f0197aaf938
0x00007f01ecf29a60:   00007f01ecf29f3c 00007f01e4e7a270
0x00007f01ecf29a70:   00007f01ecf29f80 0000000000000003
0x00007f01ecf29a80:   0000000000000003 0000000000000002
0x00007f01ecf29a90:   00007f01ecf29ce0 00007f01e512bcf8
0x00007f01ecf29aa0:   3300000000000001 4e7f132a8b830600
0x00007f01ecf29ab0:   00007f01ecf29ad3 00007f01ecf29ed0
0x00007f01ecf29ac0:   00007f01ecf29ad0 0000000000000400
0x00007f01ecf29ad0:   00007f0100003737 0000000000000001
0x00007f01ecf29ae0:   0000000000000022 00007f01ec42b169
0x00007f01ecf29af0:   32000000fbad8001 4e7f132a8b830600
0x00007f01ecf29b00:   00007f01ecf29b40 00007f01ecf29b40
0x00007f01ecf29b10:   00007f01ecf29dd0 00007f0197ad5b7e
0x00007f01ecf29b20:   00007f01ecf29cc0 0000000000000001
0x00007f01ecf29b30:   0000000000000022 00007f01ec42b169
0x00007f01ecf29b40:   00000000fbad8001 00007f01ecf29dd0
0x00007f01ecf29b50:   00007f01ecf29dd0 00007f01ecf29dd0
0x00007f01ecf29b60:   00007f01ecf29dd0 4e7f132a8b830600
0x00007f01ecf29b70:   00007f01ecf29bb0 00007f01ecf29bb0
0x00007f01ecf29b80:   00007f01ecf29ce0 00007f01e4725858
0x00007f01ecf29b90:   0000000000000000 00007f01e4725856
0x00007f01ecf29ba0:   00007f0197ad2058 00007f01ec37a79d 

Instructions: (pc=0x00007f0197aa369b)
0x00007f0197aa367b:   be 01 00 00 00 48 8b 38 31 c0 e8 66 4b e2 ff 41
0x00007f0197aa368b:   83 fc ff 7c 18 45 85 e4 7e 2f 41 83 fc 02 7f 0d
0x00007f0197aa369b:   8b 04 25 00 00 00 00 0f 0b 0f 1f 40 00 48 8d 35
0x00007f0197aa36ab:   b2 05 03 00 48 8d 3d 22 c0 50 00 31 c9 ba 02 00 

Register to memory mapping:

RAX=0x0000000000000055 is an unknown value
RBX=0x00007f01ecf29a07 is pointing into the stack for thread: 0x00007f01e400e800
RCX=0x0000000000000000 is an unknown value
RDX=0x00007f01ec6e68b0: <offset 0x3ed8b0> in /lib/x86_64-linux-gnu/libc.so.6 at 0x00007f01ec2f9000
RSP=0x00007f01ecf299b0 is pointing into the stack for thread: 0x00007f01e400e800
RBP=0x00007f01ecf299d0 is pointing into the stack for thread: 0x00007f01e400e800
RSI=0x0000000000000055 is an unknown value
RDI=0x00007f01ecf271e0 is pointing into the stack for thread: 0x00007f01e400e800
R8 =0x0000000000000055 is an unknown value
R9 =0x0000000000000055 is an unknown value
R10=0x00000000ffffffab is an unallocated location in the heap
R11=0x0000000000000000 is an unknown value
R12=0x0000000000000002 is an unknown value
R13=0x00007f0197ab34a1: <offset 0x2694a1> in /usr/lib/x86_64-linux-gnu/libtesseract.so at 0x00007f019784a000
R14=0x00007f0197fef6e0: <offset 0x7a56e0> in /usr/lib/x86_64-linux-gnu/libtesseract.so at 0x00007f019784a000
R15=0x00007f01ecf29f20 is pointing into the stack for thread: 0x00007f01e400e800


Stack: [0x00007f01ece2d000,0x00007f01ecf2d000],  sp=0x00007f01ecf299b0,  free space=1010k
Native frames: (J=compiled Java code, j=interpreted, Vv=VM code, C=native code)
C  [libtesseract.so+0x25969b]  ERRCODE::error(char const*, TessErrorLogCode, char const*, ...) const+0x16b
C  0x636e6520726f7272

Java frames: (J=compiled Java code, j=interpreted, Vv=VM code)
j  com.sun.jna.Native.invokeInt(JI[Ljava/lang/Object;)I+0
j  com.sun.jna.Function.invoke([Ljava/lang/Object;Ljava/lang/Class;Z)Ljava/lang/Object;+225
j  com.sun.jna.Function.invoke(Ljava/lang/Class;[Ljava/lang/Object;Ljava/util/Map;)Ljava/lang/Object;+262
j  com.sun.jna.Library$Handler.invoke(Ljava/lang/Object;Ljava/lang/reflect/Method;[Ljava/lang/Object;)Ljava/lang/Object;+316
j  com.sun.proxy.$Proxy0.TessBaseAPIInit1(Lnet/sourceforge/tess4j/ITessAPI$TessBaseAPI;Ljava/lang/String;Ljava/lang/String;ILcom/sun/jna/ptr/PointerByReference;I)I+46
j  net.sourceforge.tess4j.Tesseract.init()V+87
j  net.sourceforge.tess4j.Tesseract.doOCR(Ljava/util/List;Ljava/lang/String;Ljava/awt/Rectangle;)Ljava/lang/String;+1
j  net.sourceforge.tess4j.Tesseract.doOCR(Ljava/util/List;Ljava/awt/Rectangle;)Ljava/lang/String;+4
j  net.sourceforge.tess4j.Tesseract.doOCR(Ljava/awt/image/BufferedImage;Ljava/awt/Rectangle;)Ljava/lang/String;+6
j  net.sourceforge.tess4j.Tesseract.doOCR(Ljava/awt/image/BufferedImage;)Ljava/lang/String;+3
j  br.com.cesupa.main.Main.main([Ljava/lang/String;)V+62
v  ~StubRoutines::call_stub

---------------  P R O C E S S  ---------------

Java Threads: ( => current thread )
  0x00007f01e4674800 JavaThread "Java2D Disposer" daemon [_thread_blocked, id=27209, stack(0x00007f01c52cb000,0x00007f01c53cc000)]
  0x00007f01e40cf000 JavaThread "Service Thread" daemon [_thread_blocked, id=27207, stack(0x00007f01c722d000,0x00007f01c732e000)]
  0x00007f01e40c2000 JavaThread "C1 CompilerThread2" daemon [_thread_blocked, id=27206, stack(0x00007f01c732f000,0x00007f01c742f000)]
  0x00007f01e40c0000 JavaThread "C2 CompilerThread1" daemon [_thread_blocked, id=27205, stack(0x00007f01c7430000,0x00007f01c7530000)]
  0x00007f01e40bd000 JavaThread "C2 CompilerThread0" daemon [_thread_blocked, id=27204, stack(0x00007f01c7531000,0x00007f01c7631000)]
  0x00007f01e40bb800 JavaThread "Signal Dispatcher" daemon [_thread_blocked, id=27203, stack(0x00007f01cc05e000,0x00007f01cc15f000)]
  0x00007f01e408a800 JavaThread "Finalizer" daemon [_thread_blocked, id=27202, stack(0x00007f01cc15f000,0x00007f01cc260000)]
  0x00007f01e4086000 JavaThread "Reference Handler" daemon [_thread_blocked, id=27201, stack(0x00007f01d408e000,0x00007f01d418f000)]
=>0x00007f01e400e800 JavaThread "main" [_thread_in_native, id=27193, stack(0x00007f01ece2d000,0x00007f01ecf2d000)]

Other Threads:
  0x00007f01e407c800 VMThread [stack: 0x00007f01d4190000,0x00007f01d4290000] [id=27200]
  0x00007f01e40da000 WatcherThread [stack: 0x00007f01c712d000,0x00007f01c722d000] [id=27208]

VM state:not at safepoint (normal execution)

VM Mutex/Monitor currently owned by a thread: None

heap address: 0x0000000084c00000, size: 1972 MB, Compressed Oops mode: 32-bit
Narrow klass base: 0x0000000000000000, Narrow klass shift: 3
Compressed class space size: 1073741824 Address: 0x0000000100000000

Heap:
 PSYoungGen      total 68608K, used 10367K [0x00000000d6f00000, 0x00000000df500000, 0x0000000100000000)
  eden space 63488K, 8% used [0x00000000d6f00000,0x00000000d74262e0,0x00000000dad00000)
  from space 5120K, 99% used [0x00000000dad00000,0x00000000db1f9a90,0x00000000db200000)
  to   space 5120K, 0% used [0x00000000df000000,0x00000000df000000,0x00000000df500000)
 ParOldGen       total 84992K, used 30719K [0x0000000084c00000, 0x0000000089f00000, 0x00000000d6f00000)
  object space 84992K, 36% used [0x0000000084c00000,0x00000000869ffdc8,0x0000000089f00000)
 Metaspace       used 11764K, capacity 11948K, committed 12032K, reserved 1060864K
  class space    used 1227K, capacity 1278K, committed 1280K, reserved 1048576K

Card table byte_map: [0x00007f01e9733000,0x00007f01e9b0e000] byte_map_base: 0x00007f01e930d000

Marking Bits: (ParMarkBitMap*) 0x00007f01ec2dbd80
 Begin Bits: [0x00007f01cc260000, 0x00007f01ce130000)
 End Bits:   [0x00007f01ce130000, 0x00007f01d0000000)

Polling page: 0x00007f01ecf4b000

CodeCache: size=245760Kb used=5946Kb max_used=5963Kb free=239813Kb
 bounds [0x00007f01d5000000, 0x00007f01d55e0000, 0x00007f01e4000000]
 total_blobs=2109 nmethods=1613 adapters=409
 compilation: enabled

Compilation events (10 events):
Event: 2,493 Thread 0x00007f01e40bd000 nmethod 1392 0x00007f01d55cb350 code [0x00007f01d55cb4a0, 0x00007f01d55cb5a8]
Event: 2,493 Thread 0x00007f01e40bd000 1386       4       org.apache.fontbox.type1.Type1Lexer::tryReadNumber (380 bytes)
Event: 2,496 Thread 0x00007f01e40c0000 nmethod 1534% 0x00007f01d55d26d0 code [0x00007f01d55d2cc0, 0x00007f01d55d6fb0]
Event: 2,496 Thread 0x00007f01e40c0000 1622       4       sun.misc.ProxyGenerator$ConstantPool$IndirectEntry::hashCode (15 bytes)
Event: 2,496 Thread 0x00007f01e40c0000 nmethod 1622 0x00007f01d55cb110 code [0x00007f01d55cb260, 0x00007f01d55cb2d8]
Event: 2,496 Thread 0x00007f01e40c0000 1602       4       java.io.ByteArrayOutputStream::<init> (7 bytes)
Event: 2,497 Thread 0x00007f01e40c0000 nmethod 1602 0x00007f01d55cae10 code [0x00007f01d55caf60, 0x00007f01d55cb058]
Event: 2,497 Thread 0x00007f01e40c0000 1411       4       org.apache.fontbox.type1.Token::<init> (15 bytes)
Event: 2,497 Thread 0x00007f01e40c0000 nmethod 1411 0x00007f01d55cabd0 code [0x00007f01d55cad20, 0x00007f01d55cad98]
Event: 2,526 Thread 0x00007f01e40bd000 nmethod 1386 0x00007f01d55cf250 code [0x00007f01d55cf580, 0x00007f01d55d0c80]

GC Heap History (6 events):
Event: 0,820 GC heap before
{Heap before GC invocations=1 (full 0):
 PSYoungGen      total 36864K, used 31744K [0x00000000d6f00000, 0x00000000d9800000, 0x0000000100000000)
  eden space 31744K, 100% used [0x00000000d6f00000,0x00000000d8e00000,0x00000000d8e00000)
  from space 5120K, 0% used [0x00000000d9300000,0x00000000d9300000,0x00000000d9800000)
  to   space 5120K, 0% used [0x00000000d8e00000,0x00000000d8e00000,0x00000000d9300000)
 ParOldGen       total 84992K, used 0K [0x0000000084c00000, 0x0000000089f00000, 0x00000000d6f00000)
  object space 84992K, 0% used [0x0000000084c00000,0x0000000084c00000,0x0000000089f00000)
 Metaspace       used 7135K, capacity 7404K, committed 7552K, reserved 1056768K
  class space    used 740K, capacity 830K, committed 896K, reserved 1048576K
Event: 0,830 GC heap after
Heap after GC invocations=1 (full 0):
 PSYoungGen      total 36864K, used 5092K [0x00000000d6f00000, 0x00000000db700000, 0x0000000100000000)
  eden space 31744K, 0% used [0x00000000d6f00000,0x00000000d6f00000,0x00000000d8e00000)
  from space 5120K, 99% used [0x00000000d8e00000,0x00000000d92f9350,0x00000000d9300000)
  to   space 5120K, 0% used [0x00000000db200000,0x00000000db200000,0x00000000db700000)
 ParOldGen       total 84992K, used 6217K [0x0000000084c00000, 0x0000000089f00000, 0x00000000d6f00000)
  object space 84992K, 7% used [0x0000000084c00000,0x0000000085212718,0x0000000089f00000)
 Metaspace       used 7135K, capacity 7404K, committed 7552K, reserved 1056768K
  class space    used 740K, capacity 830K, committed 896K, reserved 1048576K
}
Event: 1,059 GC heap before
{Heap before GC invocations=2 (full 0):
 PSYoungGen      total 36864K, used 35248K [0x00000000d6f00000, 0x00000000db700000, 0x0000000100000000)
  eden space 31744K, 94% used [0x00000000d6f00000,0x00000000d8c73088,0x00000000d8e00000)
  from space 5120K, 99% used [0x00000000d8e00000,0x00000000d92f9350,0x00000000d9300000)
  to   space 5120K, 0% used [0x00000000db200000,0x00000000db200000,0x00000000db700000)
 ParOldGen       total 84992K, used 6217K [0x0000000084c00000, 0x0000000089f00000, 0x00000000d6f00000)
  object space 84992K, 7% used [0x0000000084c00000,0x0000000085212718,0x0000000089f00000)
 Metaspace       used 7340K, capacity 7596K, committed 7808K, reserved 1056768K
  class space    used 754K, capacity 830K, committed 896K, reserved 1048576K
Event: 1,076 GC heap after
Heap after GC invocations=2 (full 0):
 PSYoungGen      total 68608K, used 5094K [0x00000000d6f00000, 0x00000000db700000, 0x0000000100000000)
  eden space 63488K, 0% used [0x00000000d6f00000,0x00000000d6f00000,0x00000000dad00000)
  from space 5120K, 99% used [0x00000000db200000,0x00000000db6f9a90,0x00000000db700000)
  to   space 5120K, 0% used [0x00000000dad00000,0x00000000dad00000,0x00000000db200000)
 ParOldGen       total 84992K, used 18301K [0x0000000084c00000, 0x0000000089f00000, 0x00000000d6f00000)
  object space 84992K, 21% used [0x0000000084c00000,0x0000000085ddf738,0x0000000089f00000)
 Metaspace       used 7340K, capacity 7596K, committed 7808K, reserved 1056768K
  class space    used 754K, capacity 830K, committed 896K, reserved 1048576K
}
Event: 2,248 GC heap before
{Heap before GC invocations=3 (full 0):
 PSYoungGen      total 68608K, used 68582K [0x00000000d6f00000, 0x00000000db700000, 0x0000000100000000)
  eden space 63488K, 100% used [0x00000000d6f00000,0x00000000dad00000,0x00000000dad00000)
  from space 5120K, 99% used [0x00000000db200000,0x00000000db6f9a90,0x00000000db700000)
  to   space 5120K, 0% used [0x00000000dad00000,0x00000000dad00000,0x00000000db200000)
 ParOldGen       total 84992K, used 18301K [0x0000000084c00000, 0x0000000089f00000, 0x00000000d6f00000)
  object space 84992K, 21% used [0x0000000084c00000,0x0000000085ddf738,0x0000000089f00000)
 Metaspace       used 10393K, capacity 10604K, committed 10624K, reserved 1058816K
  class space    used 1071K, capacity 1150K, committed 1152K, reserved 1048576K
Event: 2,277 GC heap after
Heap after GC invocations=3 (full 0):
 PSYoungGen      total 68608K, used 5094K [0x00000000d6f00000, 0x00000000df500000, 0x0000000100000000)
  eden space 63488K, 0% used [0x00000000d6f00000,0x00000000d6f00000,0x00000000dad00000)
  from space 5120K, 99% used [0x00000000dad00000,0x00000000db1f9a90,0x00000000db200000)
  to   space 5120K, 0% used [0x00000000df000000,0x00000000df000000,0x00000000df500000)
 ParOldGen       total 84992K, used 30719K [0x0000000084c00000, 0x0000000089f00000, 0x00000000d6f00000)
  object space 84992K, 36% used [0x0000000084c00000,0x00000000869ffdc8,0x0000000089f00000)
 Metaspace       used 10393K, capacity 10604K, committed 10624K, reserved 1058816K
  class space    used 1071K, capacity 1150K, committed 1152K, reserved 1048576K
}

Deoptimization events (10 events):
Event: 2,366 Thread 0x00007f01e400e800 Uncommon trap: reason=unstable_if action=reinterpret pc=0x00007f01d54147e8 method=java.util.StringTokenizer.skipDelimiters(I)I @ 64
Event: 2,366 Thread 0x00007f01e400e800 Uncommon trap: reason=unstable_if action=reinterpret pc=0x00007f01d5445468 method=java.util.StringTokenizer.scanToken(I)I @ 42
Event: 2,366 Thread 0x00007f01e400e800 Uncommon trap: reason=unstable_if action=reinterpret pc=0x00007f01d54211b8 method=java.util.StringTokenizer.scanToken(I)I @ 42
Event: 2,384 Thread 0x00007f01e400e800 Uncommon trap: reason=class_check action=maybe_recompile pc=0x00007f01d5509bd8 method=java.util.Arrays.copyOf([Ljava/lang/Object;ILjava/lang/Class;)[Ljava/lang/Object; @ 24
Event: 2,384 Thread 0x00007f01e400e800 Uncommon trap: reason=class_check action=maybe_recompile pc=0x00007f01d5509bd8 method=java.util.Arrays.copyOf([Ljava/lang/Object;ILjava/lang/Class;)[Ljava/lang/Object; @ 24
Event: 2,387 Thread 0x00007f01e400e800 Uncommon trap: reason=unstable_if action=reinterpret pc=0x00007f01d53e0e48 method=java.util.HashMap.getNode(ILjava/lang/Object;)Ljava/util/HashMap$Node; @ 62
Event: 2,388 Thread 0x00007f01e400e800 Uncommon trap: reason=bimorphic action=maybe_recompile pc=0x00007f01d550dc04 method=java.util.HashMap.putVal(ILjava/lang/Object;Ljava/lang/Object;ZZ)Ljava/lang/Object; @ 203
Event: 2,389 Thread 0x00007f01e400e800 Uncommon trap: reason=bimorphic action=maybe_recompile pc=0x00007f01d550dc04 method=java.util.HashMap.putVal(ILjava/lang/Object;Ljava/lang/Object;ZZ)Ljava/lang/Object; @ 203
Event: 2,394 Thread 0x00007f01e400e800 Uncommon trap: reason=bimorphic action=maybe_recompile pc=0x00007f01d550dc04 method=java.util.HashMap.putVal(ILjava/lang/Object;Ljava/lang/Object;ZZ)Ljava/lang/Object; @ 203
Event: 2,395 Thread 0x00007f01e400e800 Uncommon trap: reason=bimorphic action=maybe_recompile pc=0x00007f01d550dc04 method=java.util.HashMap.putVal(ILjava/lang/Object;Ljava/lang/Object;ZZ)Ljava/lang/Object; @ 203

Classes redefined (0 events):
No events

Internal exceptions (10 events):
Event: 0,159 Thread 0x00007f01e400e800 Exception <a 'java/security/PrivilegedActionException'> (0x00000000d7477cc8) thrown at [/HUDSON/workspace/8-2-build-linux-amd64/jdk8u221/13320/hotspot/src/share/vm/prims/jvm.cpp, line 1502]
Event: 0,159 Thread 0x00007f01e400e800 Exception <a 'java/security/PrivilegedActionException'> (0x00000000d7477ed8) thrown at [/HUDSON/workspace/8-2-build-linux-amd64/jdk8u221/13320/hotspot/src/share/vm/prims/jvm.cpp, line 1502]
Event: 0,232 Thread 0x00007f01e400e800 Exception <a 'java/io/FileNotFoundException'> (0x00000000d76a34f8) thrown at [/HUDSON/workspace/8-2-build-linux-amd64/jdk8u221/13320/hotspot/src/share/vm/prims/jni.cpp, line 710]
Event: 0,345 Thread 0x00007f01e400e800 Exception <a 'java/lang/NoSuchFieldError': method resolution failed> (0x00000000d78c3670) thrown at [/HUDSON/workspace/8-2-build-linux-amd64/jdk8u221/13320/hotspot/src/share/vm/prims/methodHandles.cpp, line 1167]
Event: 0,355 Thread 0x00007f01e400e800 Exception <a 'java/lang/NoSuchFieldError': method resolution failed> (0x00000000d78d0d60) thrown at [/HUDSON/workspace/8-2-build-linux-amd64/jdk8u221/13320/hotspot/src/share/vm/prims/methodHandles.cpp, line 1167]
Event: 0,391 Thread 0x00007f01e400e800 Exception <a 'java/io/FileNotFoundException'> (0x00000000d795e9b8) thrown at [/HUDSON/workspace/8-2-build-linux-amd64/jdk8u221/13320/hotspot/src/share/vm/prims/jni.cpp, line 710]
Event: 0,392 Thread 0x00007f01e400e800 Exception <a 'java/io/FileNotFoundException'> (0x00000000d795f4a0) thrown at [/HUDSON/workspace/8-2-build-linux-amd64/jdk8u221/13320/hotspot/src/share/vm/prims/jni.cpp, line 710]
Event: 1,302 Thread 0x00007f01e400e800 Implicit null exception at 0x00007f01d532331b to 0x00007f01d5323971
Event: 1,307 Thread 0x00007f01e400e800 Implicit null exception at 0x00007f01d52a1fef to 0x00007f01d52a2059
Event: 1,714 Thread 0x00007f01e400e800 Exception <a 'java/lang/NoSuchMethodError': org.slf4j.impl.StaticMDCBinder.getSingleton()Lorg/slf4j/impl/StaticMDCBinder;> (0x00000000d8cd2288) thrown at [/HUDSON/workspace/8-2-build-linux-amd64/jdk8u221/13320/hotspot/src/share/vm/interpreter/linkResolver

Events (10 events):
Event: 2,418 loading class com/sun/jna/NativeMappedConverter
Event: 2,418 loading class com/sun/jna/NativeMappedConverter done
Event: 2,419 loading class com/sun/jna/TypeConverter
Event: 2,419 loading class com/sun/jna/TypeConverter done
Event: 2,419 loading class com/sun/jna/Memory$SharedMemory
Event: 2,419 loading class com/sun/jna/Memory$SharedMemory done
Event: 2,420 loading class com/sun/jna/WeakIdentityHashMap
Event: 2,420 loading class com/sun/jna/WeakIdentityHashMap done
Event: 2,421 loading class com/sun/jna/NativeString
Event: 2,421 loading class com/sun/jna/NativeString done


Dynamic libraries:
00400000-00401000 r-xp 00000000 08:04 9704466                            /home/renan/Dev/SpringToolSuite/jre/bin/java
00600000-00601000 r--p 00000000 08:04 9704466                            /home/renan/Dev/SpringToolSuite/jre/bin/java
00601000-00602000 rw-p 00001000 08:04 9704466                            /home/renan/Dev/SpringToolSuite/jre/bin/java
01b43000-01b64000 rw-p 00000000 00:00 0                                  [heap]
84c00000-89f00000 rw-p 00000000 00:00 0 
89f00000-d6f00000 ---p 00000000 00:00 0 
d6f00000-df500000 rw-p 00000000 00:00 0 
df500000-100000000 ---p 00000000 00:00 0 
100000000-100140000 rw-p 00000000 00:00 0 
100140000-140000000 ---p 00000000 00:00 0 
7f018f7ef000-7f0190000000 rw-p 00000000 00:00 0 
7f0190000000-7f0190021000 rw-p 00000000 00:00 0 
7f0190021000-7f0194000000 ---p 00000000 00:00 0 
7f0194058000-7f0194355000 rw-p 00000000 00:00 0 
7f0196097000-7f01960a2000 r-xp 00000000 08:04 5775818                    /usr/lib/x86_64-linux-gnu/libjbig.so.0
7f01960a2000-7f01962a1000 ---p 0000b000 08:04 5775818                    /usr/lib/x86_64-linux-gnu/libjbig.so.0
7f01962a1000-7f01962a2000 r--p 0000a000 08:04 5775818                    /usr/lib/x86_64-linux-gnu/libjbig.so.0
7f01962a2000-7f01962a5000 rw-p 0000b000 08:04 5775818                    /usr/lib/x86_64-linux-gnu/libjbig.so.0
7f01962a5000-7f01962c9000 r-xp 00000000 08:04 3805973                    /lib/x86_64-linux-gnu/liblzma.so.5.2.2
7f01962c9000-7f01964c9000 ---p 00024000 08:04 3805973                    /lib/x86_64-linux-gnu/liblzma.so.5.2.2
7f01964c9000-7f01964ca000 r--p 00024000 08:04 3805973                    /lib/x86_64-linux-gnu/liblzma.so.5.2.2
7f01964ca000-7f01964cb000 rw-p 00025000 08:04 3805973                    /lib/x86_64-linux-gnu/liblzma.so.5.2.2
7f01964cb000-7f019651f000 r-xp 00000000 08:04 5777083                    /usr/lib/x86_64-linux-gnu/libopenjp2.so.2.3.0
7f019651f000-7f019671f000 ---p 00054000 08:04 5777083                    /usr/lib/x86_64-linux-gnu/libopenjp2.so.2.3.0
7f019671f000-7f0196720000 r--p 00054000 08:04 5777083                    /usr/lib/x86_64-linux-gnu/libopenjp2.so.2.3.0
7f0196720000-7f0196721000 rw-p 00055000 08:04 5777083                    /usr/lib/x86_64-linux-gnu/libopenjp2.so.2.3.0
7f0196721000-7f0196787000 r-xp 00000000 08:04 5776293                    /usr/lib/x86_64-linux-gnu/libwebp.so.6.0.2
7f0196787000-7f0196986000 ---p 00066000 08:04 5776293                    /usr/lib/x86_64-linux-gnu/libwebp.so.6.0.2
7f0196986000-7f0196987000 r--p 00065000 08:04 5776293                    /usr/lib/x86_64-linux-gnu/libwebp.so.6.0.2
7f0196987000-7f0196988000 rw-p 00066000 08:04 5776293                    /usr/lib/x86_64-linux-gnu/libwebp.so.6.0.2
7f0196988000-7f019698a000 rw-p 00000000 00:00 0 
7f019698a000-7f01969fd000 r-xp 00000000 08:04 5768519                    /usr/lib/x86_64-linux-gnu/libtiff.so.5.3.0
7f01969fd000-7f0196bfc000 ---p 00073000 08:04 5768519                    /usr/lib/x86_64-linux-gnu/libtiff.so.5.3.0
7f0196bfc000-7f0196c00000 r--p 00072000 08:04 5768519                    /usr/lib/x86_64-linux-gnu/libtiff.so.5.3.0
7f0196c00000-7f0196c01000 rw-p 00076000 08:04 5768519                    /usr/lib/x86_64-linux-gnu/libtiff.so.5.3.0
7f0196c01000-7f0196c09000 r-xp 00000000 08:04 5767806                    /usr/lib/x86_64-linux-gnu/libgif.so.7.0.0
7f0196c09000-7f0196e08000 ---p 00008000 08:04 5767806                    /usr/lib/x86_64-linux-gnu/libgif.so.7.0.0
7f0196e08000-7f0196e09000 r--p 00007000 08:04 5767806                    /usr/lib/x86_64-linux-gnu/libgif.so.7.0.0
7f0196e09000-7f0196e0a000 rw-p 00008000 08:04 5767806                    /usr/lib/x86_64-linux-gnu/libgif.so.7.0.0
7f0196e0a000-7f0196e71000 r-xp 00000000 08:04 5767634                    /usr/lib/x86_64-linux-gnu/libjpeg.so.8.1.2
7f0196e71000-7f0197070000 ---p 00067000 08:04 5767634                    /usr/lib/x86_64-linux-gnu/libjpeg.so.8.1.2
7f0197070000-7f0197071000 r--p 00066000 08:04 5767634                    /usr/lib/x86_64-linux-gnu/libjpeg.so.8.1.2
7f0197071000-7f0197072000 rw-p 00067000 08:04 5767634                    /usr/lib/x86_64-linux-gnu/libjpeg.so.8.1.2
7f0197072000-7f01970a3000 r-xp 00000000 08:04 5770173                    /usr/lib/x86_64-linux-gnu/libpng16.so.16.34.0
7f01970a3000-7f01972a2000 ---p 00031000 08:04 5770173                    /usr/lib/x86_64-linux-gnu/libpng16.so.16.34.0
7f01972a2000-7f01972a3000 r--p 00030000 08:04 5770173                    /usr/lib/x86_64-linux-gnu/libpng16.so.16.34.0
7f01972a3000-7f01972a4000 rw-p 00031000 08:04 5770173                    /usr/lib/x86_64-linux-gnu/libpng16.so.16.34.0
7f01972a4000-7f01972c0000 r-xp 00000000 08:04 3806085                    /lib/x86_64-linux-gnu/libz.so.1.2.11
7f01972c0000-7f01974bf000 ---p 0001c000 08:04 3806085                    /lib/x86_64-linux-gnu/libz.so.1.2.11
7f01974bf000-7f01974c0000 r--p 0001b000 08:04 3806085                    /lib/x86_64-linux-gnu/libz.so.1.2.11
7f01974c0000-7f01974c1000 rw-p 0001c000 08:04 3806085                    /lib/x86_64-linux-gnu/libz.so.1.2.11
7f01974c1000-7f019763a000 r-xp 00000000 08:04 5770127                    /usr/lib/x86_64-linux-gnu/libstdc++.so.6.0.25
7f019763a000-7f019783a000 ---p 00179000 08:04 5770127                    /usr/lib/x86_64-linux-gnu/libstdc++.so.6.0.25
7f019783a000-7f0197844000 r--p 00179000 08:04 5770127                    /usr/lib/x86_64-linux-gnu/libstdc++.so.6.0.25
7f0197844000-7f0197846000 rw-p 00183000 08:04 5770127                    /usr/lib/x86_64-linux-gnu/libstdc++.so.6.0.25
7f0197846000-7f019784a000 rw-p 00000000 00:00 0 
7f019784a000-7f0197b57000 r-xp 00000000 08:04 5774718                    /usr/lib/x86_64-linux-gnu/libtesseract.so.4.0.0
7f0197b57000-7f0197d56000 ---p 0030d000 08:04 5774718                    /usr/lib/x86_64-linux-gnu/libtesseract.so.4.0.0
7f0197d56000-7f0197d5b000 r--p 0030c000 08:04 5774718                    /usr/lib/x86_64-linux-gnu/libtesseract.so.4.0.0
7f0197d5b000-7f0197d5c000 rw-p 00311000 08:04 5774718                    /usr/lib/x86_64-linux-gnu/libtesseract.so.4.0.0
7f0197d5c000-7f0198000000 rw-p 00000000 00:00 0 
7f0198000000-7f0198021000 rw-p 00000000 00:00 0 
7f0198021000-7f019c000000 ---p 00000000 00:00 0 
7f019c000000-7f019c021000 rw-p 00000000 00:00 0 
7f019c021000-7f01a0000000 ---p 00000000 00:00 0 
7f01a0000000-7f01a07f1000 rw-p 00000000 00:00 0 
7f01a07f1000-7f01a4000000 ---p 00000000 00:00 0 
7f01a4000000-7f01a476f000 rw-p 00000000 00:00 0 
7f01a476f000-7f01a8000000 ---p 00000000 00:00 0 
7f01a8000000-7f01a8021000 rw-p 00000000 00:00 0 
7f01a8021000-7f01ac000000 ---p 00000000 00:00 0 
7f01ac000000-7f01acc59000 rw-p 00000000 00:00 0 
7f01acc59000-7f01b0000000 ---p 00000000 00:00 0 
7f01b0000000-7f01b0021000 rw-p 00000000 00:00 0 
7f01b0021000-7f01b4000000 ---p 00000000 00:00 0 
7f01b4000000-7f01b4021000 rw-p 00000000 00:00 0 
7f01b4021000-7f01b8000000 ---p 00000000 00:00 0 
7f01b8000000-7f01b8021000 rw-p 00000000 00:00 0 
7f01b8021000-7f01bc000000 ---p 00000000 00:00 0 
7f01bc000000-7f01bc021000 rw-p 00000000 00:00 0 
7f01bc021000-7f01c0000000 ---p 00000000 00:00 0 
7f01c0000000-7f01c0021000 rw-p 00000000 00:00 0 
7f01c0021000-7f01c4000000 ---p 00000000 00:00 0 
7f01c4044000-7f01c4072000 r-xp 00000000 08:04 5767447                    /usr/lib/x86_64-linux-gnu/libgomp.so.1.0.0
7f01c4072000-7f01c4271000 ---p 0002e000 08:04 5767447                    /usr/lib/x86_64-linux-gnu/libgomp.so.1.0.0
7f01c4271000-7f01c4272000 r--p 0002d000 08:04 5767447                    /usr/lib/x86_64-linux-gnu/libgomp.so.1.0.0
7f01c4272000-7f01c4273000 rw-p 0002e000 08:04 5767447                    /usr/lib/x86_64-linux-gnu/libgomp.so.1.0.0
7f01c4273000-7f01c44cf000 r-xp 00000000 08:04 5774716                    /usr/lib/x86_64-linux-gnu/liblept.so.5.0.2
7f01c44cf000-7f01c46ce000 ---p 0025c000 08:04 5774716                    /usr/lib/x86_64-linux-gnu/liblept.so.5.0.2
7f01c46ce000-7f01c46cf000 r--p 0025b000 08:04 5774716                    /usr/lib/x86_64-linux-gnu/liblept.so.5.0.2
7f01c46cf000-7f01c46d5000 rw-p 0025c000 08:04 5774716                    /usr/lib/x86_64-linux-gnu/liblept.so.5.0.2
7f01c46f0000-7f01c4707000 r-xp 00000000 08:04 8261208                    /tmp/jna-108399112/jna5861478714001225718.tmp (deleted)
7f01c4707000-7f01c4806000 ---p 00017000 08:04 8261208                    /tmp/jna-108399112/jna5861478714001225718.tmp (deleted)
7f01c4806000-7f01c4808000 rw-p 00016000 08:04 8261208                    /tmp/jna-108399112/jna5861478714001225718.tmp (deleted)
7f01c4808000-7f01c4888000 rw-p 00000000 00:00 0 
7f01c4888000-7f01c4a08000 ---p 00000000 00:00 0 
7f01c4a08000-7f01c4a32000 r-xp 00000000 08:04 9830587                    /home/renan/Dev/SpringToolSuite/jre/jre/lib/amd64/libdcpr.so
7f01c4a32000-7f01c4c31000 ---p 0002a000 08:04 9830587                    /home/renan/Dev/SpringToolSuite/jre/jre/lib/amd64/libdcpr.so
7f01c4c31000-7f01c4c32000 r--p 00029000 08:04 9830587                    /home/renan/Dev/SpringToolSuite/jre/jre/lib/amd64/libdcpr.so
7f01c4c32000-7f01c4c35000 rw-p 0002a000 08:04 9830587                    /home/renan/Dev/SpringToolSuite/jre/jre/lib/amd64/libdcpr.so
7f01c4c35000-7f01c4e35000 rw-p 00000000 00:00 0 
7f01c4e35000-7f01c4e4c000 r-xp 00000000 08:04 3801181                    /lib/x86_64-linux-gnu/libgcc_s.so.1
7f01c4e4c000-7f01c504b000 ---p 00017000 08:04 3801181                    /lib/x86_64-linux-gnu/libgcc_s.so.1
7f01c504b000-7f01c504c000 r--p 00016000 08:04 3801181                    /lib/x86_64-linux-gnu/libgcc_s.so.1
7f01c504c000-7f01c504d000 rw-p 00017000 08:04 3801181                    /lib/x86_64-linux-gnu/libgcc_s.so.1
7f01c5063000-7f01c5068000 r--s 000a3000 08:04 9704632                    /home/renan/Dev/SpringToolSuite/jre/jre/lib/jsse.jar
7f01c5068000-7f01c50c7000 r-xp 00000000 08:04 9830595                    /home/renan/Dev/SpringToolSuite/jre/jre/lib/amd64/libfontmanager.so
7f01c50c7000-7f01c52c7000 ---p 0005f000 08:04 9830595                    /home/renan/Dev/SpringToolSuite/jre/jre/lib/amd64/libfontmanager.so
7f01c52c7000-7f01c52ca000 r--p 0005f000 08:04 9830595                    /home/renan/Dev/SpringToolSuite/jre/jre/lib/amd64/libfontmanager.so
7f01c52ca000-7f01c52cb000 rw-p 00062000 08:04 9830595                    /home/renan/Dev/SpringToolSuite/jre/jre/lib/amd64/libfontmanager.so
7f01c52cb000-7f01c52ce000 ---p 00000000 00:00 0 
7f01c52ce000-7f01c53cc000 rw-p 00000000 00:00 0 
7f01c53cc000-7f01c543c000 r-xp 00000000 08:04 9830606                    /home/renan/Dev/SpringToolSuite/jre/jre/lib/amd64/liblcms.so
7f01c543c000-7f01c563c000 ---p 00070000 08:04 9830606                    /home/renan/Dev/SpringToolSuite/jre/jre/lib/amd64/liblcms.so
7f01c563c000-7f01c563e000 r--p 00070000 08:04 9830606                    /home/renan/Dev/SpringToolSuite/jre/jre/lib/amd64/liblcms.so
7f01c563e000-7f01c5641000 rw-p 00072000 08:04 9830606                    /home/renan/Dev/SpringToolSuite/jre/jre/lib/amd64/liblcms.so
7f01c5641000-7f01c5642000 rw-p 00000000 00:00 0 
7f01c5642000-7f01c5655000 r-xp 00000000 08:04 3805909                    /lib/x86_64-linux-gnu/libbsd.so.0.8.7
7f01c5655000-7f01c5854000 ---p 00013000 08:04 3805909                    /lib/x86_64-linux-gnu/libbsd.so.0.8.7
7f01c5854000-7f01c5855000 r--p 00012000 08:04 3805909                    /lib/x86_64-linux-gnu/libbsd.so.0.8.7
7f01c5855000-7f01c5856000 rw-p 00013000 08:04 3805909                    /lib/x86_64-linux-gnu/libbsd.so.0.8.7
7f01c5856000-7f01c5857000 rw-p 00000000 00:00 0 
7f01c5857000-7f01c585c000 r-xp 00000000 08:04 5775162                    /usr/lib/x86_64-linux-gnu/libXdmcp.so.6.0.0
7f01c585c000-7f01c5a5b000 ---p 00005000 08:04 5775162                    /usr/lib/x86_64-linux-gnu/libXdmcp.so.6.0.0
7f01c5a5b000-7f01c5a5c000 r--p 00004000 08:04 5775162                    /usr/lib/x86_64-linux-gnu/libXdmcp.so.6.0.0
7f01c5a5c000-7f01c5a5d000 rw-p 00005000 08:04 5775162                    /usr/lib/x86_64-linux-gnu/libXdmcp.so.6.0.0
7f01c5a5d000-7f01c5a5f000 r-xp 00000000 08:04 5775151                    /usr/lib/x86_64-linux-gnu/libXau.so.6.0.0
7f01c5a5f000-7f01c5c5f000 ---p 00002000 08:04 5775151                    /usr/lib/x86_64-linux-gnu/libXau.so.6.0.0
7f01c5c5f000-7f01c5c60000 r--p 00002000 08:04 5775151                    /usr/lib/x86_64-linux-gnu/libXau.so.6.0.0
7f01c5c60000-7f01c5c61000 rw-p 00003000 08:04 5775151                    /usr/lib/x86_64-linux-gnu/libXau.so.6.0.0
7f01c5c61000-7f01c5c87000 r-xp 00000000 08:04 5770169                    /usr/lib/x86_64-linux-gnu/libxcb.so.1.1.0
7f01c5c87000-7f01c5e87000 ---p 00026000 08:04 5770169                    /usr/lib/x86_64-linux-gnu/libxcb.so.1.1.0
7f01c5e87000-7f01c5e88000 r--p 00026000 08:04 5770169                    /usr/lib/x86_64-linux-gnu/libxcb.so.1.1.0
7f01c5e88000-7f01c5e89000 rw-p 00027000 08:04 5770169                    /usr/lib/x86_64-linux-gnu/libxcb.so.1.1.0
7f01c5e89000-7f01c5e98000 r-xp 00000000 08:04 5775172                    /usr/lib/x86_64-linux-gnu/libXi.so.6.1.0
7f01c5e98000-7f01c6097000 ---p 0000f000 08:04 5775172                    /usr/lib/x86_64-linux-gnu/libXi.so.6.1.0
7f01c6097000-7f01c6098000 r--p 0000e000 08:04 5775172                    /usr/lib/x86_64-linux-gnu/libXi.so.6.1.0
7f01c6098000-7f01c6099000 rw-p 0000f000 08:04 5775172                    /usr/lib/x86_64-linux-gnu/libXi.so.6.1.0
7f01c6099000-7f01c609e000 r-xp 00000000 08:04 5775190                    /usr/lib/x86_64-linux-gnu/libXtst.so.6.1.0
7f01c609e000-7f01c629d000 ---p 00005000 08:04 5775190                    /usr/lib/x86_64-linux-gnu/libXtst.so.6.1.0
7f01c629d000-7f01c629e000 r--p 00004000 08:04 5775190                    /usr/lib/x86_64-linux-gnu/libXtst.so.6.1.0
7f01c629e000-7f01c629f000 rw-p 00005000 08:04 5775190                    /usr/lib/x86_64-linux-gnu/libXtst.so.6.1.0
7f01c629f000-7f01c62a8000 r-xp 00000000 08:04 5775184                    /usr/lib/x86_64-linux-gnu/libXrender.so.1.3.0
7f01c62a8000-7f01c64a7000 ---p 00009000 08:04 5775184                    /usr/lib/x86_64-linux-gnu/libXrender.so.1.3.0
7f01c64a7000-7f01c64a8000 r--p 00008000 08:04 5775184                    /usr/lib/x86_64-linux-gnu/libXrender.so.1.3.0
7f01c64a8000-7f01c64a9000 rw-p 00009000 08:04 5775184                    /usr/lib/x86_64-linux-gnu/libXrender.so.1.3.0
7f01c64a9000-7f01c65dc000 r-xp 00000000 08:04 5770171                    /usr/lib/x86_64-linux-gnu/libX11.so.6.3.0
7f01c65dc000-7f01c67dc000 ---p 00133000 08:04 5770171                    /usr/lib/x86_64-linux-gnu/libX11.so.6.3.0
7f01c67dc000-7f01c67dd000 r--p 00133000 08:04 5770171                    /usr/lib/x86_64-linux-gnu/libX11.so.6.3.0
7f01c67dd000-7f01c67e1000 rw-p 00134000 08:04 5770171                    /usr/lib/x86_64-linux-gnu/libX11.so.6.3.0
7f01c67e1000-7f01c67f2000 r-xp 00000000 08:04 5775164                    /usr/lib/x86_64-linux-gnu/libXext.so.6.4.0
7f01c67f2000-7f01c69f1000 ---p 00011000 08:04 5775164                    /usr/lib/x86_64-linux-gnu/libXext.so.6.4.0
7f01c69f1000-7f01c69f2000 r--p 00010000 08:04 5775164                    /usr/lib/x86_64-linux-gnu/libXext.so.6.4.0
7f01c69f2000-7f01c69f3000 rw-p 00011000 08:04 5775164                    /usr/lib/x86_64-linux-gnu/libXext.so.6.4.0
7f01c69f6000-7f01c6a09000 r--s 00345000 08:04 9704624                    /home/renan/Dev/SpringToolSuite/jre/jre/lib/resources.jar
7f01c6a09000-7f01c6a0e000 r--s 002f9000 08:04 9704534                    /home/renan/Dev/SpringToolSuite/jre/jre/lib/charsets.jar
7f01c6a0e000-7f01c6a69000 r-xp 00000000 08:04 9830566                    /home/renan/Dev/SpringToolSuite/jre/jre/lib/amd64/libawt_xawt.so
7f01c6a69000-7f01c6c68000 ---p 0005b000 08:04 9830566                    /home/renan/Dev/SpringToolSuite/jre/jre/lib/amd64/libawt_xawt.so
7f01c6c68000-7f01c6c69000 r--p 0005a000 08:04 9830566                    /home/renan/Dev/SpringToolSuite/jre/jre/lib/amd64/libawt_xawt.so
7f01c6c69000-7f01c6c6c000 rw-p 0005b000 08:04 9830566                    /home/renan/Dev/SpringToolSuite/jre/jre/lib/amd64/libawt_xawt.so
7f01c6c6c000-7f01c6c6e000 rw-p 00000000 00:00 0 
7f01c6c6e000-7f01c6d0e000 r-xp 00000000 08:04 9830548                    /home/renan/Dev/SpringToolSuite/jre/jre/lib/amd64/libawt.so
7f01c6d0e000-7f01c6f0d000 ---p 000a0000 08:04 9830548                    /home/renan/Dev/SpringToolSuite/jre/jre/lib/amd64/libawt.so
7f01c6f0d000-7f01c6f0e000 r--p 0009f000 08:04 9830548                    /home/renan/Dev/SpringToolSuite/jre/jre/lib/amd64/libawt.so
7f01c6f0e000-7f01c6f19000 rw-p 000a0000 08:04 9830548                    /home/renan/Dev/SpringToolSuite/jre/jre/lib/amd64/libawt.so
7f01c6f19000-7f01c6f3e000 rw-p 00000000 00:00 0 
7f01c6f3e000-7f01c6f48000 r--s 00116000 08:04 9830503                    /home/renan/Dev/SpringToolSuite/jre/jre/lib/ext/localedata.jar
7f01c6f48000-7f01c6f64000 r--s 00393000 08:04 9830511                    /home/renan/Dev/SpringToolSuite/jre/jre/lib/ext/cldrdata.jar
7f01c6f64000-7f01c6f6b000 r--s 00000000 08:04 6032093                    /usr/lib/x86_64-linux-gnu/gconv/gconv-modules.cache
7f01c6f6b000-7f01c6f91000 r--p 00000000 08:04 7474530                    /usr/share/locale-langpack/pt_BR/LC_MESSAGES/libc.mo
7f01c6f91000-7f01c6f94000 r--s 07cb5000 08:04 8916180                    /home/renan/.m2/repository/com/asprise/ocr/java-ocr-api/15.3.0.3/java-ocr-api-15.3.0.3.jar
7f01c6f94000-7f01c6f99000 r--s 00036000 08:04 4467505                    /home/renan/.m2/repository/org/apache/pdfbox/pdfbox-debugger/2.0.9/pdfbox-debugger-2.0.9.jar
7f01c6f99000-7f01c6f9b000 r--s 00010000 08:04 4467503                    /home/renan/.m2/repository/org/apache/pdfbox/pdfbox-tools/2.0.9/pdfbox-tools-2.0.9.jar
7f01c6f9b000-7f01c6f9f000 r--s 00038000 08:04 4467501                    /home/renan/.m2/repository/org/apache/pdfbox/preflight/2.0.9/preflight-2.0.9.jar
7f01c6f9f000-7f01c6fa2000 r--s 0001e000 08:04 4467499                    /home/renan/.m2/repository/org/apache/pdfbox/xmpbox/2.0.9/xmpbox-2.0.9.jar
7f01c6fa2000-7f01c6fa4000 r--s 0000b000 08:04 4332174                    /home/renan/.m2/repository/org/apache/pdfbox/jempbox/1.8.14/jempbox-1.8.14.jar
7f01c6fa4000-7f01c6fab000 r--s 00175000 08:04 4332172                    /home/renan/.m2/repository/org/apache/pdfbox/fontbox/2.0.9/fontbox-2.0.9.jar
7f01c6fab000-7f01c6fb0000 r--s 00021000 08:04 8261024                    /home/renan/.m2/repository/org/seleniumhq/selenium/selenium-support/4.0.0-alpha-1/selenium-support-4.0.0-alpha-1.jar
7f01c6fb0000-7f01c6fb1000 r--s 00003000 08:04 8261022                    /home/renan/.m2/repository/org/seleniumhq/selenium/selenium-safari-driver/4.0.0-alpha-1/selenium-safari-driver-4.0.0-alpha-1.jar
7f01c6fb1000-7f01c6fb2000 r--s 00002000 08:04 8261020                    /home/renan/.m2/repository/org/seleniumhq/selenium/selenium-opera-driver/4.0.0-alpha-1/selenium-opera-driver-4.0.0-alpha-1.jar
7f01c6fb2000-7f01c6fb4000 r--s 00003000 08:04 8261018                    /home/renan/.m2/repository/org/seleniumhq/selenium/selenium-ie-driver/4.0.0-alpha-1/selenium-ie-driver-4.0.0-alpha-1.jar
7f01c6fb4000-7f01c6fb5000 r--s 0000d000 08:04 8261016                    /home/renan/.m2/repository/org/seleniumhq/selenium/selenium-firefox-driver/4.0.0-alpha-1/selenium-firefox-driver-4.0.0-alpha-1.jar
7f01c6fb5000-7f01c6fb7000 r--s 000b7000 08:04 8261015                    /home/renan/.m2/repository/org/seleniumhq/selenium/selenium-firefox-xpi-driver/4.0.0-alpha-1/selenium-firefox-xpi-driver-4.0.0-alpha-1.jar
7f01c6fb7000-7f01c6fb8000 r--s 00001000 08:04 8261012                    /home/renan/.m2/repository/org/seleniumhq/selenium/selenium-edge-driver/4.0.0-alpha-1/selenium-edge-driver-4.0.0-alpha-1.jar
7f01c6fb8000-7f01c6fba000 r--s 00015000 08:04 8261010                    /home/renan/.m2/repository/com/squareup/okio/okio/1.17.2/okio-1.17.2.jar
7f01c6fba000-7f01c6fbf000 r--s 00063000 08:04 8261008                    /home/renan/.m2/repository/com/squareup/okhttp3/okhttp/3.14.0/okhttp-3.14.0.jar
7f01c6fbf000-7f01c6fc0000 r--s 00000000 08:04 8261006                    /home/renan/.m2/repository/org/codehaus/mojo/animal-sniffer-annotations/1.17/animal-sniffer-annotations-1.17.jar
7f01c6fc0000-7f01c6fc2000 r--s 00001000 08:04 8261004                    /home/renan/.m2/repository/com/google/j2objc/j2objc-annotations/1.1/j2objc-annotations-1.1.jar
7f01c6fc2000-7f01c6fc4000 r--s 00002000 08:04 8260995                    /home/renan/.m2/repository/com/google/errorprone/error_prone_annotations/2.2.0/error_prone_annotations-2.2.0.jar
7f01c6fc4000-7f01c6fce000 r--s 00026000 08:04 8261026                    /home/renan/.m2/repository/org/checkerframework/checker-qual/2.5.2/checker-qual-2.5.2.jar
7f01c6fce000-7f01c6fd0000 r--s 00003000 08:04 8393535                    /home/renan/.m2/repository/com/google/code/findbugs/jsr305/3.0.2/jsr305-3.0.2.jar
7f01c6fd0000-7f01c6fd1000 r--s 00000000 08:04 9047421                    /home/renan/.m2/repository/com/google/guava/listenablefuture/9999.0-empty-to-avoid-conflict-with-guava/listenablefuture-9999.0-empty-to-avoid-conflict-with-guava.jar
7f01c6fd1000-7f01c6fd3000 r--s 00000000 08:04 9047415                    /home/renan/.m2/repository/com/google/guava/failureaccess/1.0.1/failureaccess-1.0.1.jar
7f01c6fd3000-7f01c7005000 r--s 0026d000 08:04 9047416                    /home/renan/.m2/repository/com/google/guava/guava/27.1-jre/guava-27.1-jre.jar
7f01c7005000-7f01c7007000 r--s 0000c000 08:04 8261002                    /home/renan/.m2/repository/org/apache/commons/commons-exec/1.3/commons-exec-1.3.jar
7f01c7007000-7f01c704e000 r--s 002da000 08:04 9178392                    /home/renan/.m2/repository/net/bytebuddy/byte-buddy/1.9.12/byte-buddy-1.9.12.jar
7f01c704e000-7f01c7053000 r--s 00027000 08:04 8260998                    /home/renan/.m2/repository/org/seleniumhq/selenium/selenium-api/4.0.0-alpha-1/selenium-api-4.0.0-alpha-1.jar
7f01c7053000-7f01c705a000 r--s 00054000 08:04 8260990                    /home/renan/.m2/repository/org/seleniumhq/selenium/selenium-remote-driver/4.0.0-alpha-1/selenium-remote-driver-4.0.0-alpha-1.jar
7f01c705a000-7f01c705c000 r--s 00003000 08:04 8260899                    /home/renan/.m2/repository/org/seleniumhq/selenium/selenium-chrome-driver/4.0.0-alpha-1/selenium-chrome-driver-4.0.0-alpha-1.jar
7f01c705c000-7f01c705e000 r--s 00004000 08:04 8260811                    /home/renan/.m2/repository/org/slf4j/log4j-over-slf4j/1.7.28/log4j-over-slf4j-1.7.28.jar
7f01c705e000-7f01c7060000 r--s 00003000 08:04 8260809                    /home/renan/.m2/repository/org/slf4j/jcl-over-slf4j/1.7.28/jcl-over-slf4j-1.7.28.jar
7f01c7060000-7f01c7062000 r--s 00000000 08:04 8260807                    /home/renan/.m2/repository/org/slf4j/jul-to-slf4j/1.7.28/jul-to-slf4j-1.7.28.jar
7f01c7062000-7f01c7064000 r--s 00009000 08:04 8522424                    /home/renan/.m2/repository/org/slf4j/slf4j-api/1.7.25/slf4j-api-1.7.25.jar
7f01c7064000-7f01c706f000 r--s 00069000 08:04 8522396                    /home/renan/.m2/repository/ch/qos/logback/logback-core/1.2.3/logback-core-1.2.3.jar
7f01c706f000-7f01c7075000 r--s 00041000 08:04 8522394                    /home/renan/.m2/repository/ch/qos/logback/logback-classic/1.2.3/logback-classic-1.2.3.jar
7f01c7075000-7f01c7079000 r--s 00020000 08:04 8786424                    /home/renan/.m2/repository/org/jboss/jboss-vfs/3.2.14.Final/jboss-vfs-3.2.14.Final.jar
7f01c7079000-7f01c707e000 r--s 0034f000 08:04 4849813                    /home/renan/.m2/repository/net/sourceforge/lept4j/lept4j/1.12.3/lept4j-1.12.3.jar
7f01c707e000-7f01c7082000 r--s 00031000 08:04 9441031                    /home/renan/.m2/repository/commons-io/commons-io/2.6/commons-io-2.6.jar
7f01c7082000-7f01c7086000 r--s 00022000 08:04 4849811                    /home/renan/.m2/repository/org/apache/pdfbox/jbig2-imageio/3.0.2/jbig2-imageio-3.0.2.jar
7f01c7086000-7f01c7092000 r--s 00108000 08:04 10358163                   /home/renan/.m2/repository/com/lowagie/itext/2.1.7/itext-2.1.7.jar
7f01c7092000-7f01c709c000 r--s 00081000 08:04 4849809                    /home/renan/.m2/repository/org/apache/xmlgraphics/xmlgraphics-commons/1.4/xmlgraphics-commons-1.4.jar
7f01c709c000-7f01c712c000 r--s 00843000 08:04 10624667                   /home/renan/Dev/PdfBox/pdfbox-app-2.0.17.jar
7f01c712c000-7f01c712d000 ---p 00000000 00:00 0 
7f01c712d000-7f01c722d000 rw-p 00000000 00:00 0 
7f01c722d000-7f01c7230000 ---p 00000000 00:00 0 
7f01c7230000-7f01c732e000 rw-p 00000000 00:00 0 
7f01c732e000-7f01c732f000 ---p 00000000 00:00 0 
7f01c732f000-7f01c7332000 ---p 00000000 00:00 0 
7f01c7332000-7f01c742f000 rw-p 00000000 00:00 0 
7f01c742f000-7f01c7430000 ---p 00000000 00:00 0 
7f01c7430000-7f01c7433000 ---p 00000000 00:00 0 
7f01c7433000-7f01c7530000 rw-p 00000000 00:00 0 
7f01c7530000-7f01c7531000 ---p 00000000 00:00 0 
7f01c7531000-7f01c7534000 ---p 00000000 00:00 0 
7f01c7534000-7f01c7631000 rw-p 00000000 00:00 0 
7f01c7631000-7f01c8000000 r--p 00000000 08:04 5774039                    /usr/lib/locale/locale-archive
7f01c8000000-7f01c8021000 rw-p 00000000 00:00 0 
7f01c8021000-7f01cc000000 ---p 00000000 00:00 0 
7f01cc000000-7f01cc002000 r--s 0000c000 08:04 8916171                    /home/renan/.m2/repository/org/jboss/logging/jboss-logging/3.1.4.GA/jboss-logging-3.1.4.GA.jar
7f01cc002000-7f01cc010000 r--s 0007f000 08:04 9440212                    /home/renan/.m2/repository/commons-collections/commons-collections/3.2.1/commons-collections-3.2.1.jar
7f01cc010000-7f01cc015000 r--s 00035000 08:04 9047391                    /home/renan/.m2/repository/commons-beanutils/commons-beanutils/1.9.2/commons-beanutils-1.9.2.jar
7f01cc015000-7f01cc01e000 r--s 0006f000 08:04 7609090                    /home/renan/.m2/repository/log4j/log4j/1.2.17/log4j-1.2.17.jar
7f01cc01e000-7f01cc023000 r--s 00028000 08:04 8132139                    /home/renan/.m2/repository/org/ghost4j/ghost4j/1.0.1/ghost4j-1.0.1.jar
7f01cc023000-7f01cc02e000 r--s 0008f000 08:04 8655681                    /home/renan/.m2/repository/com/github/jai-imageio/jai-imageio-core/1.4.0/jai-imageio-core-1.4.0.jar
7f01cc02e000-7f01cc032000 r--s 0016c000 08:04 7999245                    /home/renan/.m2/repository/net/java/dev/jna/jna/5.4.0/jna-5.4.0.jar
7f01cc032000-7f01cc035000 r--s 0083f000 08:04 4849807                    /home/renan/.m2/repository/net/sourceforge/tess4j/tess4j/4.4.1/tess4j-4.4.1.jar
7f01cc035000-7f01cc037000 r--s 0000e000 08:04 8391790                    /home/renan/.m2/repository/commons-logging/commons-logging/1.2/commons-logging-1.2.jar
7f01cc037000-7f01cc04d000 r--s 00250000 08:04 4332170                    /home/renan/.m2/repository/org/apache/pdfbox/pdfbox/2.0.9/pdfbox-2.0.9.jar
7f01cc04d000-7f01cc05e000 r--s 0032c000 08:04 7608892                    /home/renan/Dev/AspriseJavaPDF.jar
7f01cc05e000-7f01cc061000 ---p 00000000 00:00 0 
7f01cc061000-7f01cc15f000 rw-p 00000000 00:00 0 
7f01cc15f000-7f01cc162000 ---p 00000000 00:00 0 
7f01cc162000-7f01d0000000 rw-p 00000000 00:00 0 
7f01d0000000-7f01d0021000 rw-p 00000000 00:00 0 
7f01d0021000-7f01d4000000 ---p 00000000 00:00 0 
7f01d4000000-7f01d4006000 r--s 00041000 08:04 8132622                    /home/renan/Dev/Tess4J/lib/logback-classic-1.2.3.jar
7f01d4006000-7f01d4008000 r--s 00004000 08:04 8132621                    /home/renan/Dev/Tess4J/lib/log4j-over-slf4j-1.7.25.jar
7f01d4008000-7f01d4011000 r--s 0006f000 08:04 8132620                    /home/renan/Dev/Tess4J/lib/log4j-1.2.17.jar
7f01d4011000-7f01d4016000 r--s 006b2000 08:04 8132619                    /home/renan/Dev/Tess4J/lib/lept4j-1.6.4.jar
7f01d4016000-7f01d401e000 r--s 00046000 08:04 8132618                    /home/renan/Dev/Tess4J/lib/junit-4.12.jar
7f01d401e000-7f01d4020000 r--s 00000000 08:04 8132617                    /home/renan/Dev/Tess4J/lib/jul-to-slf4j-1.7.25.jar
7f01d4020000-7f01d4024000 r--s 000dc000 08:04 8132616                    /home/renan/Dev/Tess4J/lib/jna-4.1.0.jar
7f01d4024000-7f01d4026000 r--s 00003000 08:04 8132615                    /home/renan/Dev/Tess4J/lib/jcl-over-slf4j-1.7.25.jar
7f01d4026000-7f01d402a000 r--s 00020000 08:04 8132614                    /home/renan/Dev/Tess4J/lib/jboss-vfs-3.2.12.Final.jar
7f01d402a000-7f01d402e000 r--s 00022000 08:04 8132613                    /home/renan/Dev/Tess4J/lib/jbig2-imageio-3.0.0.jar
7f01d402e000-7f01d4039000 r--s 0008f000 08:04 8132612                    /home/renan/Dev/Tess4J/lib/jai-imageio-core-1.4.0.jar
7f01d4039000-7f01d4045000 r--s 00108000 08:04 8132611                    /home/renan/Dev/Tess4J/lib/itext-2.1.7.jar
7f01d4045000-7f01d4047000 r--s 0000a000 08:04 8132610                    /home/renan/Dev/Tess4J/lib/hamcrest-core-1.3.jar
7f01d4047000-7f01d404c000 r--s 00028000 08:04 8132609                    /home/renan/Dev/Tess4J/lib/ghost4j-1.0.1.jar
7f01d404c000-7f01d4053000 r--s 00175000 08:04 8132608                    /home/renan/Dev/Tess4J/lib/fontbox-2.0.9.jar
7f01d4053000-7f01d4057000 r--s 00031000 08:04 8132606                    /home/renan/Dev/Tess4J/lib/commons-io-2.6.jar
7f01d4057000-7f01d4061000 r--s 00089000 08:04 8132630                    /home/renan/Dev/Tess4J/lib/xmlgraphics-commons-1.5.jar
7f01d4061000-7f01d4077000 r--s 00250000 08:04 8132625                    /home/renan/Dev/Tess4J/lib/pdfbox-2.0.9.jar
7f01d4077000-7f01d408e000 r--s 0027a000 08:04 10624673                   /home/renan/Dev/PdfBox/pdfbox-2.0.17.jar
7f01d408e000-7f01d4091000 ---p 00000000 00:00 0 
7f01d4091000-7f01d418f000 rw-p 00000000 00:00 0 
7f01d418f000-7f01d4190000 ---p 00000000 00:00 0 
7f01d4190000-7f01d5000000 rw-p 00000000 00:00 0 
7f01d5000000-7f01d55e0000 rwxp 00000000 00:00 0 
7f01d55e0000-7f01e4000000 ---p 00000000 00:00 0 
7f01e4000000-7f01e5bf6000 rw-p 00000000 00:00 0 
7f01e5bf6000-7f01e8000000 ---p 00000000 00:00 0 
7f01e8000000-7f01e8273000 rw-p 00000000 00:00 0 
7f01e8273000-7f01e844d000 r--s 03d88000 08:04 9704535                    /home/renan/Dev/SpringToolSuite/jre/jre/lib/rt.jar
7f01e844d000-7f01e909d000 rw-p 00000000 00:00 0 
7f01e909d000-7f01e909e000 ---p 00000000 00:00 0 
7f01e909e000-7f01e919e000 rw-p 00000000 00:00 0 
7f01e919e000-7f01e919f000 ---p 00000000 00:00 0 
7f01e919f000-7f01e929f000 rw-p 00000000 00:00 0 
7f01e929f000-7f01e92a0000 ---p 00000000 00:00 0 
7f01e92a0000-7f01e93a0000 rw-p 00000000 00:00 0 
7f01e93a0000-7f01e93a1000 ---p 00000000 00:00 0 
7f01e93a1000-7f01e94cb000 rw-p 00000000 00:00 0 
7f01e94cb000-7f01e9733000 ---p 00000000 00:00 0 
7f01e9733000-7f01e975d000 rw-p 00000000 00:00 0 
7f01e975d000-7f01e99c4000 ---p 00000000 00:00 0 
7f01e99c4000-7f01e9a08000 rw-p 00000000 00:00 0 
7f01e9a08000-7f01e9b0d000 ---p 00000000 00:00 0 
7f01e9b0d000-7f01e9b26000 rw-p 00000000 00:00 0 
7f01e9b26000-7f01e9ece000 ---p 00000000 00:00 0 
7f01e9ece000-7f01e9ee9000 r-xp 00000000 08:04 9830565                    /home/renan/Dev/SpringToolSuite/jre/jre/lib/amd64/libzip.so
7f01e9ee9000-7f01ea0e8000 ---p 0001b000 08:04 9830565                    /home/renan/Dev/SpringToolSuite/jre/jre/lib/amd64/libzip.so
7f01ea0e8000-7f01ea0e9000 r--p 0001a000 08:04 9830565                    /home/renan/Dev/SpringToolSuite/jre/jre/lib/amd64/libzip.so
7f01ea0e9000-7f01ea0ea000 rw-p 0001b000 08:04 9830565                    /home/renan/Dev/SpringToolSuite/jre/jre/lib/amd64/libzip.so
7f01ea0ea000-7f01ea0f5000 r-xp 00000000 08:04 3806003                    /lib/x86_64-linux-gnu/libnss_files-2.27.so
7f01ea0f5000-7f01ea2f4000 ---p 0000b000 08:04 3806003                    /lib/x86_64-linux-gnu/libnss_files-2.27.so
7f01ea2f4000-7f01ea2f5000 r--p 0000a000 08:04 3806003                    /lib/x86_64-linux-gnu/libnss_files-2.27.so
7f01ea2f5000-7f01ea2f6000 rw-p 0000b000 08:04 3806003                    /lib/x86_64-linux-gnu/libnss_files-2.27.so
7f01ea2f6000-7f01ea2fc000 rw-p 00000000 00:00 0 
7f01ea2fc000-7f01ea313000 r-xp 00000000 08:04 3805997                    /lib/x86_64-linux-gnu/libnsl-2.27.so
7f01ea313000-7f01ea512000 ---p 00017000 08:04 3805997                    /lib/x86_64-linux-gnu/libnsl-2.27.so
7f01ea512000-7f01ea513000 r--p 00016000 08:04 3805997                    /lib/x86_64-linux-gnu/libnsl-2.27.so
7f01ea513000-7f01ea514000 rw-p 00017000 08:04 3805997                    /lib/x86_64-linux-gnu/libnsl-2.27.so
7f01ea514000-7f01ea516000 rw-p 00000000 00:00 0 
7f01ea516000-7f01ea521000 r-xp 00000000 08:04 3806014                    /lib/x86_64-linux-gnu/libnss_nis-2.27.so
7f01ea521000-7f01ea720000 ---p 0000b000 08:04 3806014                    /lib/x86_64-linux-gnu/libnss_nis-2.27.so
7f01ea720000-7f01ea721000 r--p 0000a000 08:04 3806014                    /lib/x86_64-linux-gnu/libnss_nis-2.27.so
7f01ea721000-7f01ea722000 rw-p 0000b000 08:04 3806014                    /lib/x86_64-linux-gnu/libnss_nis-2.27.so
7f01ea722000-7f01ea72a000 r-xp 00000000 08:04 3805999                    /lib/x86_64-linux-gnu/libnss_compat-2.27.so
7f01ea72a000-7f01ea92a000 ---p 00008000 08:04 3805999                    /lib/x86_64-linux-gnu/libnss_compat-2.27.so
7f01ea92a000-7f01ea92b000 r--p 00008000 08:04 3805999                    /lib/x86_64-linux-gnu/libnss_compat-2.27.so
7f01ea92b000-7f01ea92c000 rw-p 00009000 08:04 3805999                    /lib/x86_64-linux-gnu/libnss_compat-2.27.so
7f01ea92c000-7f01ea958000 r-xp 00000000 08:04 9830556                    /home/renan/Dev/SpringToolSuite/jre/jre/lib/amd64/libjava.so
7f01ea958000-7f01eab58000 ---p 0002c000 08:04 9830556                    /home/renan/Dev/SpringToolSuite/jre/jre/lib/amd64/libjava.so
7f01eab58000-7f01eab59000 r--p 0002c000 08:04 9830556                    /home/renan/Dev/SpringToolSuite/jre/jre/lib/amd64/libjava.so
7f01eab59000-7f01eab5b000 rw-p 0002d000 08:04 9830556                    /home/renan/Dev/SpringToolSuite/jre/jre/lib/amd64/libjava.so
7f01eab5b000-7f01eab68000 r-xp 00000000 08:04 9830547                    /home/renan/Dev/SpringToolSuite/jre/jre/lib/amd64/libverify.so
7f01eab68000-7f01ead67000 ---p 0000d000 08:04 9830547                    /home/renan/Dev/SpringToolSuite/jre/jre/lib/amd64/libverify.so
7f01ead67000-7f01ead69000 r--p 0000c000 08:04 9830547                    /home/renan/Dev/SpringToolSuite/jre/jre/lib/amd64/libverify.so
7f01ead69000-7f01ead6a000 rw-p 0000e000 08:04 9830547                    /home/renan/Dev/SpringToolSuite/jre/jre/lib/amd64/libverify.so
7f01ead6a000-7f01ead71000 r-xp 00000000 08:04 3806054                    /lib/x86_64-linux-gnu/librt-2.27.so
7f01ead71000-7f01eaf70000 ---p 00007000 08:04 3806054                    /lib/x86_64-linux-gnu/librt-2.27.so
7f01eaf70000-7f01eaf71000 r--p 00006000 08:04 3806054                    /lib/x86_64-linux-gnu/librt-2.27.so
7f01eaf71000-7f01eaf72000 rw-p 00007000 08:04 3806054                    /lib/x86_64-linux-gnu/librt-2.27.so
7f01eaf72000-7f01eb10f000 r-xp 00000000 08:04 3805976                    /lib/x86_64-linux-gnu/libm-2.27.so
7f01eb10f000-7f01eb30e000 ---p 0019d000 08:04 3805976                    /lib/x86_64-linux-gnu/libm-2.27.so
7f01eb30e000-7f01eb30f000 r--p 0019c000 08:04 3805976                    /lib/x86_64-linux-gnu/libm-2.27.so
7f01eb30f000-7f01eb310000 rw-p 0019d000 08:04 3805976                    /lib/x86_64-linux-gnu/libm-2.27.so
7f01eb310000-7f01ebff8000 r-xp 00000000 08:04 9830563                    /home/renan/Dev/SpringToolSuite/jre/jre/lib/amd64/server/libjvm.so
7f01ebff8000-7f01ec1f7000 ---p 00ce8000 08:04 9830563                    /home/renan/Dev/SpringToolSuite/jre/jre/lib/amd64/server/libjvm.so
7f01ec1f7000-7f01ec28d000 r--p 00ce7000 08:04 9830563                    /home/renan/Dev/SpringToolSuite/jre/jre/lib/amd64/server/libjvm.so
7f01ec28d000-7f01ec2be000 rw-p 00d7d000 08:04 9830563                    /home/renan/Dev/SpringToolSuite/jre/jre/lib/amd64/server/libjvm.so
7f01ec2be000-7f01ec2f9000 rw-p 00000000 00:00 0 
7f01ec2f9000-7f01ec4e0000 r-xp 00000000 08:04 3805913                    /lib/x86_64-linux-gnu/libc-2.27.so
7f01ec4e0000-7f01ec6e0000 ---p 001e7000 08:04 3805913                    /lib/x86_64-linux-gnu/libc-2.27.so
7f01ec6e0000-7f01ec6e4000 r--p 001e7000 08:04 3805913                    /lib/x86_64-linux-gnu/libc-2.27.so
7f01ec6e4000-7f01ec6e6000 rw-p 001eb000 08:04 3805913                    /lib/x86_64-linux-gnu/libc-2.27.so
7f01ec6e6000-7f01ec6ea000 rw-p 00000000 00:00 0 
7f01ec6ea000-7f01ec6ed000 r-xp 00000000 08:04 3805936                    /lib/x86_64-linux-gnu/libdl-2.27.so
7f01ec6ed000-7f01ec8ec000 ---p 00003000 08:04 3805936                    /lib/x86_64-linux-gnu/libdl-2.27.so
7f01ec8ec000-7f01ec8ed000 r--p 00002000 08:04 3805936                    /lib/x86_64-linux-gnu/libdl-2.27.so
7f01ec8ed000-7f01ec8ee000 rw-p 00003000 08:04 3805936                    /lib/x86_64-linux-gnu/libdl-2.27.so
7f01ec8ee000-7f01ec905000 r-xp 00000000 08:04 9831214                    /home/renan/Dev/SpringToolSuite/jre/lib/amd64/jli/libjli.so
7f01ec905000-7f01ecb04000 ---p 00017000 08:04 9831214                    /home/renan/Dev/SpringToolSuite/jre/lib/amd64/jli/libjli.so
7f01ecb04000-7f01ecb05000 r--p 00016000 08:04 9831214                    /home/renan/Dev/SpringToolSuite/jre/lib/amd64/jli/libjli.so
7f01ecb05000-7f01ecb06000 rw-p 00017000 08:04 9831214                    /home/renan/Dev/SpringToolSuite/jre/lib/amd64/jli/libjli.so
7f01ecb06000-7f01ecb20000 r-xp 00000000 08:04 3806046                    /lib/x86_64-linux-gnu/libpthread-2.27.so
7f01ecb20000-7f01ecd1f000 ---p 0001a000 08:04 3806046                    /lib/x86_64-linux-gnu/libpthread-2.27.so
7f01ecd1f000-7f01ecd20000 r--p 00019000 08:04 3806046                    /lib/x86_64-linux-gnu/libpthread-2.27.so
7f01ecd20000-7f01ecd21000 rw-p 0001a000 08:04 3806046                    /lib/x86_64-linux-gnu/libpthread-2.27.so
7f01ecd21000-7f01ecd25000 rw-p 00000000 00:00 0 
7f01ecd25000-7f01ecd4c000 r-xp 00000000 08:04 3805885                    /lib/x86_64-linux-gnu/ld-2.27.so
7f01ecd4c000-7f01ecd4d000 r--s 00000000 08:04 8260994                    /home/renan/.m2/repository/org/seleniumhq/selenium/selenium-java/4.0.0-alpha-1/selenium-java-4.0.0-alpha-1.jar
7f01ecd4d000-7f01ecd4f000 r--s 0000e000 08:04 8132607                    /home/renan/Dev/Tess4J/lib/commons-logging-1.2.jar
7f01ecd4f000-7f01ecd54000 r--s 00035000 08:04 8132605                    /home/renan/Dev/Tess4J/lib/commons-beanutils-1.9.2.jar
7f01ecd54000-7f01ecd56000 r--s 00009000 08:04 8132627                    /home/renan/Dev/Tess4J/lib/slf4j-api-1.7.25.jar
7f01ecd56000-7f01ecd61000 r--s 00069000 08:04 8132623                    /home/renan/Dev/Tess4J/lib/logback-core-1.2.3.jar
7f01ecd61000-7f01ece2c000 rw-p 00000000 00:00 0 
7f01ece2c000-7f01ece2d000 ---p 00000000 00:00 0 
7f01ece2d000-7f01ece30000 ---p 00000000 00:00 0 
7f01ece30000-7f01ecf31000 rw-p 00000000 00:00 0 
7f01ecf31000-7f01ecf33000 r--s 00010000 08:04 8132626                    /home/renan/Dev/Tess4J/lib/pdfbox-tools-2.0.9.jar
7f01ecf33000-7f01ecf36000 r--s 0001e000 08:04 10624682                   /home/renan/Dev/PdfBox/xmpbox-2.0.17.jar
7f01ecf36000-7f01ecf3b000 r--s 00038000 08:04 10624679                   /home/renan/Dev/PdfBox/preflight-2.0.17.jar
7f01ecf3b000-7f01ecf42000 r--s 00176000 08:04 10624664                   /home/renan/Dev/PdfBox/fontbox-2.0.17.jar
7f01ecf42000-7f01ecf4a000 rw-s 00000000 08:04 7999234                    /tmp/hsperfdata_renan/27188
7f01ecf4a000-7f01ecf4b000 rw-p 00000000 00:00 0 
7f01ecf4b000-7f01ecf4c000 r--p 00000000 00:00 0 
7f01ecf4c000-7f01ecf4d000 r--p 00027000 08:04 3805885                    /lib/x86_64-linux-gnu/ld-2.27.so
7f01ecf4d000-7f01ecf4e000 rw-p 00028000 08:04 3805885                    /lib/x86_64-linux-gnu/ld-2.27.so
7f01ecf4e000-7f01ecf4f000 rw-p 00000000 00:00 0 
7ffca7c98000-7ffca7cbb000 rw-p 00000000 00:00 0                          [stack]
7ffca7d52000-7ffca7d55000 r--p 00000000 00:00 0                          [vvar]
7ffca7d55000-7ffca7d56000 r-xp 00000000 00:00 0                          [vdso]
ffffffffff600000-ffffffffff601000 r-xp 00000000 00:00 0                  [vsyscall]

VM Arguments:
jvm_args: -Dfile.encoding=UTF-8 
java_command: br.com.cesupa.main.Main
java_class_path (initial): /home/renan/Dev/SpringToolSuite/cesupaWorkspace/PdfReader/target/classes:/home/renan/Dev/PdfBox/fontbox-2.0.17.jar:/home/renan/Dev/PdfBox/pdfbox-2.0.17.jar:/home/renan/Dev/PdfBox/pdfbox-app-2.0.17.jar:/home/renan/Dev/PdfBox/preflight-2.0.17.jar:/home/renan/Dev/PdfBox/xmpbox-2.0.17.jar:/home/renan/Dev/Tess4J/lib/logback-core-1.2.3.jar:/home/renan/Dev/Tess4J/lib/pdfbox-2.0.9.jar:/home/renan/Dev/Tess4J/lib/pdfbox-tools-2.0.9.jar:/home/renan/Dev/Tess4J/lib/slf4j-api-1.7.25.jar:/home/renan/Dev/Tess4J/lib/xmlgraphics-commons-1.5.jar:/home/renan/Dev/Tess4J/lib/commons-beanutils-1.9.2.jar:/home/renan/Dev/Tess4J/lib/commons-io-2.6.jar:/home/renan/Dev/Tess4J/lib/commons-logging-1.2.jar:/home/renan/Dev/Tess4J/lib/fontbox-2.0.9.jar:/home/renan/Dev/Tess4J/lib/ghost4j-1.0.1.jar:/home/renan/Dev/Tess4J/lib/hamcrest-core-1.3.jar:/home/renan/Dev/Tess4J/lib/itext-2.1.7.jar:/home/renan/Dev/Tess4J/lib/jai-imageio-core-1.4.0.jar:/home/renan/Dev/Tess4J/lib/jbig2-imageio-3.0.0.jar:/home/renan/Dev/Tess4J/lib/jboss-vfs-3.2.12.Final.jar:/home/renan/Dev/Tess4J/lib/jcl-over-slf4j-1.7.25.jar:/home/renan/Dev/Tess4J/lib/jna-4.1.0.jar:/home/renan/Dev/Tess4J/lib/jul-to-slf4j-1.7.25.jar:/home/renan/Dev/Tess4J/lib/junit-4.12.jar:/home/renan/Dev/Tess4J/lib/lept4j-1.6.4.jar:/home/renan/Dev/Tess4J/lib/log4j-1.2.17.jar:/home/renan/Dev/Tess4J/lib/log4j-over-slf4j-1.7.25.jar:/home/renan/Dev/Tess4J/lib/logback-classic-1.2.3.jar:/home/renan/Dev/AspriseJavaPDF.jar:/home/renan/.m2/repository/org/apache/pdfbox/pdfbox/2.0.9/pdfbox-2.0.9.jar:/home/renan/.m2/repository/commons-logging/commons-logging/1.2/commons-logging-1.2.jar:/home/renan/.m2/repository/net/sourceforge/tess4j/tess4j/4.4.1/tess4j-4.4.1.jar:/home/renan/.m2/repository/net/java/dev/jna/jna/5.4.0/jna-5.4.0.jar:/home/renan/.m2/repository/com/github/jai-imageio/jai-imageio-core/1.4.0/jai-imageio-core-1.4.0.jar:/home/renan/.m2/repository/org/ghost4j/ghost4j/1.0.1/ghost4j-1.0.1.jar:/home/renan/.m2/repository/log4j/log4j/1.2.17/
Launcher Type: SUN_STANDARD

Environment Variables:
JAVA_HOME=/usr/jdk1.8.0_221
PATH=/home/renan/.local/bin:/usr/local/sbin:/usr/local/bin:/usr/sbin:/usr/bin:/sbin:/bin:/usr/games:/usr/local/games:/snap/bin
USERNAME=renan
SHELL=/bin/bash
DISPLAY=:0

Signal Handlers:
SIGSEGV: [libjvm.so+0xad3d90], sa_mask[0]=11111111011111111101111111111110, sa_flags=SA_RESTART|SA_SIGINFO
SIGBUS: [libjvm.so+0xad3d90], sa_mask[0]=11111111011111111101111111111110, sa_flags=SA_RESTART|SA_SIGINFO
SIGFPE: [libjvm.so+0x90b8b0], sa_mask[0]=11111111011111111101111111111110, sa_flags=SA_RESTART|SA_SIGINFO
SIGPIPE: [libjvm.so+0x90b8b0], sa_mask[0]=11111111011111111101111111111110, sa_flags=SA_RESTART|SA_SIGINFO
SIGXFSZ: [libjvm.so+0x90b8b0], sa_mask[0]=11111111011111111101111111111110, sa_flags=SA_RESTART|SA_SIGINFO
SIGILL: [libjvm.so+0x90b8b0], sa_mask[0]=11111111011111111101111111111110, sa_flags=SA_RESTART|SA_SIGINFO
SIGUSR1: SIG_DFL, sa_mask[0]=00000000000000000000000000000000, sa_flags=none
SIGUSR2: [libjvm.so+0x90b780], sa_mask[0]=00100000000000000000000000000000, sa_flags=SA_RESTART|SA_SIGINFO
SIGHUP: [libjvm.so+0x90bda0], sa_mask[0]=11111111011111111101111111111110, sa_flags=SA_RESTART|SA_SIGINFO
SIGINT: [libjvm.so+0x90bda0], sa_mask[0]=11111111011111111101111111111110, sa_flags=SA_RESTART|SA_SIGINFO
SIGTERM: [libjvm.so+0x90bda0], sa_mask[0]=11111111011111111101111111111110, sa_flags=SA_RESTART|SA_SIGINFO
SIGQUIT: [libjvm.so+0x90bda0], sa_mask[0]=11111111011111111101111111111110, sa_flags=SA_RESTART|SA_SIGINFO


---------------  S Y S T E M  ---------------

OS:DISTRIB_ID=Ubuntu
DISTRIB_RELEASE=18.04
DISTRIB_CODENAME=bionic
DISTRIB_DESCRIPTION="Ubuntu 18.04.3 LTS"

uname:Linux 5.0.0-37-generic #40~18.04.1-Ubuntu SMP Thu Nov 14 12:06:39 UTC 2019 x86_64
libc:glibc 2.27 NPTL 2.27 
rlimit: STACK 8192k, CORE 0k, NPROC 31349, NOFILE 4096, AS infinity
load average:0,66 0,58 0,64

/proc/meminfo:
MemTotal:        8073720 kB
MemFree:          142012 kB
MemAvailable:    2141104 kB
Buffers:          717740 kB
Cached:          1738480 kB
SwapCached:          408 kB
Active:          5903272 kB
Inactive:        1500844 kB
Active(anon):    4478284 kB
Inactive(anon):   870844 kB
Active(file):    1424988 kB
Inactive(file):   630000 kB
Unevictable:       42088 kB
Mlocked:              96 kB
SwapTotal:       3905532 kB
SwapFree:        3903484 kB
Dirty:               144 kB
Writeback:             0 kB
AnonPages:       4989516 kB
Mapped:           727104 kB
Shmem:            401448 kB
KReclaimable:     248884 kB
Slab:             313992 kB
SReclaimable:     248884 kB
SUnreclaim:        65108 kB
KernelStack:       16784 kB
PageTables:        62700 kB
NFS_Unstable:          0 kB
Bounce:                0 kB
WritebackTmp:          0 kB
CommitLimit:     7942392 kB
Committed_AS:   11038796 kB
VmallocTotal:   34359738367 kB
VmallocUsed:           0 kB
VmallocChunk:          0 kB
Percpu:             1408 kB
HardwareCorrupted:     0 kB
AnonHugePages:         0 kB
ShmemHugePages:        0 kB
ShmemPmdMapped:        0 kB
CmaTotal:              0 kB
CmaFree:               0 kB
HugePages_Total:       0
HugePages_Free:        0
HugePages_Rsvd:        0
HugePages_Surp:        0
Hugepagesize:       2048 kB
Hugetlb:               0 kB
DirectMap4k:      252508 kB
DirectMap2M:     8044544 kB
DirectMap1G:           0 kB

container (cgroup) information:
container_type: cgroupv1
cpu_cpuset_cpus: 0-3
cpu_memory_nodes: 0
active_processor_count: 4
cpu_quota: -1
cpu_period: 100000
cpu_shares: -1
memory_limit_in_bytes: -1
memory_and_swap_limit_in_bytes: -2
memory_soft_limit_in_bytes: -1
memory_usage_in_bytes: 7624634368
memory_max_usage_in_bytes: 353300480


CPU:total 4 (initial active 4) (2 cores per cpu, 2 threads per core) family 6 model 61 stepping 4, cmov, cx8, fxsr, mmx, sse, sse2, sse3, ssse3, sse4.1, sse4.2, popcnt, avx, avx2, aes, clmul, erms, 3dnowpref, lzcnt, ht, tsc, tscinvbit, bmi1, bmi2, adx

/proc/cpuinfo:
processor	: 0
vendor_id	: GenuineIntel
cpu family	: 6
model		: 61
model name	: Intel(R) Core(TM) i5-5200U CPU @ 2.20GHz
stepping	: 4
microcode	: 0x2e
cpu MHz		: 2494.241
cache size	: 3072 KB
physical id	: 0
siblings	: 4
core id		: 0
cpu cores	: 2
apicid		: 0
initial apicid	: 0
fpu		: yes
fpu_exception	: yes
cpuid level	: 20
wp		: yes
flags		: fpu vme de pse tsc msr pae mce cx8 apic sep mtrr pge mca cmov pat pse36 clflush dts acpi mmx fxsr sse sse2 ss ht tm pbe syscall nx pdpe1gb rdtscp lm constant_tsc arch_perfmon pebs bts rep_good nopl xtopology nonstop_tsc cpuid aperfmperf pni pclmulqdq dtes64 monitor ds_cpl vmx est tm2 ssse3 sdbg fma cx16 xtpr pdcm pcid sse4_1 sse4_2 x2apic movbe popcnt tsc_deadline_timer aes xsave avx f16c rdrand lahf_lm abm 3dnowprefetch cpuid_fault epb invpcid_single pti ssbd ibrs ibpb stibp tpr_shadow vnmi flexpriority ept vpid ept_ad fsgsbase tsc_adjust bmi1 avx2 smep bmi2 erms invpcid rdseed adx smap intel_pt xsaveopt dtherm ida arat pln pts md_clear flush_l1d
bugs		: cpu_meltdown spectre_v1 spectre_v2 spec_store_bypass l1tf mds swapgs itlb_multihit
bogomips	: 4389.84
clflush size	: 64
cache_alignment	: 64
address sizes	: 39 bits physical, 48 bits virtual
power management:

processor	: 1
vendor_id	: GenuineIntel
cpu family	: 6
model		: 61
model name	: Intel(R) Core(TM) i5-5200U CPU @ 2.20GHz
stepping	: 4
microcode	: 0x2e
cpu MHz		: 2500.030
cache size	: 3072 KB
physical id	: 0
siblings	: 4
core id		: 1
cpu cores	: 2
apicid		: 2
initial apicid	: 2
fpu		: yes
fpu_exception	: yes
cpuid level	: 20
wp		: yes
flags		: fpu vme de pse tsc msr pae mce cx8 apic sep mtrr pge mca cmov pat pse36 clflush dts acpi mmx fxsr sse sse2 ss ht tm pbe syscall nx pdpe1gb rdtscp lm constant_tsc arch_perfmon pebs bts rep_good nopl xtopology nonstop_tsc cpuid aperfmperf pni pclmulqdq dtes64 monitor ds_cpl vmx est tm2 ssse3 sdbg fma cx16 xtpr pdcm pcid sse4_1 sse4_2 x2apic movbe popcnt tsc_deadline_timer aes xsave avx f16c rdrand lahf_lm abm 3dnowprefetch cpuid_fault epb invpcid_single pti ssbd ibrs ibpb stibp tpr_shadow vnmi flexpriority ept vpid ept_ad fsgsbase tsc_adjust bmi1 avx2 smep bmi2 erms invpcid rdseed adx smap intel_pt xsaveopt dtherm ida arat pln pts md_clear flush_l1d
bugs		: cpu_meltdown spectre_v1 spectre_v2 spec_store_bypass l1tf mds swapgs itlb_multihit
bogomips	: 4389.84
clflush size	: 64
cache_alignment	: 64
address sizes	: 39 bits physical, 48 bits virtual
power management:

processor	: 2
vendor_id	: GenuineIntel
cpu family	: 6
model		: 61
model name	: Intel(R) Core(TM) i5-5200U CPU @ 2.20GHz
stepping	: 4
microcode	: 0x2e
cpu MHz		: 2494.235
cache size	: 3072 KB
physical id	: 0
siblings	: 4
core id		: 0
cpu cores	: 2
apicid		: 1
initial apicid	: 1
fpu		: yes
fpu_exception	: yes
cpuid level	: 20
wp		: yes
flags		: fpu vme de pse tsc msr pae mce cx8 apic sep mtrr pge mca cmov pat pse36 clflush dts acpi mmx fxsr sse sse2 ss ht tm pbe syscall nx pdpe1gb rdtscp lm constant_tsc arch_perfmon pebs bts rep_good nopl xtopology nonstop_tsc cpuid aperfmperf pni pclmulqdq dtes64 monitor ds_cpl vmx est tm2 ssse3 sdbg fma cx16 xtpr pdcm pcid sse4_1 sse4_2 x2apic movbe popcnt tsc_deadline_timer aes xsave avx f16c rdrand lahf_lm abm 3dnowprefetch cpuid_fault epb invpcid_single pti ssbd ibrs ibpb stibp tpr_shadow vnmi flexpriority ept vpid ept_ad fsgsbase tsc_adjust bmi1 avx2 smep bmi2 erms invpcid rdseed adx smap intel_pt xsaveopt dtherm ida arat pln pts md_clear flush_l1d
bugs		: cpu_meltdown spectre_v1 spectre_v2 spec_store_bypass l1tf mds swapgs itlb_multihit
bogomips	: 4389.84
clflush size	: 64
cache_alignment	: 64
address sizes	: 39 bits physical, 48 bits virtual
power management:

processor	: 3
vendor_id	: GenuineIntel
cpu family	: 6
model		: 61
model name	: Intel(R) Core(TM) i5-5200U CPU @ 2.20GHz
stepping	: 4
microcode	: 0x2e
cpu MHz		: 2581.964
cache size	: 3072 KB
physical id	: 0
siblings	: 4
core id		: 1
cpu cores	: 2
apicid		: 3
initial apicid	: 3
fpu		: yes
fpu_exception	: yes
cpuid level	: 20
wp		: yes
flags		: fpu vme de pse tsc msr pae mce cx8 apic sep mtrr pge mca cmov pat pse36 clflush dts acpi mmx fxsr sse sse2 ss ht tm pbe syscall nx pdpe1gb rdtscp lm constant_tsc arch_perfmon pebs bts rep_good nopl xtopology nonstop_tsc cpuid aperfmperf pni pclmulqdq dtes64 monitor ds_cpl vmx est tm2 ssse3 sdbg fma cx16 xtpr pdcm pcid sse4_1 sse4_2 x2apic movbe popcnt tsc_deadline_timer aes xsave avx f16c rdrand lahf_lm abm 3dnowprefetch cpuid_fault epb invpcid_single pti ssbd ibrs ibpb stibp tpr_shadow vnmi flexpriority ept vpid ept_ad fsgsbase tsc_adjust bmi1 avx2 smep bmi2 erms invpcid rdseed adx smap intel_pt xsaveopt dtherm ida arat pln pts md_clear flush_l1d
bugs		: cpu_meltdown spectre_v1 spectre_v2 spec_store_bypass l1tf mds swapgs itlb_multihit
bogomips	: 4389.84
clflush size	: 64
cache_alignment	: 64
address sizes	: 39 bits physical, 48 bits virtual
power management:



Memory: 4k page, physical 8073720k(142012k free), swap 3905532k(3903484k free)

vm_info: Java HotSpot(TM) 64-Bit Server VM (25.221-b11) for linux-amd64 JRE (1.8.0_221-b11), built on Jul  4 2019 04:27:00 by "java_re" with gcc 7.3.0

time: Sat Dec  7 18:38:22 2019
timezone: -03
elapsed time: 2 seconds (0d 0h 0m 2s)

